<resultados>
	<mundos>
		<mundo nombre="mundo_0">
			<linea fila="17" compresionDeCeros="true">(6) 1 1 1 1 1 1 1 1 1 1 1 1 1 1 1 1 1 1 1 </linea>
			<linea fila="16" compresionDeCeros="true">(6) 1 (24) 1 </linea>
			<linea fila="15" compresionDeCeros="true">(6) 1 (12) 1 1 1 1 1 1 1 1 (24) 1 </linea>
			<linea fila="14" compresionDeCeros="true">(6) 1 (11) 1 1 1 1 1 1 1 1 1 1 1 (24) 1 </linea>
			<linea fila="13" compresionDeCeros="true">(6) 1 (11) 1 1 1 1 1 1 1 1 1 1 1 (24) 1 </linea>
			<linea fila="12" compresionDeCeros="true">(6) 1 (11) 1 1 1 1 1 1 1 1 1 1 1 (24) 1 </linea>
			<linea fila="11" compresionDeCeros="true">(6) 1 (11) 1 1 1 1 1 1 1 1 1 1 1 (24) 1 </linea>
			<linea fila="10" compresionDeCeros="true">(6) 1 (11) 1 1 1 1 1 1 1 1 1 1 1 (24) 1 </linea>
			<linea fila="9" compresionDeCeros="true">(6) 1 (11) 1 1 1 1 1 1 1 1 1 1 1 (24) 1 </linea>
			<linea fila="8" compresionDeCeros="true">(6) 1 (11) 1 1 1 1 1 1 1 1 1 1 1 (24) 1 </linea>
			<linea fila="7" compresionDeCeros="true">(6) 1 (11) 1 1 1 1 1 1 1 1 1 1 1 (24) 1 </linea>
			<linea fila="6" compresionDeCeros="true">(6) 1 (11) 1 1 1 1 1 1 1 1 1 1 1 (24) 1 </linea>
			<linea fila="5" compresionDeCeros="true">(6) 1 (12) 1 1 1 1 1 1 1 1 1 (24) 1 </linea>
			<linea fila="4" compresionDeCeros="true">(6) 1 (24) 1 </linea>
			<linea fila="3" compresionDeCeros="true">(6) 1 1 1 1 1 1 1 1 1 1 1 1 1 1 1 1 1 1 1 </linea>
		</mundo>
	</mundos>
	<programas>
		<programa nombre="p1" resultadoEjecucion="FIN PROGRAMA"/>
	</programas>
</resultados>

