<resultados>
	<mundos>
		<mundo nombre="mundo_0">
			<linea fila="17" compresionDeCeros="true">(1) 1 1 1 1 1 1 1 1 1 1 1 1 1 1 1 1 1 1 1 1 1 1 1 1 1 1 1 1 1 </linea>
			<linea fila="16" compresionDeCeros="true">(1) 1 1 1 1 1 1 1 1 1 1 1 1 1 1 1 1 1 1 1 1 1 1 (29) 1 </linea>
			<linea fila="15" compresionDeCeros="true">(1) 1 1 1 1 1 1 1 1 1 1 1 1 1 1 1 1 1 1 1 1 1 1 1 (29) 1 </linea>
			<linea fila="14" compresionDeCeros="true">(1) 1 1 (22) 1 1 (29) 1 </linea>
			<linea fila="13" compresionDeCeros="true">(1) 1 1 (4) 1 1 1 1 1 (10) 1 1 (13) 1 1 1 1 1 (19) 1 1 1 1 (29) 1 </linea>
			<linea fila="12" compresionDeCeros="true">(1) 1 1 (4) 1 1 1 1 1 (10) 1 1 (13) 1 1 1 1 1 1 1 1 1 1 1 1 1 1 1 1 1 </linea>
			<linea fila="11" compresionDeCeros="true">(1) 1 1 (4) 1 1 (7) 1 1 (10) 1 1 (13) 1 1 (16) 1 1 1 1 1 1 1 (24) 1 (29) 1 </linea>
			<linea fila="10" compresionDeCeros="true">(1) 1 1 (4) 1 1 (7) 1 1 1 1 1 (13) 1 1 (16) 1 1 1 1 1 1 1 (24) 1 (29) 1 </linea>
			<linea fila="9" compresionDeCeros="true">(1) 1 1 (4) 1 1 (7) 1 1 1 1 1 (13) 1 1 (16) 1 1 1 1 1 1 1 1 1 (29) 1 </linea>
			<linea fila="8" compresionDeCeros="true">(1) 1 1 (4) 1 1 (7) 1 1 (10) 1 1 (13) 1 1 (16) 1 1 1 1 1 1 1 (24) 1 (29) 1 </linea>
			<linea fila="7" compresionDeCeros="true">(1) 1 1 (4) 1 1 (7) 1 1 (10) 1 1 (13) 1 1 (16) 1 1 1 1 1 1 1 (24) 1 (29) 1 </linea>
			<linea fila="6" compresionDeCeros="true">(1) 1 1 (4) 1 1 (7) 1 1 (10) 1 1 1 1 1 (16) 1 1 1 1 1 1 1 (24) 1 (29) 1 </linea>
			<linea fila="5" compresionDeCeros="true">(1) 1 1 (4) 1 1 1 1 1 (10) 1 1 1 1 1 (16) 1 1 1 1 1 1 1 (24) 1 (29) 1 </linea>
			<linea fila="4" compresionDeCeros="true">(1) 1 1 (4) 1 1 1 1 1 (10) 1 1 (13) 1 1 (16) 1 1 1 1 1 (22) 1 1 1 (29) 1 </linea>
			<linea fila="3" compresionDeCeros="true">(1) 1 1 (4) 1 1 (7) 1 1 (10) 1 1 (13) 1 1 (16) 1 1 1 1 1 (22) 1 1 1 (29) 1 </linea>
			<linea fila="2" compresionDeCeros="true">(1) 1 1 1 1 1 1 1 1 1 1 1 1 1 1 1 1 1 1 1 1 1 1 1 1 (29) 1 </linea>
			<linea fila="1" compresionDeCeros="true">(1) 1 1 1 1 1 1 1 1 1 1 1 1 1 1 1 1 1 1 1 1 1 1 1 1 1 1 1 1 1 </linea>
		</mundo>
	</mundos>
	<programas>
		<programa nombre="p1" resultadoEjecucion="FIN PROGRAMA"/>
	</programas>
</resultados>

