<resultados>
	<mundos>
		<mundo nombre="mundo_0">
			<linea fila="13" compresionDeCeros="true">(1) 17 17 17 17 17 17 17 17 17 17 17 17 17 </linea>
			<linea fila="12" compresionDeCeros="true">(1) 17 13 13 13 13 13 13 13 13 13 13 13 17 </linea>
			<linea fila="11" compresionDeCeros="true">(1) 17 13 11 11 11 11 11 11 11 11 11 13 17 </linea>
			<linea fila="10" compresionDeCeros="true">(1) 17 13 11 7 7 7 7 7 7 7 11 13 17 </linea>
			<linea fila="9" compresionDeCeros="true">(1) 17 13 11 7 5 5 5 5 5 7 11 13 17 </linea>
			<linea fila="8" compresionDeCeros="true">(1) 17 13 11 7 5 3 3 3 5 7 11 13 17 </linea>
			<linea fila="7" compresionDeCeros="true">(1) 17 13 11 7 5 3 2 3 5 7 11 13 17 </linea>
			<linea fila="6" compresionDeCeros="true">(1) 17 13 11 7 5 3 3 3 5 7 11 13 17 </linea>
			<linea fila="5" compresionDeCeros="true">(1) 17 13 11 7 5 5 5 5 5 7 11 13 17 </linea>
			<linea fila="4" compresionDeCeros="true">(1) 17 13 11 7 7 7 7 7 7 7 11 13 17 </linea>
			<linea fila="3" compresionDeCeros="true">(1) 17 13 11 11 11 11 11 11 11 11 11 13 17 </linea>
			<linea fila="2" compresionDeCeros="true">(1) 17 13 13 13 13 13 13 13 13 13 13 13 17 </linea>
			<linea fila="1" compresionDeCeros="true">(1) 17 17 17 17 17 17 17 17 17 17 17 17 17 </linea>
		</mundo>
	</mundos>
	<programas>
		<programa nombre="p1" resultadoEjecucion="FIN PROGRAMA"/>
	</programas>
</resultados>

