<resultados>
	<mundos>
		<mundo nombre="mundo_0">
			<linea fila="49" compresionDeCeros="true">(1) 12 12 12 12 12 12 12 12 12 12 12 12 12 12 12 12 12 12 12 12 12 12 12 12 12 12 12 12 12 12 12 12 12 12 12 12 12 12 12 12 12 12 12 12 12 12 12 12 12 </linea>
			<linea fila="48" compresionDeCeros="true">(1) 12 71 71 71 71 71 71 71 71 71 71 71 71 71 71 71 71 71 71 71 71 71 71 71 71 71 71 71 71 71 71 71 71 71 71 71 71 71 71 71 71 71 71 71 71 71 71 71 12 </linea>
			<linea fila="47" compresionDeCeros="true">(1) 12 71 82 82 82 82 82 82 82 82 82 82 82 82 82 82 82 82 82 82 82 82 82 82 82 82 82 82 82 82 82 82 82 82 82 82 82 82 82 82 82 82 82 82 82 82 82 71 12 </linea>
			<linea fila="46" compresionDeCeros="true">(1) 12 71 82 18 18 18 18 18 18 18 18 18 18 18 18 18 18 18 18 18 18 18 18 18 18 18 18 18 18 18 18 18 18 18 18 18 18 18 18 18 18 18 18 18 18 18 82 71 12 </linea>
			<linea fila="45" compresionDeCeros="true">(1) 12 71 82 18 85 85 85 85 85 85 85 85 85 85 85 85 85 85 85 85 85 85 85 85 85 85 85 85 85 85 85 85 85 85 85 85 85 85 85 85 85 85 85 85 85 18 82 71 12 </linea>
			<linea fila="44" compresionDeCeros="true">(1) 12 71 82 18 85 85 85 85 85 85 85 85 85 85 85 85 85 85 85 85 85 85 85 85 85 85 85 85 85 85 85 85 85 85 85 85 85 85 85 85 85 85 85 85 85 18 82 71 12 </linea>
			<linea fila="43" compresionDeCeros="true">(1) 12 71 82 18 85 85 6 6 6 6 6 6 6 6 6 6 6 6 6 6 6 6 6 6 6 6 6 6 6 6 6 6 6 6 6 6 6 6 6 6 6 6 6 85 85 18 82 71 12 </linea>
			<linea fila="42" compresionDeCeros="true">(1) 12 71 82 18 85 85 6 88 88 88 88 88 88 88 88 88 88 88 88 88 88 88 88 88 88 88 88 88 88 88 88 88 88 88 88 88 88 88 88 88 88 88 6 85 85 18 82 71 12 </linea>
			<linea fila="41" compresionDeCeros="true">(1) 12 71 82 18 85 85 6 88 45 45 45 45 45 45 45 45 45 45 45 45 45 45 45 45 45 45 45 45 45 45 45 45 45 45 45 45 45 45 45 45 45 88 6 85 85 18 82 71 12 </linea>
			<linea fila="40" compresionDeCeros="true">(1) 12 71 82 18 85 85 6 88 45 51 51 51 51 51 51 51 51 51 51 51 51 51 51 51 51 51 51 51 51 51 51 51 51 51 51 51 51 51 51 51 45 88 6 85 85 18 82 71 12 </linea>
			<linea fila="39" compresionDeCeros="true">(1) 12 71 82 18 85 85 6 88 45 51 8 8 8 8 8 8 8 8 8 8 8 8 8 8 8 8 8 8 8 8 8 8 8 8 8 8 8 8 8 51 45 88 6 85 85 18 82 71 12 </linea>
			<linea fila="38" compresionDeCeros="true">(1) 12 71 82 18 85 85 6 88 45 51 8 81 81 81 81 81 81 81 81 81 81 81 81 81 81 81 81 81 81 81 81 81 81 81 81 81 81 81 8 51 45 88 6 85 85 18 82 71 12 </linea>
			<linea fila="37" compresionDeCeros="true">(1) 12 71 82 18 85 85 6 88 45 51 8 81 32 32 32 32 32 32 32 32 32 32 32 32 32 32 32 32 32 32 32 32 32 32 32 32 32 81 8 51 45 88 6 85 85 18 82 71 12 </linea>
			<linea fila="36" compresionDeCeros="true">(1) 12 71 82 18 85 85 6 88 45 51 8 81 32 45 45 45 45 45 45 45 45 45 45 45 45 45 45 45 45 45 45 45 45 45 45 45 32 81 8 51 45 88 6 85 85 18 82 71 12 </linea>
			<linea fila="35" compresionDeCeros="true">(1) 12 71 82 18 85 85 6 88 45 51 8 81 32 45 90 90 90 90 90 90 90 90 90 90 90 90 90 90 90 90 90 90 90 90 90 45 32 81 8 51 45 88 6 85 85 18 82 71 12 </linea>
			<linea fila="34" compresionDeCeros="true">(1) 12 71 82 18 85 85 6 88 45 51 8 81 32 45 90 25 25 25 25 25 25 25 25 25 25 25 25 25 25 25 25 25 25 25 90 45 32 81 8 51 45 88 6 85 85 18 82 71 12 </linea>
			<linea fila="33" compresionDeCeros="true">(1) 12 71 82 18 85 85 6 88 45 51 8 81 32 45 90 25 18 18 18 18 18 18 18 18 18 18 18 18 18 18 18 18 18 25 90 45 32 81 8 51 45 88 6 85 85 18 82 71 12 </linea>
			<linea fila="32" compresionDeCeros="true">(1) 12 71 82 18 85 85 6 88 45 51 8 81 32 45 90 25 18 9 9 9 9 9 9 9 9 9 9 9 9 9 9 9 18 25 90 45 32 81 8 51 45 88 6 85 85 18 82 71 12 </linea>
			<linea fila="31" compresionDeCeros="true">(1) 12 71 82 18 85 85 6 88 45 51 8 81 32 45 90 25 18 9 2 2 2 2 2 2 2 2 2 2 2 2 2 9 18 25 90 45 32 81 8 51 45 88 6 85 85 18 82 71 12 </linea>
			<linea fila="30" compresionDeCeros="true">(1) 12 71 82 18 85 85 6 88 45 51 8 81 32 45 90 25 18 9 2 74 74 74 74 74 74 74 74 74 74 74 2 9 18 25 90 45 32 81 8 51 45 88 6 85 85 18 82 71 12 </linea>
			<linea fila="29" compresionDeCeros="true">(1) 12 71 82 18 85 85 6 88 45 51 8 81 32 45 90 25 18 9 2 74 62 62 62 62 62 62 62 62 62 74 2 9 18 25 90 45 32 81 8 51 45 88 6 85 85 18 82 71 12 </linea>
			<linea fila="28" compresionDeCeros="true">(1) 12 71 82 18 85 85 6 88 45 51 8 81 32 45 90 25 18 9 2 74 62 76 76 76 76 76 76 76 62 74 2 9 18 25 90 45 32 81 8 51 45 88 6 85 85 18 82 71 12 </linea>
			<linea fila="27" compresionDeCeros="true">(1) 12 71 82 18 85 85 6 88 45 51 8 81 32 45 90 25 18 9 2 74 62 76 13 13 13 13 13 76 62 74 2 9 18 25 90 45 32 81 8 51 45 88 6 85 85 18 82 71 12 </linea>
			<linea fila="26" compresionDeCeros="true">(1) 12 71 82 18 85 85 6 88 45 51 8 81 32 45 90 25 18 9 2 74 62 76 13 48 48 48 13 76 62 74 2 9 18 25 90 45 32 81 8 51 45 88 6 85 85 18 82 71 12 </linea>
			<linea fila="25" compresionDeCeros="true">(1) 12 71 82 18 85 85 6 88 45 51 8 81 32 45 90 25 18 9 2 74 62 76 13 48 85 48 13 76 62 74 2 9 18 25 90 45 32 81 8 51 45 88 6 85 85 18 82 71 12 </linea>
			<linea fila="24" compresionDeCeros="true">(1) 12 71 82 18 85 85 6 88 45 51 8 81 32 45 90 25 18 9 2 74 62 76 13 48 48 48 13 76 62 74 2 9 18 25 90 45 32 81 8 51 45 88 6 85 85 18 82 71 12 </linea>
			<linea fila="23" compresionDeCeros="true">(1) 12 71 82 18 85 85 6 88 45 51 8 81 32 45 90 25 18 9 2 74 62 76 13 13 13 13 13 76 62 74 2 9 18 25 90 45 32 81 8 51 45 88 6 85 85 18 82 71 12 </linea>
			<linea fila="22" compresionDeCeros="true">(1) 12 71 82 18 85 85 6 88 45 51 8 81 32 45 90 25 18 9 2 74 62 76 76 76 76 76 76 76 62 74 2 9 18 25 90 45 32 81 8 51 45 88 6 85 85 18 82 71 12 </linea>
			<linea fila="21" compresionDeCeros="true">(1) 12 71 82 18 85 85 6 88 45 51 8 81 32 45 90 25 18 9 2 74 62 62 62 62 62 62 62 62 62 74 2 9 18 25 90 45 32 81 8 51 45 88 6 85 85 18 82 71 12 </linea>
			<linea fila="20" compresionDeCeros="true">(1) 12 71 82 18 85 85 6 88 45 51 8 81 32 45 90 25 18 9 2 74 74 74 74 74 74 74 74 74 74 74 2 9 18 25 90 45 32 81 8 51 45 88 6 85 85 18 82 71 12 </linea>
			<linea fila="19" compresionDeCeros="true">(1) 12 71 82 18 85 85 6 88 45 51 8 81 32 45 90 25 18 9 2 2 2 2 2 2 2 2 2 2 2 2 2 9 18 25 90 45 32 81 8 51 45 88 6 85 85 18 82 71 12 </linea>
			<linea fila="18" compresionDeCeros="true">(1) 12 71 82 18 85 85 6 88 45 51 8 81 32 45 90 25 18 9 9 9 9 9 9 9 9 9 9 9 9 9 9 9 18 25 90 45 32 81 8 51 45 88 6 85 85 18 82 71 12 </linea>
			<linea fila="17" compresionDeCeros="true">(1) 12 71 82 18 85 85 6 88 45 51 8 81 32 45 90 25 18 18 18 18 18 18 18 18 18 18 18 18 18 18 18 18 18 25 90 45 32 81 8 51 45 88 6 85 85 18 82 71 12 </linea>
			<linea fila="16" compresionDeCeros="true">(1) 12 71 82 18 85 85 6 88 45 51 8 81 32 45 90 25 25 25 25 25 25 25 25 25 25 25 25 25 25 25 25 25 25 25 90 45 32 81 8 51 45 88 6 85 85 18 82 71 12 </linea>
			<linea fila="15" compresionDeCeros="true">(1) 12 71 82 18 85 85 6 88 45 51 8 81 32 45 90 90 90 90 90 90 90 90 90 90 90 90 90 90 90 90 90 90 90 90 90 45 32 81 8 51 45 88 6 85 85 18 82 71 12 </linea>
			<linea fila="14" compresionDeCeros="true">(1) 12 71 82 18 85 85 6 88 45 51 8 81 32 45 45 45 45 45 45 45 45 45 45 45 45 45 45 45 45 45 45 45 45 45 45 45 32 81 8 51 45 88 6 85 85 18 82 71 12 </linea>
			<linea fila="13" compresionDeCeros="true">(1) 12 71 82 18 85 85 6 88 45 51 8 81 32 32 32 32 32 32 32 32 32 32 32 32 32 32 32 32 32 32 32 32 32 32 32 32 32 81 8 51 45 88 6 85 85 18 82 71 12 </linea>
			<linea fila="12" compresionDeCeros="true">(1) 12 71 82 18 85 85 6 88 45 51 8 81 81 81 81 81 81 81 81 81 81 81 81 81 81 81 81 81 81 81 81 81 81 81 81 81 81 81 8 51 45 88 6 85 85 18 82 71 12 </linea>
			<linea fila="11" compresionDeCeros="true">(1) 12 71 82 18 85 85 6 88 45 51 8 8 8 8 8 8 8 8 8 8 8 8 8 8 8 8 8 8 8 8 8 8 8 8 8 8 8 8 8 51 45 88 6 85 85 18 82 71 12 </linea>
			<linea fila="10" compresionDeCeros="true">(1) 12 71 82 18 85 85 6 88 45 51 51 51 51 51 51 51 51 51 51 51 51 51 51 51 51 51 51 51 51 51 51 51 51 51 51 51 51 51 51 51 45 88 6 85 85 18 82 71 12 </linea>
			<linea fila="9" compresionDeCeros="true">(1) 12 71 82 18 85 85 6 88 45 45 45 45 45 45 45 45 45 45 45 45 45 45 45 45 45 45 45 45 45 45 45 45 45 45 45 45 45 45 45 45 45 88 6 85 85 18 82 71 12 </linea>
			<linea fila="8" compresionDeCeros="true">(1) 12 71 82 18 85 85 6 88 88 88 88 88 88 88 88 88 88 88 88 88 88 88 88 88 88 88 88 88 88 88 88 88 88 88 88 88 88 88 88 88 88 88 6 85 85 18 82 71 12 </linea>
			<linea fila="7" compresionDeCeros="true">(1) 12 71 82 18 85 85 6 6 6 6 6 6 6 6 6 6 6 6 6 6 6 6 6 6 6 6 6 6 6 6 6 6 6 6 6 6 6 6 6 6 6 6 6 85 85 18 82 71 12 </linea>
			<linea fila="6" compresionDeCeros="true">(1) 12 71 82 18 85 85 85 85 85 85 85 85 85 85 85 85 85 85 85 85 85 85 85 85 85 85 85 85 85 85 85 85 85 85 85 85 85 85 85 85 85 85 85 85 85 18 82 71 12 </linea>
			<linea fila="5" compresionDeCeros="true">(1) 12 71 82 18 85 85 85 85 85 85 85 85 85 85 85 85 85 85 85 85 85 85 85 85 85 85 85 85 85 85 85 85 85 85 85 85 85 85 85 85 85 85 85 85 85 18 82 71 12 </linea>
			<linea fila="4" compresionDeCeros="true">(1) 12 71 82 18 18 18 18 18 18 18 18 18 18 18 18 18 18 18 18 18 18 18 18 18 18 18 18 18 18 18 18 18 18 18 18 18 18 18 18 18 18 18 18 18 18 18 82 71 12 </linea>
			<linea fila="3" compresionDeCeros="true">(1) 12 71 82 82 82 82 82 82 82 82 82 82 82 82 82 82 82 82 82 82 82 82 82 82 82 82 82 82 82 82 82 82 82 82 82 82 82 82 82 82 82 82 82 82 82 82 82 71 12 </linea>
			<linea fila="2" compresionDeCeros="true">(1) 12 71 71 71 71 71 71 71 71 71 71 71 71 71 71 71 71 71 71 71 71 71 71 71 71 71 71 71 71 71 71 71 71 71 71 71 71 71 71 71 71 71 71 71 71 71 71 71 12 </linea>
			<linea fila="1" compresionDeCeros="true">(1) 12 12 12 12 12 12 12 12 12 12 12 12 12 12 12 12 12 12 12 12 12 12 12 12 12 12 12 12 12 12 12 12 12 12 12 12 12 12 12 12 12 12 12 12 12 12 12 12 12 </linea>
		</mundo>
	</mundos>
	<programas>
		<programa nombre="p1" resultadoEjecucion="FIN PROGRAMA"/>
	</programas>
</resultados>

