<resultados>
	<mundos>
		<mundo nombre="mundo_0">
			<linea fila="27" compresionDeCeros="true">(1) 58 58 58 58 58 58 58 58 58 58 58 58 58 58 58 58 58 58 58 58 58 58 58 58 58 58 58 </linea>
			<linea fila="26" compresionDeCeros="true">(1) 58 58 58 58 58 58 58 58 58 58 58 58 58 58 58 58 58 58 58 58 58 58 58 58 58 58 58 </linea>
			<linea fila="25" compresionDeCeros="true">(1) 58 58 21 21 21 21 21 21 21 21 21 21 21 21 21 21 21 21 21 21 21 21 21 21 21 58 58 </linea>
			<linea fila="24" compresionDeCeros="true">(1) 58 58 21 37 37 37 37 37 37 37 37 37 37 37 37 37 37 37 37 37 37 37 37 37 21 58 58 </linea>
			<linea fila="23" compresionDeCeros="true">(1) 58 58 21 37 22 22 22 22 22 22 22 22 22 22 22 22 22 22 22 22 22 22 22 37 21 58 58 </linea>
			<linea fila="22" compresionDeCeros="true">(1) 58 58 21 37 22 35 35 35 35 35 35 35 35 35 35 35 35 35 35 35 35 35 22 37 21 58 58 </linea>
			<linea fila="21" compresionDeCeros="true">(1) 58 58 21 37 22 35 22 22 22 22 22 22 22 22 22 22 22 22 22 22 22 35 22 37 21 58 58 </linea>
			<linea fila="20" compresionDeCeros="true">(1) 58 58 21 37 22 35 22 33 33 33 33 33 33 33 33 33 33 33 33 33 22 35 22 37 21 58 58 </linea>
			<linea fila="19" compresionDeCeros="true">(1) 58 58 21 37 22 35 22 33 82 82 82 82 82 82 82 82 82 82 82 33 22 35 22 37 21 58 58 </linea>
			<linea fila="18" compresionDeCeros="true">(1) 58 58 21 37 22 35 22 33 82 68 68 68 68 68 68 68 68 68 82 33 22 35 22 37 21 58 58 </linea>
			<linea fila="17" compresionDeCeros="true">(1) 58 58 21 37 22 35 22 33 82 68 26 26 26 26 26 26 26 68 82 33 22 35 22 37 21 58 58 </linea>
			<linea fila="16" compresionDeCeros="true">(1) 58 58 21 37 22 35 22 33 82 68 26 56 56 56 56 56 26 68 82 33 22 35 22 37 21 58 58 </linea>
			<linea fila="15" compresionDeCeros="true">(1) 58 58 21 37 22 35 22 33 82 68 26 56 35 35 35 56 26 68 82 33 22 35 22 37 21 58 58 </linea>
			<linea fila="14" compresionDeCeros="true">(1) 58 58 21 37 22 35 22 33 82 68 26 56 35 1 35 56 26 68 82 33 22 35 22 37 21 58 58 </linea>
			<linea fila="13" compresionDeCeros="true">(1) 58 58 21 37 22 35 22 33 82 68 26 56 35 35 35 56 26 68 82 33 22 35 22 37 21 58 58 </linea>
			<linea fila="12" compresionDeCeros="true">(1) 58 58 21 37 22 35 22 33 82 68 26 56 56 56 56 56 26 68 82 33 22 35 22 37 21 58 58 </linea>
			<linea fila="11" compresionDeCeros="true">(1) 58 58 21 37 22 35 22 33 82 68 26 26 26 26 26 26 26 68 82 33 22 35 22 37 21 58 58 </linea>
			<linea fila="10" compresionDeCeros="true">(1) 58 58 21 37 22 35 22 33 82 68 68 68 68 68 68 68 68 68 82 33 22 35 22 37 21 58 58 </linea>
			<linea fila="9" compresionDeCeros="true">(1) 58 58 21 37 22 35 22 33 82 82 82 82 82 82 82 82 82 82 82 33 22 35 22 37 21 58 58 </linea>
			<linea fila="8" compresionDeCeros="true">(1) 58 58 21 37 22 35 22 33 33 33 33 33 33 33 33 33 33 33 33 33 22 35 22 37 21 58 58 </linea>
			<linea fila="7" compresionDeCeros="true">(1) 58 58 21 37 22 35 22 22 22 22 22 22 22 22 22 22 22 22 22 22 22 35 22 37 21 58 58 </linea>
			<linea fila="6" compresionDeCeros="true">(1) 58 58 21 37 22 35 35 35 35 35 35 35 35 35 35 35 35 35 35 35 35 35 22 37 21 58 58 </linea>
			<linea fila="5" compresionDeCeros="true">(1) 58 58 21 37 22 22 22 22 22 22 22 22 22 22 22 22 22 22 22 22 22 22 22 37 21 58 58 </linea>
			<linea fila="4" compresionDeCeros="true">(1) 58 58 21 37 37 37 37 37 37 37 37 37 37 37 37 37 37 37 37 37 37 37 37 37 21 58 58 </linea>
			<linea fila="3" compresionDeCeros="true">(1) 58 58 21 21 21 21 21 21 21 21 21 21 21 21 21 21 21 21 21 21 21 21 21 21 21 58 58 </linea>
			<linea fila="2" compresionDeCeros="true">(1) 58 58 58 58 58 58 58 58 58 58 58 58 58 58 58 58 58 58 58 58 58 58 58 58 58 58 58 </linea>
			<linea fila="1" compresionDeCeros="true">(1) 58 58 58 58 58 58 58 58 58 58 58 58 58 58 58 58 58 58 58 58 58 58 58 58 58 58 58 </linea>
		</mundo>
	</mundos>
	<programas>
		<programa nombre="p1" resultadoEjecucion="FIN PROGRAMA"/>
	</programas>
</resultados>

