<resultados>
	<mundos>
		<mundo nombre="mundo_0">
			<linea fila="49" compresionDeCeros="true">(1) 72 72 72 72 72 72 72 72 72 72 72 72 72 72 72 72 72 72 72 72 72 72 72 72 72 72 72 72 72 72 72 72 72 72 72 72 72 72 72 72 72 72 72 72 72 72 72 72 72 </linea>
			<linea fila="48" compresionDeCeros="true">(1) 72 41 41 41 41 41 41 41 41 41 41 41 41 41 41 41 41 41 41 41 41 41 41 41 41 41 41 41 41 41 41 41 41 41 41 41 41 41 41 41 41 41 41 41 41 41 41 41 72 </linea>
			<linea fila="47" compresionDeCeros="true">(1) 72 41 49 49 49 49 49 49 49 49 49 49 49 49 49 49 49 49 49 49 49 49 49 49 49 49 49 49 49 49 49 49 49 49 49 49 49 49 49 49 49 49 49 49 49 49 49 41 72 </linea>
			<linea fila="46" compresionDeCeros="true">(1) 72 41 49 67 67 67 67 67 67 67 67 67 67 67 67 67 67 67 67 67 67 67 67 67 67 67 67 67 67 67 67 67 67 67 67 67 67 67 67 67 67 67 67 67 67 67 49 41 72 </linea>
			<linea fila="45" compresionDeCeros="true">(1) 72 41 49 67 20 20 20 20 20 20 20 20 20 20 20 20 20 20 20 20 20 20 20 20 20 20 20 20 20 20 20 20 20 20 20 20 20 20 20 20 20 20 20 20 20 67 49 41 72 </linea>
			<linea fila="44" compresionDeCeros="true">(1) 72 41 49 67 20 97 97 97 97 97 97 97 97 97 97 97 97 97 97 97 97 97 97 97 97 97 97 97 97 97 97 97 97 97 97 97 97 97 97 97 97 97 97 97 20 67 49 41 72 </linea>
			<linea fila="43" compresionDeCeros="true">(1) 72 41 49 67 20 97 67 67 67 67 67 67 67 67 67 67 67 67 67 67 67 67 67 67 67 67 67 67 67 67 67 67 67 67 67 67 67 67 67 67 67 67 67 97 20 67 49 41 72 </linea>
			<linea fila="42" compresionDeCeros="true">(1) 72 41 49 67 20 97 67 91 91 91 91 91 91 91 91 91 91 91 91 91 91 91 91 91 91 91 91 91 91 91 91 91 91 91 91 91 91 91 91 91 91 91 67 97 20 67 49 41 72 </linea>
			<linea fila="41" compresionDeCeros="true">(1) 72 41 49 67 20 97 67 91 83 83 83 83 83 83 83 83 83 83 83 83 83 83 83 83 83 83 83 83 83 83 83 83 83 83 83 83 83 83 83 83 83 91 67 97 20 67 49 41 72 </linea>
			<linea fila="40" compresionDeCeros="true">(1) 72 41 49 67 20 97 67 91 83 81 81 81 81 81 81 81 81 81 81 81 81 81 81 81 81 81 81 81 81 81 81 81 81 81 81 81 81 81 81 81 83 91 67 97 20 67 49 41 72 </linea>
			<linea fila="39" compresionDeCeros="true">(1) 72 41 49 67 20 97 67 91 83 81 47 47 47 47 47 47 47 47 47 47 47 47 47 47 47 47 47 47 47 47 47 47 47 47 47 47 47 47 47 81 83 91 67 97 20 67 49 41 72 </linea>
			<linea fila="38" compresionDeCeros="true">(1) 72 41 49 67 20 97 67 91 83 81 47 53 53 53 53 53 53 53 53 53 53 53 53 53 53 53 53 53 53 53 53 53 53 53 53 53 53 53 47 81 83 91 67 97 20 67 49 41 72 </linea>
			<linea fila="37" compresionDeCeros="true">(1) 72 41 49 67 20 97 67 91 83 81 47 53 13 13 13 13 13 13 13 13 13 13 13 13 13 13 13 13 13 13 13 13 13 13 13 13 13 53 47 81 83 91 67 97 20 67 49 41 72 </linea>
			<linea fila="36" compresionDeCeros="true">(1) 72 41 49 67 20 97 67 91 83 81 47 53 13 90 90 90 90 90 90 90 90 90 90 90 90 90 90 90 90 90 90 90 90 90 90 90 13 53 47 81 83 91 67 97 20 67 49 41 72 </linea>
			<linea fila="35" compresionDeCeros="true">(1) 72 41 49 67 20 97 67 91 83 81 47 53 13 90 35 35 35 35 35 35 35 35 35 35 35 35 35 35 35 35 35 35 35 35 35 90 13 53 47 81 83 91 67 97 20 67 49 41 72 </linea>
			<linea fila="34" compresionDeCeros="true">(1) 72 41 49 67 20 97 67 91 83 81 47 53 13 90 35 97 97 97 97 97 97 97 97 97 97 97 97 97 97 97 97 97 97 97 35 90 13 53 47 81 83 91 67 97 20 67 49 41 72 </linea>
			<linea fila="33" compresionDeCeros="true">(1) 72 41 49 67 20 97 67 91 83 81 47 53 13 90 35 97 35 35 35 35 35 35 35 35 35 35 35 35 35 35 35 35 35 97 35 90 13 53 47 81 83 91 67 97 20 67 49 41 72 </linea>
			<linea fila="32" compresionDeCeros="true">(1) 72 41 49 67 20 97 67 91 83 81 47 53 13 90 35 97 35 88 88 88 88 88 88 88 88 88 88 88 88 88 88 88 35 97 35 90 13 53 47 81 83 91 67 97 20 67 49 41 72 </linea>
			<linea fila="31" compresionDeCeros="true">(1) 72 41 49 67 20 97 67 91 83 81 47 53 13 90 35 97 35 88 83 83 83 83 83 83 83 83 83 83 83 83 83 88 35 97 35 90 13 53 47 81 83 91 67 97 20 67 49 41 72 </linea>
			<linea fila="30" compresionDeCeros="true">(1) 72 41 49 67 20 97 67 91 83 81 47 53 13 90 35 97 35 88 83 5 5 5 5 5 5 5 5 5 5 5 83 88 35 97 35 90 13 53 47 81 83 91 67 97 20 67 49 41 72 </linea>
			<linea fila="29" compresionDeCeros="true">(1) 72 41 49 67 20 97 67 91 83 81 47 53 13 90 35 97 35 88 83 5 60 60 60 60 60 60 60 60 60 5 83 88 35 97 35 90 13 53 47 81 83 91 67 97 20 67 49 41 72 </linea>
			<linea fila="28" compresionDeCeros="true">(1) 72 41 49 67 20 97 67 91 83 81 47 53 13 90 35 97 35 88 83 5 60 39 39 39 39 39 39 39 60 5 83 88 35 97 35 90 13 53 47 81 83 91 67 97 20 67 49 41 72 </linea>
			<linea fila="27" compresionDeCeros="true">(1) 72 41 49 67 20 97 67 91 83 81 47 53 13 90 35 97 35 88 83 5 60 39 21 21 21 21 21 39 60 5 83 88 35 97 35 90 13 53 47 81 83 91 67 97 20 67 49 41 72 </linea>
			<linea fila="26" compresionDeCeros="true">(1) 72 41 49 67 20 97 67 91 83 81 47 53 13 90 35 97 35 88 83 5 60 39 21 77 77 77 21 39 60 5 83 88 35 97 35 90 13 53 47 81 83 91 67 97 20 67 49 41 72 </linea>
			<linea fila="25" compresionDeCeros="true">(1) 72 41 49 67 20 97 67 91 83 81 47 53 13 90 35 97 35 88 83 5 60 39 21 77 1 77 21 39 60 5 83 88 35 97 35 90 13 53 47 81 83 91 67 97 20 67 49 41 72 </linea>
			<linea fila="24" compresionDeCeros="true">(1) 72 41 49 67 20 97 67 91 83 81 47 53 13 90 35 97 35 88 83 5 60 39 21 77 77 77 21 39 60 5 83 88 35 97 35 90 13 53 47 81 83 91 67 97 20 67 49 41 72 </linea>
			<linea fila="23" compresionDeCeros="true">(1) 72 41 49 67 20 97 67 91 83 81 47 53 13 90 35 97 35 88 83 5 60 39 21 21 21 21 21 39 60 5 83 88 35 97 35 90 13 53 47 81 83 91 67 97 20 67 49 41 72 </linea>
			<linea fila="22" compresionDeCeros="true">(1) 72 41 49 67 20 97 67 91 83 81 47 53 13 90 35 97 35 88 83 5 60 39 39 39 39 39 39 39 60 5 83 88 35 97 35 90 13 53 47 81 83 91 67 97 20 67 49 41 72 </linea>
			<linea fila="21" compresionDeCeros="true">(1) 72 41 49 67 20 97 67 91 83 81 47 53 13 90 35 97 35 88 83 5 60 60 60 60 60 60 60 60 60 5 83 88 35 97 35 90 13 53 47 81 83 91 67 97 20 67 49 41 72 </linea>
			<linea fila="20" compresionDeCeros="true">(1) 72 41 49 67 20 97 67 91 83 81 47 53 13 90 35 97 35 88 83 5 5 5 5 5 5 5 5 5 5 5 83 88 35 97 35 90 13 53 47 81 83 91 67 97 20 67 49 41 72 </linea>
			<linea fila="19" compresionDeCeros="true">(1) 72 41 49 67 20 97 67 91 83 81 47 53 13 90 35 97 35 88 83 83 83 83 83 83 83 83 83 83 83 83 83 88 35 97 35 90 13 53 47 81 83 91 67 97 20 67 49 41 72 </linea>
			<linea fila="18" compresionDeCeros="true">(1) 72 41 49 67 20 97 67 91 83 81 47 53 13 90 35 97 35 88 88 88 88 88 88 88 88 88 88 88 88 88 88 88 35 97 35 90 13 53 47 81 83 91 67 97 20 67 49 41 72 </linea>
			<linea fila="17" compresionDeCeros="true">(1) 72 41 49 67 20 97 67 91 83 81 47 53 13 90 35 97 35 35 35 35 35 35 35 35 35 35 35 35 35 35 35 35 35 97 35 90 13 53 47 81 83 91 67 97 20 67 49 41 72 </linea>
			<linea fila="16" compresionDeCeros="true">(1) 72 41 49 67 20 97 67 91 83 81 47 53 13 90 35 97 97 97 97 97 97 97 97 97 97 97 97 97 97 97 97 97 97 97 35 90 13 53 47 81 83 91 67 97 20 67 49 41 72 </linea>
			<linea fila="15" compresionDeCeros="true">(1) 72 41 49 67 20 97 67 91 83 81 47 53 13 90 35 35 35 35 35 35 35 35 35 35 35 35 35 35 35 35 35 35 35 35 35 90 13 53 47 81 83 91 67 97 20 67 49 41 72 </linea>
			<linea fila="14" compresionDeCeros="true">(1) 72 41 49 67 20 97 67 91 83 81 47 53 13 90 90 90 90 90 90 90 90 90 90 90 90 90 90 90 90 90 90 90 90 90 90 90 13 53 47 81 83 91 67 97 20 67 49 41 72 </linea>
			<linea fila="13" compresionDeCeros="true">(1) 72 41 49 67 20 97 67 91 83 81 47 53 13 13 13 13 13 13 13 13 13 13 13 13 13 13 13 13 13 13 13 13 13 13 13 13 13 53 47 81 83 91 67 97 20 67 49 41 72 </linea>
			<linea fila="12" compresionDeCeros="true">(1) 72 41 49 67 20 97 67 91 83 81 47 53 53 53 53 53 53 53 53 53 53 53 53 53 53 53 53 53 53 53 53 53 53 53 53 53 53 53 47 81 83 91 67 97 20 67 49 41 72 </linea>
			<linea fila="11" compresionDeCeros="true">(1) 72 41 49 67 20 97 67 91 83 81 47 47 47 47 47 47 47 47 47 47 47 47 47 47 47 47 47 47 47 47 47 47 47 47 47 47 47 47 47 81 83 91 67 97 20 67 49 41 72 </linea>
			<linea fila="10" compresionDeCeros="true">(1) 72 41 49 67 20 97 67 91 83 81 81 81 81 81 81 81 81 81 81 81 81 81 81 81 81 81 81 81 81 81 81 81 81 81 81 81 81 81 81 81 83 91 67 97 20 67 49 41 72 </linea>
			<linea fila="9" compresionDeCeros="true">(1) 72 41 49 67 20 97 67 91 83 83 83 83 83 83 83 83 83 83 83 83 83 83 83 83 83 83 83 83 83 83 83 83 83 83 83 83 83 83 83 83 83 91 67 97 20 67 49 41 72 </linea>
			<linea fila="8" compresionDeCeros="true">(1) 72 41 49 67 20 97 67 91 91 91 91 91 91 91 91 91 91 91 91 91 91 91 91 91 91 91 91 91 91 91 91 91 91 91 91 91 91 91 91 91 91 91 67 97 20 67 49 41 72 </linea>
			<linea fila="7" compresionDeCeros="true">(1) 72 41 49 67 20 97 67 67 67 67 67 67 67 67 67 67 67 67 67 67 67 67 67 67 67 67 67 67 67 67 67 67 67 67 67 67 67 67 67 67 67 67 67 97 20 67 49 41 72 </linea>
			<linea fila="6" compresionDeCeros="true">(1) 72 41 49 67 20 97 97 97 97 97 97 97 97 97 97 97 97 97 97 97 97 97 97 97 97 97 97 97 97 97 97 97 97 97 97 97 97 97 97 97 97 97 97 97 20 67 49 41 72 </linea>
			<linea fila="5" compresionDeCeros="true">(1) 72 41 49 67 20 20 20 20 20 20 20 20 20 20 20 20 20 20 20 20 20 20 20 20 20 20 20 20 20 20 20 20 20 20 20 20 20 20 20 20 20 20 20 20 20 67 49 41 72 </linea>
			<linea fila="4" compresionDeCeros="true">(1) 72 41 49 67 67 67 67 67 67 67 67 67 67 67 67 67 67 67 67 67 67 67 67 67 67 67 67 67 67 67 67 67 67 67 67 67 67 67 67 67 67 67 67 67 67 67 49 41 72 </linea>
			<linea fila="3" compresionDeCeros="true">(1) 72 41 49 49 49 49 49 49 49 49 49 49 49 49 49 49 49 49 49 49 49 49 49 49 49 49 49 49 49 49 49 49 49 49 49 49 49 49 49 49 49 49 49 49 49 49 49 41 72 </linea>
			<linea fila="2" compresionDeCeros="true">(1) 72 41 41 41 41 41 41 41 41 41 41 41 41 41 41 41 41 41 41 41 41 41 41 41 41 41 41 41 41 41 41 41 41 41 41 41 41 41 41 41 41 41 41 41 41 41 41 41 72 </linea>
			<linea fila="1" compresionDeCeros="true">(1) 72 72 72 72 72 72 72 72 72 72 72 72 72 72 72 72 72 72 72 72 72 72 72 72 72 72 72 72 72 72 72 72 72 72 72 72 72 72 72 72 72 72 72 72 72 72 72 72 72 </linea>
		</mundo>
	</mundos>
	<programas>
		<programa nombre="p1" resultadoEjecucion="FIN PROGRAMA"/>
	</programas>
</resultados>

