<resultados>
	<mundos>
		<mundo nombre="mundo_0">
			<linea fila="49" compresionDeCeros="true">(1) 75 75 75 75 75 75 75 75 75 75 75 75 75 75 75 75 75 75 75 75 75 75 75 75 75 75 75 75 75 75 75 75 75 75 75 75 75 75 75 75 75 75 75 75 75 75 75 75 75 </linea>
			<linea fila="48" compresionDeCeros="true">(1) 75 60 60 60 60 60 60 60 60 60 60 60 60 60 60 60 60 60 60 60 60 60 60 60 60 60 60 60 60 60 60 60 60 60 60 60 60 60 60 60 60 60 60 60 60 60 60 60 75 </linea>
			<linea fila="47" compresionDeCeros="true">(1) 75 60 19 19 19 19 19 19 19 19 19 19 19 19 19 19 19 19 19 19 19 19 19 19 19 19 19 19 19 19 19 19 19 19 19 19 19 19 19 19 19 19 19 19 19 19 19 60 75 </linea>
			<linea fila="46" compresionDeCeros="true">(1) 75 60 19 59 59 59 59 59 59 59 59 59 59 59 59 59 59 59 59 59 59 59 59 59 59 59 59 59 59 59 59 59 59 59 59 59 59 59 59 59 59 59 59 59 59 59 19 60 75 </linea>
			<linea fila="45" compresionDeCeros="true">(1) 75 60 19 59 20 20 20 20 20 20 20 20 20 20 20 20 20 20 20 20 20 20 20 20 20 20 20 20 20 20 20 20 20 20 20 20 20 20 20 20 20 20 20 20 20 59 19 60 75 </linea>
			<linea fila="44" compresionDeCeros="true">(1) 75 60 19 59 20 38 38 38 38 38 38 38 38 38 38 38 38 38 38 38 38 38 38 38 38 38 38 38 38 38 38 38 38 38 38 38 38 38 38 38 38 38 38 38 20 59 19 60 75 </linea>
			<linea fila="43" compresionDeCeros="true">(1) 75 60 19 59 20 38 27 27 27 27 27 27 27 27 27 27 27 27 27 27 27 27 27 27 27 27 27 27 27 27 27 27 27 27 27 27 27 27 27 27 27 27 27 38 20 59 19 60 75 </linea>
			<linea fila="42" compresionDeCeros="true">(1) 75 60 19 59 20 38 27 59 59 59 59 59 59 59 59 59 59 59 59 59 59 59 59 59 59 59 59 59 59 59 59 59 59 59 59 59 59 59 59 59 59 59 27 38 20 59 19 60 75 </linea>
			<linea fila="41" compresionDeCeros="true">(1) 75 60 19 59 20 38 27 59 16 16 16 16 16 16 16 16 16 16 16 16 16 16 16 16 16 16 16 16 16 16 16 16 16 16 16 16 16 16 16 16 16 59 27 38 20 59 19 60 75 </linea>
			<linea fila="40" compresionDeCeros="true">(1) 75 60 19 59 20 38 27 59 16 67 67 67 67 67 67 67 67 67 67 67 67 67 67 67 67 67 67 67 67 67 67 67 67 67 67 67 67 67 67 67 16 59 27 38 20 59 19 60 75 </linea>
			<linea fila="39" compresionDeCeros="true">(1) 75 60 19 59 20 38 27 59 16 67 23 23 23 23 23 23 23 23 23 23 23 23 23 23 23 23 23 23 23 23 23 23 23 23 23 23 23 23 23 67 16 59 27 38 20 59 19 60 75 </linea>
			<linea fila="38" compresionDeCeros="true">(1) 75 60 19 59 20 38 27 59 16 67 23 64 64 64 64 64 64 64 64 64 64 64 64 64 64 64 64 64 64 64 64 64 64 64 64 64 64 64 23 67 16 59 27 38 20 59 19 60 75 </linea>
			<linea fila="37" compresionDeCeros="true">(1) 75 60 19 59 20 38 27 59 16 67 23 64 30 30 30 30 30 30 30 30 30 30 30 30 30 30 30 30 30 30 30 30 30 30 30 30 30 64 23 67 16 59 27 38 20 59 19 60 75 </linea>
			<linea fila="36" compresionDeCeros="true">(1) 75 60 19 59 20 38 27 59 16 67 23 64 30 6 6 6 6 6 6 6 6 6 6 6 6 6 6 6 6 6 6 6 6 6 6 6 30 64 23 67 16 59 27 38 20 59 19 60 75 </linea>
			<linea fila="35" compresionDeCeros="true">(1) 75 60 19 59 20 38 27 59 16 67 23 64 30 6 10 10 10 10 10 10 10 10 10 10 10 10 10 10 10 10 10 10 10 10 10 6 30 64 23 67 16 59 27 38 20 59 19 60 75 </linea>
			<linea fila="34" compresionDeCeros="true">(1) 75 60 19 59 20 38 27 59 16 67 23 64 30 6 10 30 30 30 30 30 30 30 30 30 30 30 30 30 30 30 30 30 30 30 10 6 30 64 23 67 16 59 27 38 20 59 19 60 75 </linea>
			<linea fila="33" compresionDeCeros="true">(1) 75 60 19 59 20 38 27 59 16 67 23 64 30 6 10 30 41 41 41 41 41 41 41 41 41 41 41 41 41 41 41 41 41 30 10 6 30 64 23 67 16 59 27 38 20 59 19 60 75 </linea>
			<linea fila="32" compresionDeCeros="true">(1) 75 60 19 59 20 38 27 59 16 67 23 64 30 6 10 30 41 1 1 1 1 1 1 1 1 1 1 1 1 1 1 1 41 30 10 6 30 64 23 67 16 59 27 38 20 59 19 60 75 </linea>
			<linea fila="31" compresionDeCeros="true">(1) 75 60 19 59 20 38 27 59 16 67 23 64 30 6 10 30 41 1 98 98 98 98 98 98 98 98 98 98 98 98 98 1 41 30 10 6 30 64 23 67 16 59 27 38 20 59 19 60 75 </linea>
			<linea fila="30" compresionDeCeros="true">(1) 75 60 19 59 20 38 27 59 16 67 23 64 30 6 10 30 41 1 98 20 20 20 20 20 20 20 20 20 20 20 98 1 41 30 10 6 30 64 23 67 16 59 27 38 20 59 19 60 75 </linea>
			<linea fila="29" compresionDeCeros="true">(1) 75 60 19 59 20 38 27 59 16 67 23 64 30 6 10 30 41 1 98 20 23 23 23 23 23 23 23 23 23 20 98 1 41 30 10 6 30 64 23 67 16 59 27 38 20 59 19 60 75 </linea>
			<linea fila="28" compresionDeCeros="true">(1) 75 60 19 59 20 38 27 59 16 67 23 64 30 6 10 30 41 1 98 20 23 94 94 94 94 94 94 94 23 20 98 1 41 30 10 6 30 64 23 67 16 59 27 38 20 59 19 60 75 </linea>
			<linea fila="27" compresionDeCeros="true">(1) 75 60 19 59 20 38 27 59 16 67 23 64 30 6 10 30 41 1 98 20 23 94 54 54 54 54 54 94 23 20 98 1 41 30 10 6 30 64 23 67 16 59 27 38 20 59 19 60 75 </linea>
			<linea fila="26" compresionDeCeros="true">(1) 75 60 19 59 20 38 27 59 16 67 23 64 30 6 10 30 41 1 98 20 23 94 54 5 5 5 54 94 23 20 98 1 41 30 10 6 30 64 23 67 16 59 27 38 20 59 19 60 75 </linea>
			<linea fila="25" compresionDeCeros="true">(1) 75 60 19 59 20 38 27 59 16 67 23 64 30 6 10 30 41 1 98 20 23 94 54 5 37 5 54 94 23 20 98 1 41 30 10 6 30 64 23 67 16 59 27 38 20 59 19 60 75 </linea>
			<linea fila="24" compresionDeCeros="true">(1) 75 60 19 59 20 38 27 59 16 67 23 64 30 6 10 30 41 1 98 20 23 94 54 5 5 5 54 94 23 20 98 1 41 30 10 6 30 64 23 67 16 59 27 38 20 59 19 60 75 </linea>
			<linea fila="23" compresionDeCeros="true">(1) 75 60 19 59 20 38 27 59 16 67 23 64 30 6 10 30 41 1 98 20 23 94 54 54 54 54 54 94 23 20 98 1 41 30 10 6 30 64 23 67 16 59 27 38 20 59 19 60 75 </linea>
			<linea fila="22" compresionDeCeros="true">(1) 75 60 19 59 20 38 27 59 16 67 23 64 30 6 10 30 41 1 98 20 23 94 94 94 94 94 94 94 23 20 98 1 41 30 10 6 30 64 23 67 16 59 27 38 20 59 19 60 75 </linea>
			<linea fila="21" compresionDeCeros="true">(1) 75 60 19 59 20 38 27 59 16 67 23 64 30 6 10 30 41 1 98 20 23 23 23 23 23 23 23 23 23 20 98 1 41 30 10 6 30 64 23 67 16 59 27 38 20 59 19 60 75 </linea>
			<linea fila="20" compresionDeCeros="true">(1) 75 60 19 59 20 38 27 59 16 67 23 64 30 6 10 30 41 1 98 20 20 20 20 20 20 20 20 20 20 20 98 1 41 30 10 6 30 64 23 67 16 59 27 38 20 59 19 60 75 </linea>
			<linea fila="19" compresionDeCeros="true">(1) 75 60 19 59 20 38 27 59 16 67 23 64 30 6 10 30 41 1 98 98 98 98 98 98 98 98 98 98 98 98 98 1 41 30 10 6 30 64 23 67 16 59 27 38 20 59 19 60 75 </linea>
			<linea fila="18" compresionDeCeros="true">(1) 75 60 19 59 20 38 27 59 16 67 23 64 30 6 10 30 41 1 1 1 1 1 1 1 1 1 1 1 1 1 1 1 41 30 10 6 30 64 23 67 16 59 27 38 20 59 19 60 75 </linea>
			<linea fila="17" compresionDeCeros="true">(1) 75 60 19 59 20 38 27 59 16 67 23 64 30 6 10 30 41 41 41 41 41 41 41 41 41 41 41 41 41 41 41 41 41 30 10 6 30 64 23 67 16 59 27 38 20 59 19 60 75 </linea>
			<linea fila="16" compresionDeCeros="true">(1) 75 60 19 59 20 38 27 59 16 67 23 64 30 6 10 30 30 30 30 30 30 30 30 30 30 30 30 30 30 30 30 30 30 30 10 6 30 64 23 67 16 59 27 38 20 59 19 60 75 </linea>
			<linea fila="15" compresionDeCeros="true">(1) 75 60 19 59 20 38 27 59 16 67 23 64 30 6 10 10 10 10 10 10 10 10 10 10 10 10 10 10 10 10 10 10 10 10 10 6 30 64 23 67 16 59 27 38 20 59 19 60 75 </linea>
			<linea fila="14" compresionDeCeros="true">(1) 75 60 19 59 20 38 27 59 16 67 23 64 30 6 6 6 6 6 6 6 6 6 6 6 6 6 6 6 6 6 6 6 6 6 6 6 30 64 23 67 16 59 27 38 20 59 19 60 75 </linea>
			<linea fila="13" compresionDeCeros="true">(1) 75 60 19 59 20 38 27 59 16 67 23 64 30 30 30 30 30 30 30 30 30 30 30 30 30 30 30 30 30 30 30 30 30 30 30 30 30 64 23 67 16 59 27 38 20 59 19 60 75 </linea>
			<linea fila="12" compresionDeCeros="true">(1) 75 60 19 59 20 38 27 59 16 67 23 64 64 64 64 64 64 64 64 64 64 64 64 64 64 64 64 64 64 64 64 64 64 64 64 64 64 64 23 67 16 59 27 38 20 59 19 60 75 </linea>
			<linea fila="11" compresionDeCeros="true">(1) 75 60 19 59 20 38 27 59 16 67 23 23 23 23 23 23 23 23 23 23 23 23 23 23 23 23 23 23 23 23 23 23 23 23 23 23 23 23 23 67 16 59 27 38 20 59 19 60 75 </linea>
			<linea fila="10" compresionDeCeros="true">(1) 75 60 19 59 20 38 27 59 16 67 67 67 67 67 67 67 67 67 67 67 67 67 67 67 67 67 67 67 67 67 67 67 67 67 67 67 67 67 67 67 16 59 27 38 20 59 19 60 75 </linea>
			<linea fila="9" compresionDeCeros="true">(1) 75 60 19 59 20 38 27 59 16 16 16 16 16 16 16 16 16 16 16 16 16 16 16 16 16 16 16 16 16 16 16 16 16 16 16 16 16 16 16 16 16 59 27 38 20 59 19 60 75 </linea>
			<linea fila="8" compresionDeCeros="true">(1) 75 60 19 59 20 38 27 59 59 59 59 59 59 59 59 59 59 59 59 59 59 59 59 59 59 59 59 59 59 59 59 59 59 59 59 59 59 59 59 59 59 59 27 38 20 59 19 60 75 </linea>
			<linea fila="7" compresionDeCeros="true">(1) 75 60 19 59 20 38 27 27 27 27 27 27 27 27 27 27 27 27 27 27 27 27 27 27 27 27 27 27 27 27 27 27 27 27 27 27 27 27 27 27 27 27 27 38 20 59 19 60 75 </linea>
			<linea fila="6" compresionDeCeros="true">(1) 75 60 19 59 20 38 38 38 38 38 38 38 38 38 38 38 38 38 38 38 38 38 38 38 38 38 38 38 38 38 38 38 38 38 38 38 38 38 38 38 38 38 38 38 20 59 19 60 75 </linea>
			<linea fila="5" compresionDeCeros="true">(1) 75 60 19 59 20 20 20 20 20 20 20 20 20 20 20 20 20 20 20 20 20 20 20 20 20 20 20 20 20 20 20 20 20 20 20 20 20 20 20 20 20 20 20 20 20 59 19 60 75 </linea>
			<linea fila="4" compresionDeCeros="true">(1) 75 60 19 59 59 59 59 59 59 59 59 59 59 59 59 59 59 59 59 59 59 59 59 59 59 59 59 59 59 59 59 59 59 59 59 59 59 59 59 59 59 59 59 59 59 59 19 60 75 </linea>
			<linea fila="3" compresionDeCeros="true">(1) 75 60 19 19 19 19 19 19 19 19 19 19 19 19 19 19 19 19 19 19 19 19 19 19 19 19 19 19 19 19 19 19 19 19 19 19 19 19 19 19 19 19 19 19 19 19 19 60 75 </linea>
			<linea fila="2" compresionDeCeros="true">(1) 75 60 60 60 60 60 60 60 60 60 60 60 60 60 60 60 60 60 60 60 60 60 60 60 60 60 60 60 60 60 60 60 60 60 60 60 60 60 60 60 60 60 60 60 60 60 60 60 75 </linea>
			<linea fila="1" compresionDeCeros="true">(1) 75 75 75 75 75 75 75 75 75 75 75 75 75 75 75 75 75 75 75 75 75 75 75 75 75 75 75 75 75 75 75 75 75 75 75 75 75 75 75 75 75 75 75 75 75 75 75 75 75 </linea>
		</mundo>
	</mundos>
	<programas>
		<programa nombre="p1" resultadoEjecucion="FIN PROGRAMA"/>
	</programas>
</resultados>

