<resultados>
	<mundos>
		<mundo nombre="mundo_0">
			<linea fila="39" compresionDeCeros="true">(1) 64 64 64 64 64 64 64 64 64 64 64 64 64 64 64 64 64 64 64 64 64 64 64 64 64 64 64 64 64 64 64 64 64 64 64 64 64 64 64 </linea>
			<linea fila="38" compresionDeCeros="true">(1) 64 55 55 55 55 55 55 55 55 55 55 55 55 55 55 55 55 55 55 55 55 55 55 55 55 55 55 55 55 55 55 55 55 55 55 55 55 55 64 </linea>
			<linea fila="37" compresionDeCeros="true">(1) 64 55 81 81 81 81 81 81 81 81 81 81 81 81 81 81 81 81 81 81 81 81 81 81 81 81 81 81 81 81 81 81 81 81 81 81 81 55 64 </linea>
			<linea fila="36" compresionDeCeros="true">(1) 64 55 81 32 32 32 32 32 32 32 32 32 32 32 32 32 32 32 32 32 32 32 32 32 32 32 32 32 32 32 32 32 32 32 32 32 81 55 64 </linea>
			<linea fila="35" compresionDeCeros="true">(1) 64 55 81 32 94 94 94 94 94 94 94 94 94 94 94 94 94 94 94 94 94 94 94 94 94 94 94 94 94 94 94 94 94 94 94 32 81 55 64 </linea>
			<linea fila="34" compresionDeCeros="true">(1) 64 55 81 32 94 79 79 79 79 79 79 79 79 79 79 79 79 79 79 79 79 79 79 79 79 79 79 79 79 79 79 79 79 79 94 32 81 55 64 </linea>
			<linea fila="33" compresionDeCeros="true">(1) 64 55 81 32 94 79 38 38 38 38 38 38 38 38 38 38 38 38 38 38 38 38 38 38 38 38 38 38 38 38 38 38 38 79 94 32 81 55 64 </linea>
			<linea fila="32" compresionDeCeros="true">(1) 64 55 81 32 94 79 38 41 41 41 41 41 41 41 41 41 41 41 41 41 41 41 41 41 41 41 41 41 41 41 41 41 38 79 94 32 81 55 64 </linea>
			<linea fila="31" compresionDeCeros="true">(1) 64 55 81 32 94 79 38 41 59 59 59 59 59 59 59 59 59 59 59 59 59 59 59 59 59 59 59 59 59 59 59 41 38 79 94 32 81 55 64 </linea>
			<linea fila="30" compresionDeCeros="true">(1) 64 55 81 32 94 79 38 41 59 56 56 56 56 56 56 56 56 56 56 56 56 56 56 56 56 56 56 56 56 56 59 41 38 79 94 32 81 55 64 </linea>
			<linea fila="29" compresionDeCeros="true">(1) 64 55 81 32 94 79 38 41 59 56 97 97 97 97 97 97 97 97 97 97 97 97 97 97 97 97 97 97 97 56 59 41 38 79 94 32 81 55 64 </linea>
			<linea fila="28" compresionDeCeros="true">(1) 64 55 81 32 94 79 38 41 59 56 97 78 78 78 78 78 78 78 78 78 78 78 78 78 78 78 78 78 97 56 59 41 38 79 94 32 81 55 64 </linea>
			<linea fila="27" compresionDeCeros="true">(1) 64 55 81 32 94 79 38 41 59 56 97 78 80 80 80 80 80 80 80 80 80 80 80 80 80 80 80 78 97 56 59 41 38 79 94 32 81 55 64 </linea>
			<linea fila="26" compresionDeCeros="true">(1) 64 55 81 32 94 79 38 41 59 56 97 78 80 57 57 57 57 57 57 57 57 57 57 57 57 57 80 78 97 56 59 41 38 79 94 32 81 55 64 </linea>
			<linea fila="25" compresionDeCeros="true">(1) 64 55 81 32 94 79 38 41 59 56 97 78 80 57 20 20 20 20 20 20 20 20 20 20 20 57 80 78 97 56 59 41 38 79 94 32 81 55 64 </linea>
			<linea fila="24" compresionDeCeros="true">(1) 64 55 81 32 94 79 38 41 59 56 97 78 80 57 20 28 28 28 28 28 28 28 28 28 20 57 80 78 97 56 59 41 38 79 94 32 81 55 64 </linea>
			<linea fila="23" compresionDeCeros="true">(1) 64 55 81 32 94 79 38 41 59 56 97 78 80 57 20 28 47 47 47 47 47 47 47 28 20 57 80 78 97 56 59 41 38 79 94 32 81 55 64 </linea>
			<linea fila="22" compresionDeCeros="true">(1) 64 55 81 32 94 79 38 41 59 56 97 78 80 57 20 28 47 26 26 26 26 26 47 28 20 57 80 78 97 56 59 41 38 79 94 32 81 55 64 </linea>
			<linea fila="21" compresionDeCeros="true">(1) 64 55 81 32 94 79 38 41 59 56 97 78 80 57 20 28 47 26 92 92 92 26 47 28 20 57 80 78 97 56 59 41 38 79 94 32 81 55 64 </linea>
			<linea fila="20" compresionDeCeros="true">(1) 64 55 81 32 94 79 38 41 59 56 97 78 80 57 20 28 47 26 92 1 92 26 47 28 20 57 80 78 97 56 59 41 38 79 94 32 81 55 64 </linea>
			<linea fila="19" compresionDeCeros="true">(1) 64 55 81 32 94 79 38 41 59 56 97 78 80 57 20 28 47 26 92 92 92 26 47 28 20 57 80 78 97 56 59 41 38 79 94 32 81 55 64 </linea>
			<linea fila="18" compresionDeCeros="true">(1) 64 55 81 32 94 79 38 41 59 56 97 78 80 57 20 28 47 26 26 26 26 26 47 28 20 57 80 78 97 56 59 41 38 79 94 32 81 55 64 </linea>
			<linea fila="17" compresionDeCeros="true">(1) 64 55 81 32 94 79 38 41 59 56 97 78 80 57 20 28 47 47 47 47 47 47 47 28 20 57 80 78 97 56 59 41 38 79 94 32 81 55 64 </linea>
			<linea fila="16" compresionDeCeros="true">(1) 64 55 81 32 94 79 38 41 59 56 97 78 80 57 20 28 28 28 28 28 28 28 28 28 20 57 80 78 97 56 59 41 38 79 94 32 81 55 64 </linea>
			<linea fila="15" compresionDeCeros="true">(1) 64 55 81 32 94 79 38 41 59 56 97 78 80 57 20 20 20 20 20 20 20 20 20 20 20 57 80 78 97 56 59 41 38 79 94 32 81 55 64 </linea>
			<linea fila="14" compresionDeCeros="true">(1) 64 55 81 32 94 79 38 41 59 56 97 78 80 57 57 57 57 57 57 57 57 57 57 57 57 57 80 78 97 56 59 41 38 79 94 32 81 55 64 </linea>
			<linea fila="13" compresionDeCeros="true">(1) 64 55 81 32 94 79 38 41 59 56 97 78 80 80 80 80 80 80 80 80 80 80 80 80 80 80 80 78 97 56 59 41 38 79 94 32 81 55 64 </linea>
			<linea fila="12" compresionDeCeros="true">(1) 64 55 81 32 94 79 38 41 59 56 97 78 78 78 78 78 78 78 78 78 78 78 78 78 78 78 78 78 97 56 59 41 38 79 94 32 81 55 64 </linea>
			<linea fila="11" compresionDeCeros="true">(1) 64 55 81 32 94 79 38 41 59 56 97 97 97 97 97 97 97 97 97 97 97 97 97 97 97 97 97 97 97 56 59 41 38 79 94 32 81 55 64 </linea>
			<linea fila="10" compresionDeCeros="true">(1) 64 55 81 32 94 79 38 41 59 56 56 56 56 56 56 56 56 56 56 56 56 56 56 56 56 56 56 56 56 56 59 41 38 79 94 32 81 55 64 </linea>
			<linea fila="9" compresionDeCeros="true">(1) 64 55 81 32 94 79 38 41 59 59 59 59 59 59 59 59 59 59 59 59 59 59 59 59 59 59 59 59 59 59 59 41 38 79 94 32 81 55 64 </linea>
			<linea fila="8" compresionDeCeros="true">(1) 64 55 81 32 94 79 38 41 41 41 41 41 41 41 41 41 41 41 41 41 41 41 41 41 41 41 41 41 41 41 41 41 38 79 94 32 81 55 64 </linea>
			<linea fila="7" compresionDeCeros="true">(1) 64 55 81 32 94 79 38 38 38 38 38 38 38 38 38 38 38 38 38 38 38 38 38 38 38 38 38 38 38 38 38 38 38 79 94 32 81 55 64 </linea>
			<linea fila="6" compresionDeCeros="true">(1) 64 55 81 32 94 79 79 79 79 79 79 79 79 79 79 79 79 79 79 79 79 79 79 79 79 79 79 79 79 79 79 79 79 79 94 32 81 55 64 </linea>
			<linea fila="5" compresionDeCeros="true">(1) 64 55 81 32 94 94 94 94 94 94 94 94 94 94 94 94 94 94 94 94 94 94 94 94 94 94 94 94 94 94 94 94 94 94 94 32 81 55 64 </linea>
			<linea fila="4" compresionDeCeros="true">(1) 64 55 81 32 32 32 32 32 32 32 32 32 32 32 32 32 32 32 32 32 32 32 32 32 32 32 32 32 32 32 32 32 32 32 32 32 81 55 64 </linea>
			<linea fila="3" compresionDeCeros="true">(1) 64 55 81 81 81 81 81 81 81 81 81 81 81 81 81 81 81 81 81 81 81 81 81 81 81 81 81 81 81 81 81 81 81 81 81 81 81 55 64 </linea>
			<linea fila="2" compresionDeCeros="true">(1) 64 55 55 55 55 55 55 55 55 55 55 55 55 55 55 55 55 55 55 55 55 55 55 55 55 55 55 55 55 55 55 55 55 55 55 55 55 55 64 </linea>
			<linea fila="1" compresionDeCeros="true">(1) 64 64 64 64 64 64 64 64 64 64 64 64 64 64 64 64 64 64 64 64 64 64 64 64 64 64 64 64 64 64 64 64 64 64 64 64 64 64 64 </linea>
		</mundo>
	</mundos>
	<programas>
		<programa nombre="p1" resultadoEjecucion="FIN PROGRAMA"/>
	</programas>
</resultados>

