<resultados>
	<mundos>
		<mundo nombre="mundo_0">
			<linea fila="13" compresionDeCeros="true">(1) 3 3 3 3 3 3 3 3 3 3 3 3 3 </linea>
			<linea fila="12" compresionDeCeros="true">(1) 3 45 45 45 45 45 45 45 45 45 45 45 3 </linea>
			<linea fila="11" compresionDeCeros="true">(1) 3 45 45 45 45 45 45 45 45 45 45 45 3 </linea>
			<linea fila="10" compresionDeCeros="true">(1) 3 45 45 93 93 93 93 93 93 93 45 45 3 </linea>
			<linea fila="9" compresionDeCeros="true">(1) 3 45 45 93 55 55 55 55 55 93 45 45 3 </linea>
			<linea fila="8" compresionDeCeros="true">(1) 3 45 45 93 55 13 13 13 55 93 45 45 3 </linea>
			<linea fila="7" compresionDeCeros="true">(1) 3 45 45 93 55 13 1 13 55 93 45 45 3 </linea>
			<linea fila="6" compresionDeCeros="true">(1) 3 45 45 93 55 13 13 13 55 93 45 45 3 </linea>
			<linea fila="5" compresionDeCeros="true">(1) 3 45 45 93 55 55 55 55 55 93 45 45 3 </linea>
			<linea fila="4" compresionDeCeros="true">(1) 3 45 45 93 93 93 93 93 93 93 45 45 3 </linea>
			<linea fila="3" compresionDeCeros="true">(1) 3 45 45 45 45 45 45 45 45 45 45 45 3 </linea>
			<linea fila="2" compresionDeCeros="true">(1) 3 45 45 45 45 45 45 45 45 45 45 45 3 </linea>
			<linea fila="1" compresionDeCeros="true">(1) 3 3 3 3 3 3 3 3 3 3 3 3 3 </linea>
		</mundo>
	</mundos>
	<programas>
		<programa nombre="p1" resultadoEjecucion="FIN PROGRAMA"/>
	</programas>
</resultados>

