<resultados>
	<mundos>
		<mundo nombre="mundo_0">
			<linea fila="25" compresionDeCeros="true">(1) 1 1 1 1 1 1 1 1 1 1 1 1 1 1 1 1 1 1 1 1 1 1 1 1 1 </linea>
			<linea fila="24" compresionDeCeros="true">(1) 1 17 17 17 17 17 17 17 17 17 17 17 17 17 17 17 17 17 17 17 17 17 17 17 1 </linea>
			<linea fila="23" compresionDeCeros="true">(1) 1 17 9 9 9 9 9 9 9 9 9 9 9 9 9 9 9 9 9 9 9 9 9 17 1 </linea>
			<linea fila="22" compresionDeCeros="true">(1) 1 17 9 47 47 47 47 47 47 47 47 47 47 47 47 47 47 47 47 47 47 47 9 17 1 </linea>
			<linea fila="21" compresionDeCeros="true">(1) 1 17 9 47 39 39 39 39 39 39 39 39 39 39 39 39 39 39 39 39 39 47 9 17 1 </linea>
			<linea fila="20" compresionDeCeros="true">(1) 1 17 9 47 39 1 1 1 1 1 1 1 1 1 1 1 1 1 1 1 39 47 9 17 1 </linea>
			<linea fila="19" compresionDeCeros="true">(1) 1 17 9 47 39 1 47 47 47 47 47 47 47 47 47 47 47 47 47 1 39 47 9 17 1 </linea>
			<linea fila="18" compresionDeCeros="true">(1) 1 17 9 47 39 1 47 77 77 77 77 77 77 77 77 77 77 77 47 1 39 47 9 17 1 </linea>
			<linea fila="17" compresionDeCeros="true">(1) 1 17 9 47 39 1 47 77 17 17 17 17 17 17 17 17 17 77 47 1 39 47 9 17 1 </linea>
			<linea fila="16" compresionDeCeros="true">(1) 1 17 9 47 39 1 47 77 17 30 30 30 30 30 30 30 17 77 47 1 39 47 9 17 1 </linea>
			<linea fila="15" compresionDeCeros="true">(1) 1 17 9 47 39 1 47 77 17 30 71 71 71 71 71 30 17 77 47 1 39 47 9 17 1 </linea>
			<linea fila="14" compresionDeCeros="true">(1) 1 17 9 47 39 1 47 77 17 30 71 97 97 97 71 30 17 77 47 1 39 47 9 17 1 </linea>
			<linea fila="13" compresionDeCeros="true">(1) 1 17 9 47 39 1 47 77 17 30 71 97 31 97 71 30 17 77 47 1 39 47 9 17 1 </linea>
			<linea fila="12" compresionDeCeros="true">(1) 1 17 9 47 39 1 47 77 17 30 71 97 97 97 71 30 17 77 47 1 39 47 9 17 1 </linea>
			<linea fila="11" compresionDeCeros="true">(1) 1 17 9 47 39 1 47 77 17 30 71 71 71 71 71 30 17 77 47 1 39 47 9 17 1 </linea>
			<linea fila="10" compresionDeCeros="true">(1) 1 17 9 47 39 1 47 77 17 30 30 30 30 30 30 30 17 77 47 1 39 47 9 17 1 </linea>
			<linea fila="9" compresionDeCeros="true">(1) 1 17 9 47 39 1 47 77 17 17 17 17 17 17 17 17 17 77 47 1 39 47 9 17 1 </linea>
			<linea fila="8" compresionDeCeros="true">(1) 1 17 9 47 39 1 47 77 77 77 77 77 77 77 77 77 77 77 47 1 39 47 9 17 1 </linea>
			<linea fila="7" compresionDeCeros="true">(1) 1 17 9 47 39 1 47 47 47 47 47 47 47 47 47 47 47 47 47 1 39 47 9 17 1 </linea>
			<linea fila="6" compresionDeCeros="true">(1) 1 17 9 47 39 1 1 1 1 1 1 1 1 1 1 1 1 1 1 1 39 47 9 17 1 </linea>
			<linea fila="5" compresionDeCeros="true">(1) 1 17 9 47 39 39 39 39 39 39 39 39 39 39 39 39 39 39 39 39 39 47 9 17 1 </linea>
			<linea fila="4" compresionDeCeros="true">(1) 1 17 9 47 47 47 47 47 47 47 47 47 47 47 47 47 47 47 47 47 47 47 9 17 1 </linea>
			<linea fila="3" compresionDeCeros="true">(1) 1 17 9 9 9 9 9 9 9 9 9 9 9 9 9 9 9 9 9 9 9 9 9 17 1 </linea>
			<linea fila="2" compresionDeCeros="true">(1) 1 17 17 17 17 17 17 17 17 17 17 17 17 17 17 17 17 17 17 17 17 17 17 17 1 </linea>
			<linea fila="1" compresionDeCeros="true">(1) 1 1 1 1 1 1 1 1 1 1 1 1 1 1 1 1 1 1 1 1 1 1 1 1 1 </linea>
		</mundo>
	</mundos>
	<programas>
		<programa nombre="p1" resultadoEjecucion="FIN PROGRAMA"/>
	</programas>
</resultados>

