<resultados>
	<mundos>
		<mundo nombre="mundo_0">
			<linea fila="35" compresionDeCeros="true">(1) 15 15 15 15 15 15 15 15 15 15 15 15 15 15 15 15 15 15 15 15 15 15 15 15 15 15 15 15 15 15 15 15 15 15 15 </linea>
			<linea fila="34" compresionDeCeros="true">(1) 15 12 12 12 12 12 12 12 12 12 12 12 12 12 12 12 12 12 12 12 12 12 12 12 12 12 12 12 12 12 12 12 12 12 15 </linea>
			<linea fila="33" compresionDeCeros="true">(1) 15 12 8 8 8 8 8 8 8 8 8 8 8 8 8 8 8 8 8 8 8 8 8 8 8 8 8 8 8 8 8 8 8 12 15 </linea>
			<linea fila="32" compresionDeCeros="true">(1) 15 12 8 32 32 32 32 32 32 32 32 32 32 32 32 32 32 32 32 32 32 32 32 32 32 32 32 32 32 32 32 32 8 12 15 </linea>
			<linea fila="31" compresionDeCeros="true">(1) 15 12 8 32 34 34 34 34 34 34 34 34 34 34 34 34 34 34 34 34 34 34 34 34 34 34 34 34 34 34 34 32 8 12 15 </linea>
			<linea fila="30" compresionDeCeros="true">(1) 15 12 8 32 34 99 99 99 99 99 99 99 99 99 99 99 99 99 99 99 99 99 99 99 99 99 99 99 99 99 34 32 8 12 15 </linea>
			<linea fila="29" compresionDeCeros="true">(1) 15 12 8 32 34 99 26 26 26 26 26 26 26 26 26 26 26 26 26 26 26 26 26 26 26 26 26 26 26 99 34 32 8 12 15 </linea>
			<linea fila="28" compresionDeCeros="true">(1) 15 12 8 32 34 99 26 22 22 22 22 22 22 22 22 22 22 22 22 22 22 22 22 22 22 22 22 22 26 99 34 32 8 12 15 </linea>
			<linea fila="27" compresionDeCeros="true">(1) 15 12 8 32 34 99 26 22 12 12 12 12 12 12 12 12 12 12 12 12 12 12 12 12 12 12 12 22 26 99 34 32 8 12 15 </linea>
			<linea fila="26" compresionDeCeros="true">(1) 15 12 8 32 34 99 26 22 12 43 43 43 43 43 43 43 43 43 43 43 43 43 43 43 43 43 12 22 26 99 34 32 8 12 15 </linea>
			<linea fila="25" compresionDeCeros="true">(1) 15 12 8 32 34 99 26 22 12 43 63 63 63 63 63 63 63 63 63 63 63 63 63 63 63 43 12 22 26 99 34 32 8 12 15 </linea>
			<linea fila="24" compresionDeCeros="true">(1) 15 12 8 32 34 99 26 22 12 43 63 47 47 47 47 47 47 47 47 47 47 47 47 47 63 43 12 22 26 99 34 32 8 12 15 </linea>
			<linea fila="23" compresionDeCeros="true">(1) 15 12 8 32 34 99 26 22 12 43 63 47 66 66 66 66 66 66 66 66 66 66 66 47 63 43 12 22 26 99 34 32 8 12 15 </linea>
			<linea fila="22" compresionDeCeros="true">(1) 15 12 8 32 34 99 26 22 12 43 63 47 66 73 73 73 73 73 73 73 73 73 66 47 63 43 12 22 26 99 34 32 8 12 15 </linea>
			<linea fila="21" compresionDeCeros="true">(1) 15 12 8 32 34 99 26 22 12 43 63 47 66 73 47 47 47 47 47 47 47 73 66 47 63 43 12 22 26 99 34 32 8 12 15 </linea>
			<linea fila="20" compresionDeCeros="true">(1) 15 12 8 32 34 99 26 22 12 43 63 47 66 73 47 15 15 15 15 15 47 73 66 47 63 43 12 22 26 99 34 32 8 12 15 </linea>
			<linea fila="19" compresionDeCeros="true">(1) 15 12 8 32 34 99 26 22 12 43 63 47 66 73 47 15 1 1 1 15 47 73 66 47 63 43 12 22 26 99 34 32 8 12 15 </linea>
			<linea fila="18" compresionDeCeros="true">(1) 15 12 8 32 34 99 26 22 12 43 63 47 66 73 47 15 1 42 1 15 47 73 66 47 63 43 12 22 26 99 34 32 8 12 15 </linea>
			<linea fila="17" compresionDeCeros="true">(1) 15 12 8 32 34 99 26 22 12 43 63 47 66 73 47 15 1 1 1 15 47 73 66 47 63 43 12 22 26 99 34 32 8 12 15 </linea>
			<linea fila="16" compresionDeCeros="true">(1) 15 12 8 32 34 99 26 22 12 43 63 47 66 73 47 15 15 15 15 15 47 73 66 47 63 43 12 22 26 99 34 32 8 12 15 </linea>
			<linea fila="15" compresionDeCeros="true">(1) 15 12 8 32 34 99 26 22 12 43 63 47 66 73 47 47 47 47 47 47 47 73 66 47 63 43 12 22 26 99 34 32 8 12 15 </linea>
			<linea fila="14" compresionDeCeros="true">(1) 15 12 8 32 34 99 26 22 12 43 63 47 66 73 73 73 73 73 73 73 73 73 66 47 63 43 12 22 26 99 34 32 8 12 15 </linea>
			<linea fila="13" compresionDeCeros="true">(1) 15 12 8 32 34 99 26 22 12 43 63 47 66 66 66 66 66 66 66 66 66 66 66 47 63 43 12 22 26 99 34 32 8 12 15 </linea>
			<linea fila="12" compresionDeCeros="true">(1) 15 12 8 32 34 99 26 22 12 43 63 47 47 47 47 47 47 47 47 47 47 47 47 47 63 43 12 22 26 99 34 32 8 12 15 </linea>
			<linea fila="11" compresionDeCeros="true">(1) 15 12 8 32 34 99 26 22 12 43 63 63 63 63 63 63 63 63 63 63 63 63 63 63 63 43 12 22 26 99 34 32 8 12 15 </linea>
			<linea fila="10" compresionDeCeros="true">(1) 15 12 8 32 34 99 26 22 12 43 43 43 43 43 43 43 43 43 43 43 43 43 43 43 43 43 12 22 26 99 34 32 8 12 15 </linea>
			<linea fila="9" compresionDeCeros="true">(1) 15 12 8 32 34 99 26 22 12 12 12 12 12 12 12 12 12 12 12 12 12 12 12 12 12 12 12 22 26 99 34 32 8 12 15 </linea>
			<linea fila="8" compresionDeCeros="true">(1) 15 12 8 32 34 99 26 22 22 22 22 22 22 22 22 22 22 22 22 22 22 22 22 22 22 22 22 22 26 99 34 32 8 12 15 </linea>
			<linea fila="7" compresionDeCeros="true">(1) 15 12 8 32 34 99 26 26 26 26 26 26 26 26 26 26 26 26 26 26 26 26 26 26 26 26 26 26 26 99 34 32 8 12 15 </linea>
			<linea fila="6" compresionDeCeros="true">(1) 15 12 8 32 34 99 99 99 99 99 99 99 99 99 99 99 99 99 99 99 99 99 99 99 99 99 99 99 99 99 34 32 8 12 15 </linea>
			<linea fila="5" compresionDeCeros="true">(1) 15 12 8 32 34 34 34 34 34 34 34 34 34 34 34 34 34 34 34 34 34 34 34 34 34 34 34 34 34 34 34 32 8 12 15 </linea>
			<linea fila="4" compresionDeCeros="true">(1) 15 12 8 32 32 32 32 32 32 32 32 32 32 32 32 32 32 32 32 32 32 32 32 32 32 32 32 32 32 32 32 32 8 12 15 </linea>
			<linea fila="3" compresionDeCeros="true">(1) 15 12 8 8 8 8 8 8 8 8 8 8 8 8 8 8 8 8 8 8 8 8 8 8 8 8 8 8 8 8 8 8 8 12 15 </linea>
			<linea fila="2" compresionDeCeros="true">(1) 15 12 12 12 12 12 12 12 12 12 12 12 12 12 12 12 12 12 12 12 12 12 12 12 12 12 12 12 12 12 12 12 12 12 15 </linea>
			<linea fila="1" compresionDeCeros="true">(1) 15 15 15 15 15 15 15 15 15 15 15 15 15 15 15 15 15 15 15 15 15 15 15 15 15 15 15 15 15 15 15 15 15 15 15 </linea>
		</mundo>
	</mundos>
	<programas>
		<programa nombre="p1" resultadoEjecucion="FIN PROGRAMA"/>
	</programas>
</resultados>

