<resultados>
	<mundos>
		<mundo nombre="mundo_0">
			<linea fila="45" compresionDeCeros="true">(1) 77 77 77 77 77 77 77 77 77 77 77 77 77 77 77 77 77 77 77 77 77 77 77 77 77 77 77 77 77 77 77 77 77 77 77 77 77 77 77 77 77 77 77 77 77 </linea>
			<linea fila="44" compresionDeCeros="true">(1) 77 88 88 88 88 88 88 88 88 88 88 88 88 88 88 88 88 88 88 88 88 88 88 88 88 88 88 88 88 88 88 88 88 88 88 88 88 88 88 88 88 88 88 88 77 </linea>
			<linea fila="43" compresionDeCeros="true">(1) 77 88 48 48 48 48 48 48 48 48 48 48 48 48 48 48 48 48 48 48 48 48 48 48 48 48 48 48 48 48 48 48 48 48 48 48 48 48 48 48 48 48 48 88 77 </linea>
			<linea fila="42" compresionDeCeros="true">(1) 77 88 48 91 91 91 91 91 91 91 91 91 91 91 91 91 91 91 91 91 91 91 91 91 91 91 91 91 91 91 91 91 91 91 91 91 91 91 91 91 91 91 48 88 77 </linea>
			<linea fila="41" compresionDeCeros="true">(1) 77 88 48 91 73 73 73 73 73 73 73 73 73 73 73 73 73 73 73 73 73 73 73 73 73 73 73 73 73 73 73 73 73 73 73 73 73 73 73 73 73 91 48 88 77 </linea>
			<linea fila="40" compresionDeCeros="true">(1) 77 88 48 91 73 89 89 89 89 89 89 89 89 89 89 89 89 89 89 89 89 89 89 89 89 89 89 89 89 89 89 89 89 89 89 89 89 89 89 89 73 91 48 88 77 </linea>
			<linea fila="39" compresionDeCeros="true">(1) 77 88 48 91 73 89 38 38 38 38 38 38 38 38 38 38 38 38 38 38 38 38 38 38 38 38 38 38 38 38 38 38 38 38 38 38 38 38 38 89 73 91 48 88 77 </linea>
			<linea fila="38" compresionDeCeros="true">(1) 77 88 48 91 73 89 38 57 57 57 57 57 57 57 57 57 57 57 57 57 57 57 57 57 57 57 57 57 57 57 57 57 57 57 57 57 57 57 38 89 73 91 48 88 77 </linea>
			<linea fila="37" compresionDeCeros="true">(1) 77 88 48 91 73 89 38 57 71 71 71 71 71 71 71 71 71 71 71 71 71 71 71 71 71 71 71 71 71 71 71 71 71 71 71 71 71 57 38 89 73 91 48 88 77 </linea>
			<linea fila="36" compresionDeCeros="true">(1) 77 88 48 91 73 89 38 57 71 71 71 71 71 71 71 71 71 71 71 71 71 71 71 71 71 71 71 71 71 71 71 71 71 71 71 71 71 57 38 89 73 91 48 88 77 </linea>
			<linea fila="35" compresionDeCeros="true">(1) 77 88 48 91 73 89 38 57 71 71 90 90 90 90 90 90 90 90 90 90 90 90 90 90 90 90 90 90 90 90 90 90 90 90 90 71 71 57 38 89 73 91 48 88 77 </linea>
			<linea fila="34" compresionDeCeros="true">(1) 77 88 48 91 73 89 38 57 71 71 90 83 83 83 83 83 83 83 83 83 83 83 83 83 83 83 83 83 83 83 83 83 83 83 90 71 71 57 38 89 73 91 48 88 77 </linea>
			<linea fila="33" compresionDeCeros="true">(1) 77 88 48 91 73 89 38 57 71 71 90 83 78 78 78 78 78 78 78 78 78 78 78 78 78 78 78 78 78 78 78 78 78 83 90 71 71 57 38 89 73 91 48 88 77 </linea>
			<linea fila="32" compresionDeCeros="true">(1) 77 88 48 91 73 89 38 57 71 71 90 83 78 1 1 1 1 1 1 1 1 1 1 1 1 1 1 1 1 1 1 1 78 83 90 71 71 57 38 89 73 91 48 88 77 </linea>
			<linea fila="31" compresionDeCeros="true">(1) 77 88 48 91 73 89 38 57 71 71 90 83 78 1 72 72 72 72 72 72 72 72 72 72 72 72 72 72 72 72 72 1 78 83 90 71 71 57 38 89 73 91 48 88 77 </linea>
			<linea fila="30" compresionDeCeros="true">(1) 77 88 48 91 73 89 38 57 71 71 90 83 78 1 72 92 92 92 92 92 92 92 92 92 92 92 92 92 92 92 72 1 78 83 90 71 71 57 38 89 73 91 48 88 77 </linea>
			<linea fila="29" compresionDeCeros="true">(1) 77 88 48 91 73 89 38 57 71 71 90 83 78 1 72 92 69 69 69 69 69 69 69 69 69 69 69 69 69 92 72 1 78 83 90 71 71 57 38 89 73 91 48 88 77 </linea>
			<linea fila="28" compresionDeCeros="true">(1) 77 88 48 91 73 89 38 57 71 71 90 83 78 1 72 92 69 13 13 13 13 13 13 13 13 13 13 13 69 92 72 1 78 83 90 71 71 57 38 89 73 91 48 88 77 </linea>
			<linea fila="27" compresionDeCeros="true">(1) 77 88 48 91 73 89 38 57 71 71 90 83 78 1 72 92 69 13 1 1 1 1 1 1 1 1 1 13 69 92 72 1 78 83 90 71 71 57 38 89 73 91 48 88 77 </linea>
			<linea fila="26" compresionDeCeros="true">(1) 77 88 48 91 73 89 38 57 71 71 90 83 78 1 72 92 69 13 1 6 6 6 6 6 6 6 1 13 69 92 72 1 78 83 90 71 71 57 38 89 73 91 48 88 77 </linea>
			<linea fila="25" compresionDeCeros="true">(1) 77 88 48 91 73 89 38 57 71 71 90 83 78 1 72 92 69 13 1 6 38 38 38 38 38 6 1 13 69 92 72 1 78 83 90 71 71 57 38 89 73 91 48 88 77 </linea>
			<linea fila="24" compresionDeCeros="true">(1) 77 88 48 91 73 89 38 57 71 71 90 83 78 1 72 92 69 13 1 6 38 7 7 7 38 6 1 13 69 92 72 1 78 83 90 71 71 57 38 89 73 91 48 88 77 </linea>
			<linea fila="23" compresionDeCeros="true">(1) 77 88 48 91 73 89 38 57 71 71 90 83 78 1 72 92 69 13 1 6 38 7 1 7 38 6 1 13 69 92 72 1 78 83 90 71 71 57 38 89 73 91 48 88 77 </linea>
			<linea fila="22" compresionDeCeros="true">(1) 77 88 48 91 73 89 38 57 71 71 90 83 78 1 72 92 69 13 1 6 38 7 7 7 38 6 1 13 69 92 72 1 78 83 90 71 71 57 38 89 73 91 48 88 77 </linea>
			<linea fila="21" compresionDeCeros="true">(1) 77 88 48 91 73 89 38 57 71 71 90 83 78 1 72 92 69 13 1 6 38 38 38 38 38 6 1 13 69 92 72 1 78 83 90 71 71 57 38 89 73 91 48 88 77 </linea>
			<linea fila="20" compresionDeCeros="true">(1) 77 88 48 91 73 89 38 57 71 71 90 83 78 1 72 92 69 13 1 6 6 6 6 6 6 6 1 13 69 92 72 1 78 83 90 71 71 57 38 89 73 91 48 88 77 </linea>
			<linea fila="19" compresionDeCeros="true">(1) 77 88 48 91 73 89 38 57 71 71 90 83 78 1 72 92 69 13 1 1 1 1 1 1 1 1 1 13 69 92 72 1 78 83 90 71 71 57 38 89 73 91 48 88 77 </linea>
			<linea fila="18" compresionDeCeros="true">(1) 77 88 48 91 73 89 38 57 71 71 90 83 78 1 72 92 69 13 13 13 13 13 13 13 13 13 13 13 69 92 72 1 78 83 90 71 71 57 38 89 73 91 48 88 77 </linea>
			<linea fila="17" compresionDeCeros="true">(1) 77 88 48 91 73 89 38 57 71 71 90 83 78 1 72 92 69 69 69 69 69 69 69 69 69 69 69 69 69 92 72 1 78 83 90 71 71 57 38 89 73 91 48 88 77 </linea>
			<linea fila="16" compresionDeCeros="true">(1) 77 88 48 91 73 89 38 57 71 71 90 83 78 1 72 92 92 92 92 92 92 92 92 92 92 92 92 92 92 92 72 1 78 83 90 71 71 57 38 89 73 91 48 88 77 </linea>
			<linea fila="15" compresionDeCeros="true">(1) 77 88 48 91 73 89 38 57 71 71 90 83 78 1 72 72 72 72 72 72 72 72 72 72 72 72 72 72 72 72 72 1 78 83 90 71 71 57 38 89 73 91 48 88 77 </linea>
			<linea fila="14" compresionDeCeros="true">(1) 77 88 48 91 73 89 38 57 71 71 90 83 78 1 1 1 1 1 1 1 1 1 1 1 1 1 1 1 1 1 1 1 78 83 90 71 71 57 38 89 73 91 48 88 77 </linea>
			<linea fila="13" compresionDeCeros="true">(1) 77 88 48 91 73 89 38 57 71 71 90 83 78 78 78 78 78 78 78 78 78 78 78 78 78 78 78 78 78 78 78 78 78 83 90 71 71 57 38 89 73 91 48 88 77 </linea>
			<linea fila="12" compresionDeCeros="true">(1) 77 88 48 91 73 89 38 57 71 71 90 83 83 83 83 83 83 83 83 83 83 83 83 83 83 83 83 83 83 83 83 83 83 83 90 71 71 57 38 89 73 91 48 88 77 </linea>
			<linea fila="11" compresionDeCeros="true">(1) 77 88 48 91 73 89 38 57 71 71 90 90 90 90 90 90 90 90 90 90 90 90 90 90 90 90 90 90 90 90 90 90 90 90 90 71 71 57 38 89 73 91 48 88 77 </linea>
			<linea fila="10" compresionDeCeros="true">(1) 77 88 48 91 73 89 38 57 71 71 71 71 71 71 71 71 71 71 71 71 71 71 71 71 71 71 71 71 71 71 71 71 71 71 71 71 71 57 38 89 73 91 48 88 77 </linea>
			<linea fila="9" compresionDeCeros="true">(1) 77 88 48 91 73 89 38 57 71 71 71 71 71 71 71 71 71 71 71 71 71 71 71 71 71 71 71 71 71 71 71 71 71 71 71 71 71 57 38 89 73 91 48 88 77 </linea>
			<linea fila="8" compresionDeCeros="true">(1) 77 88 48 91 73 89 38 57 57 57 57 57 57 57 57 57 57 57 57 57 57 57 57 57 57 57 57 57 57 57 57 57 57 57 57 57 57 57 38 89 73 91 48 88 77 </linea>
			<linea fila="7" compresionDeCeros="true">(1) 77 88 48 91 73 89 38 38 38 38 38 38 38 38 38 38 38 38 38 38 38 38 38 38 38 38 38 38 38 38 38 38 38 38 38 38 38 38 38 89 73 91 48 88 77 </linea>
			<linea fila="6" compresionDeCeros="true">(1) 77 88 48 91 73 89 89 89 89 89 89 89 89 89 89 89 89 89 89 89 89 89 89 89 89 89 89 89 89 89 89 89 89 89 89 89 89 89 89 89 73 91 48 88 77 </linea>
			<linea fila="5" compresionDeCeros="true">(1) 77 88 48 91 73 73 73 73 73 73 73 73 73 73 73 73 73 73 73 73 73 73 73 73 73 73 73 73 73 73 73 73 73 73 73 73 73 73 73 73 73 91 48 88 77 </linea>
			<linea fila="4" compresionDeCeros="true">(1) 77 88 48 91 91 91 91 91 91 91 91 91 91 91 91 91 91 91 91 91 91 91 91 91 91 91 91 91 91 91 91 91 91 91 91 91 91 91 91 91 91 91 48 88 77 </linea>
			<linea fila="3" compresionDeCeros="true">(1) 77 88 48 48 48 48 48 48 48 48 48 48 48 48 48 48 48 48 48 48 48 48 48 48 48 48 48 48 48 48 48 48 48 48 48 48 48 48 48 48 48 48 48 88 77 </linea>
			<linea fila="2" compresionDeCeros="true">(1) 77 88 88 88 88 88 88 88 88 88 88 88 88 88 88 88 88 88 88 88 88 88 88 88 88 88 88 88 88 88 88 88 88 88 88 88 88 88 88 88 88 88 88 88 77 </linea>
			<linea fila="1" compresionDeCeros="true">(1) 77 77 77 77 77 77 77 77 77 77 77 77 77 77 77 77 77 77 77 77 77 77 77 77 77 77 77 77 77 77 77 77 77 77 77 77 77 77 77 77 77 77 77 77 77 </linea>
		</mundo>
	</mundos>
	<programas>
		<programa nombre="p1" resultadoEjecucion="FIN PROGRAMA"/>
	</programas>
</resultados>

