<resultados>
	<mundos>
		<mundo nombre="mundo_0">
			<linea fila="49" compresionDeCeros="true">(1) 1 1 1 1 1 1 1 1 1 1 1 1 1 1 1 1 1 1 1 1 1 1 1 1 1 1 1 1 1 1 1 1 1 1 1 1 1 1 1 1 1 1 1 1 1 1 1 1 1 </linea>
			<linea fila="48" compresionDeCeros="true">(1) 1 1 1 1 1 1 1 1 1 1 1 1 1 1 1 1 1 1 1 1 1 1 1 1 1 1 1 1 1 1 1 1 1 1 1 1 1 1 1 1 1 1 1 1 1 1 1 1 1 </linea>
			<linea fila="47" compresionDeCeros="true">(1) 1 1 22 22 22 22 22 22 22 22 22 22 22 22 22 22 22 22 22 22 22 22 22 22 22 22 22 22 22 22 22 22 22 22 22 22 22 22 22 22 22 22 22 22 22 22 22 1 1 </linea>
			<linea fila="46" compresionDeCeros="true">(1) 1 1 22 78 78 78 78 78 78 78 78 78 78 78 78 78 78 78 78 78 78 78 78 78 78 78 78 78 78 78 78 78 78 78 78 78 78 78 78 78 78 78 78 78 78 78 22 1 1 </linea>
			<linea fila="45" compresionDeCeros="true">(1) 1 1 22 78 60 60 60 60 60 60 60 60 60 60 60 60 60 60 60 60 60 60 60 60 60 60 60 60 60 60 60 60 60 60 60 60 60 60 60 60 60 60 60 60 60 78 22 1 1 </linea>
			<linea fila="44" compresionDeCeros="true">(1) 1 1 22 78 60 37 37 37 37 37 37 37 37 37 37 37 37 37 37 37 37 37 37 37 37 37 37 37 37 37 37 37 37 37 37 37 37 37 37 37 37 37 37 37 60 78 22 1 1 </linea>
			<linea fila="43" compresionDeCeros="true">(1) 1 1 22 78 60 37 37 37 37 37 37 37 37 37 37 37 37 37 37 37 37 37 37 37 37 37 37 37 37 37 37 37 37 37 37 37 37 37 37 37 37 37 37 37 60 78 22 1 1 </linea>
			<linea fila="42" compresionDeCeros="true">(1) 1 1 22 78 60 37 37 81 81 81 81 81 81 81 81 81 81 81 81 81 81 81 81 81 81 81 81 81 81 81 81 81 81 81 81 81 81 81 81 81 81 81 37 37 60 78 22 1 1 </linea>
			<linea fila="41" compresionDeCeros="true">(1) 1 1 22 78 60 37 37 81 57 57 57 57 57 57 57 57 57 57 57 57 57 57 57 57 57 57 57 57 57 57 57 57 57 57 57 57 57 57 57 57 57 81 37 37 60 78 22 1 1 </linea>
			<linea fila="40" compresionDeCeros="true">(1) 1 1 22 78 60 37 37 81 57 68 68 68 68 68 68 68 68 68 68 68 68 68 68 68 68 68 68 68 68 68 68 68 68 68 68 68 68 68 68 68 57 81 37 37 60 78 22 1 1 </linea>
			<linea fila="39" compresionDeCeros="true">(1) 1 1 22 78 60 37 37 81 57 68 75 75 75 75 75 75 75 75 75 75 75 75 75 75 75 75 75 75 75 75 75 75 75 75 75 75 75 75 75 68 57 81 37 37 60 78 22 1 1 </linea>
			<linea fila="38" compresionDeCeros="true">(1) 1 1 22 78 60 37 37 81 57 68 75 84 84 84 84 84 84 84 84 84 84 84 84 84 84 84 84 84 84 84 84 84 84 84 84 84 84 84 75 68 57 81 37 37 60 78 22 1 1 </linea>
			<linea fila="37" compresionDeCeros="true">(1) 1 1 22 78 60 37 37 81 57 68 75 84 90 90 90 90 90 90 90 90 90 90 90 90 90 90 90 90 90 90 90 90 90 90 90 90 90 84 75 68 57 81 37 37 60 78 22 1 1 </linea>
			<linea fila="36" compresionDeCeros="true">(1) 1 1 22 78 60 37 37 81 57 68 75 84 90 65 65 65 65 65 65 65 65 65 65 65 65 65 65 65 65 65 65 65 65 65 65 65 90 84 75 68 57 81 37 37 60 78 22 1 1 </linea>
			<linea fila="35" compresionDeCeros="true">(1) 1 1 22 78 60 37 37 81 57 68 75 84 90 65 5 5 5 5 5 5 5 5 5 5 5 5 5 5 5 5 5 5 5 5 5 65 90 84 75 68 57 81 37 37 60 78 22 1 1 </linea>
			<linea fila="34" compresionDeCeros="true">(1) 1 1 22 78 60 37 37 81 57 68 75 84 90 65 5 74 74 74 74 74 74 74 74 74 74 74 74 74 74 74 74 74 74 74 5 65 90 84 75 68 57 81 37 37 60 78 22 1 1 </linea>
			<linea fila="33" compresionDeCeros="true">(1) 1 1 22 78 60 37 37 81 57 68 75 84 90 65 5 74 41 41 41 41 41 41 41 41 41 41 41 41 41 41 41 41 41 74 5 65 90 84 75 68 57 81 37 37 60 78 22 1 1 </linea>
			<linea fila="32" compresionDeCeros="true">(1) 1 1 22 78 60 37 37 81 57 68 75 84 90 65 5 74 41 75 75 75 75 75 75 75 75 75 75 75 75 75 75 75 41 74 5 65 90 84 75 68 57 81 37 37 60 78 22 1 1 </linea>
			<linea fila="31" compresionDeCeros="true">(1) 1 1 22 78 60 37 37 81 57 68 75 84 90 65 5 74 41 75 22 22 22 22 22 22 22 22 22 22 22 22 22 75 41 74 5 65 90 84 75 68 57 81 37 37 60 78 22 1 1 </linea>
			<linea fila="30" compresionDeCeros="true">(1) 1 1 22 78 60 37 37 81 57 68 75 84 90 65 5 74 41 75 22 89 89 89 89 89 89 89 89 89 89 89 22 75 41 74 5 65 90 84 75 68 57 81 37 37 60 78 22 1 1 </linea>
			<linea fila="29" compresionDeCeros="true">(1) 1 1 22 78 60 37 37 81 57 68 75 84 90 65 5 74 41 75 22 89 43 43 43 43 43 43 43 43 43 89 22 75 41 74 5 65 90 84 75 68 57 81 37 37 60 78 22 1 1 </linea>
			<linea fila="28" compresionDeCeros="true">(1) 1 1 22 78 60 37 37 81 57 68 75 84 90 65 5 74 41 75 22 89 43 70 70 70 70 70 70 70 43 89 22 75 41 74 5 65 90 84 75 68 57 81 37 37 60 78 22 1 1 </linea>
			<linea fila="27" compresionDeCeros="true">(1) 1 1 22 78 60 37 37 81 57 68 75 84 90 65 5 74 41 75 22 89 43 70 97 97 97 97 97 70 43 89 22 75 41 74 5 65 90 84 75 68 57 81 37 37 60 78 22 1 1 </linea>
			<linea fila="26" compresionDeCeros="true">(1) 1 1 22 78 60 37 37 81 57 68 75 84 90 65 5 74 41 75 22 89 43 70 97 1 1 1 97 70 43 89 22 75 41 74 5 65 90 84 75 68 57 81 37 37 60 78 22 1 1 </linea>
			<linea fila="25" compresionDeCeros="true">(1) 1 1 22 78 60 37 37 81 57 68 75 84 90 65 5 74 41 75 22 89 43 70 97 1 1 1 97 70 43 89 22 75 41 74 5 65 90 84 75 68 57 81 37 37 60 78 22 1 1 </linea>
			<linea fila="24" compresionDeCeros="true">(1) 1 1 22 78 60 37 37 81 57 68 75 84 90 65 5 74 41 75 22 89 43 70 97 1 1 1 97 70 43 89 22 75 41 74 5 65 90 84 75 68 57 81 37 37 60 78 22 1 1 </linea>
			<linea fila="23" compresionDeCeros="true">(1) 1 1 22 78 60 37 37 81 57 68 75 84 90 65 5 74 41 75 22 89 43 70 97 97 97 97 97 70 43 89 22 75 41 74 5 65 90 84 75 68 57 81 37 37 60 78 22 1 1 </linea>
			<linea fila="22" compresionDeCeros="true">(1) 1 1 22 78 60 37 37 81 57 68 75 84 90 65 5 74 41 75 22 89 43 70 70 70 70 70 70 70 43 89 22 75 41 74 5 65 90 84 75 68 57 81 37 37 60 78 22 1 1 </linea>
			<linea fila="21" compresionDeCeros="true">(1) 1 1 22 78 60 37 37 81 57 68 75 84 90 65 5 74 41 75 22 89 43 43 43 43 43 43 43 43 43 89 22 75 41 74 5 65 90 84 75 68 57 81 37 37 60 78 22 1 1 </linea>
			<linea fila="20" compresionDeCeros="true">(1) 1 1 22 78 60 37 37 81 57 68 75 84 90 65 5 74 41 75 22 89 89 89 89 89 89 89 89 89 89 89 22 75 41 74 5 65 90 84 75 68 57 81 37 37 60 78 22 1 1 </linea>
			<linea fila="19" compresionDeCeros="true">(1) 1 1 22 78 60 37 37 81 57 68 75 84 90 65 5 74 41 75 22 22 22 22 22 22 22 22 22 22 22 22 22 75 41 74 5 65 90 84 75 68 57 81 37 37 60 78 22 1 1 </linea>
			<linea fila="18" compresionDeCeros="true">(1) 1 1 22 78 60 37 37 81 57 68 75 84 90 65 5 74 41 75 75 75 75 75 75 75 75 75 75 75 75 75 75 75 41 74 5 65 90 84 75 68 57 81 37 37 60 78 22 1 1 </linea>
			<linea fila="17" compresionDeCeros="true">(1) 1 1 22 78 60 37 37 81 57 68 75 84 90 65 5 74 41 41 41 41 41 41 41 41 41 41 41 41 41 41 41 41 41 74 5 65 90 84 75 68 57 81 37 37 60 78 22 1 1 </linea>
			<linea fila="16" compresionDeCeros="true">(1) 1 1 22 78 60 37 37 81 57 68 75 84 90 65 5 74 74 74 74 74 74 74 74 74 74 74 74 74 74 74 74 74 74 74 5 65 90 84 75 68 57 81 37 37 60 78 22 1 1 </linea>
			<linea fila="15" compresionDeCeros="true">(1) 1 1 22 78 60 37 37 81 57 68 75 84 90 65 5 5 5 5 5 5 5 5 5 5 5 5 5 5 5 5 5 5 5 5 5 65 90 84 75 68 57 81 37 37 60 78 22 1 1 </linea>
			<linea fila="14" compresionDeCeros="true">(1) 1 1 22 78 60 37 37 81 57 68 75 84 90 65 65 65 65 65 65 65 65 65 65 65 65 65 65 65 65 65 65 65 65 65 65 65 90 84 75 68 57 81 37 37 60 78 22 1 1 </linea>
			<linea fila="13" compresionDeCeros="true">(1) 1 1 22 78 60 37 37 81 57 68 75 84 90 90 90 90 90 90 90 90 90 90 90 90 90 90 90 90 90 90 90 90 90 90 90 90 90 84 75 68 57 81 37 37 60 78 22 1 1 </linea>
			<linea fila="12" compresionDeCeros="true">(1) 1 1 22 78 60 37 37 81 57 68 75 84 84 84 84 84 84 84 84 84 84 84 84 84 84 84 84 84 84 84 84 84 84 84 84 84 84 84 75 68 57 81 37 37 60 78 22 1 1 </linea>
			<linea fila="11" compresionDeCeros="true">(1) 1 1 22 78 60 37 37 81 57 68 75 75 75 75 75 75 75 75 75 75 75 75 75 75 75 75 75 75 75 75 75 75 75 75 75 75 75 75 75 68 57 81 37 37 60 78 22 1 1 </linea>
			<linea fila="10" compresionDeCeros="true">(1) 1 1 22 78 60 37 37 81 57 68 68 68 68 68 68 68 68 68 68 68 68 68 68 68 68 68 68 68 68 68 68 68 68 68 68 68 68 68 68 68 57 81 37 37 60 78 22 1 1 </linea>
			<linea fila="9" compresionDeCeros="true">(1) 1 1 22 78 60 37 37 81 57 57 57 57 57 57 57 57 57 57 57 57 57 57 57 57 57 57 57 57 57 57 57 57 57 57 57 57 57 57 57 57 57 81 37 37 60 78 22 1 1 </linea>
			<linea fila="8" compresionDeCeros="true">(1) 1 1 22 78 60 37 37 81 81 81 81 81 81 81 81 81 81 81 81 81 81 81 81 81 81 81 81 81 81 81 81 81 81 81 81 81 81 81 81 81 81 81 37 37 60 78 22 1 1 </linea>
			<linea fila="7" compresionDeCeros="true">(1) 1 1 22 78 60 37 37 37 37 37 37 37 37 37 37 37 37 37 37 37 37 37 37 37 37 37 37 37 37 37 37 37 37 37 37 37 37 37 37 37 37 37 37 37 60 78 22 1 1 </linea>
			<linea fila="6" compresionDeCeros="true">(1) 1 1 22 78 60 37 37 37 37 37 37 37 37 37 37 37 37 37 37 37 37 37 37 37 37 37 37 37 37 37 37 37 37 37 37 37 37 37 37 37 37 37 37 37 60 78 22 1 1 </linea>
			<linea fila="5" compresionDeCeros="true">(1) 1 1 22 78 60 60 60 60 60 60 60 60 60 60 60 60 60 60 60 60 60 60 60 60 60 60 60 60 60 60 60 60 60 60 60 60 60 60 60 60 60 60 60 60 60 78 22 1 1 </linea>
			<linea fila="4" compresionDeCeros="true">(1) 1 1 22 78 78 78 78 78 78 78 78 78 78 78 78 78 78 78 78 78 78 78 78 78 78 78 78 78 78 78 78 78 78 78 78 78 78 78 78 78 78 78 78 78 78 78 22 1 1 </linea>
			<linea fila="3" compresionDeCeros="true">(1) 1 1 22 22 22 22 22 22 22 22 22 22 22 22 22 22 22 22 22 22 22 22 22 22 22 22 22 22 22 22 22 22 22 22 22 22 22 22 22 22 22 22 22 22 22 22 22 1 1 </linea>
			<linea fila="2" compresionDeCeros="true">(1) 1 1 1 1 1 1 1 1 1 1 1 1 1 1 1 1 1 1 1 1 1 1 1 1 1 1 1 1 1 1 1 1 1 1 1 1 1 1 1 1 1 1 1 1 1 1 1 1 1 </linea>
			<linea fila="1" compresionDeCeros="true">(1) 1 1 1 1 1 1 1 1 1 1 1 1 1 1 1 1 1 1 1 1 1 1 1 1 1 1 1 1 1 1 1 1 1 1 1 1 1 1 1 1 1 1 1 1 1 1 1 1 1 </linea>
		</mundo>
	</mundos>
	<programas>
		<programa nombre="p1" resultadoEjecucion="FIN PROGRAMA"/>
	</programas>
</resultados>

