<resultados>
	<mundos>
		<mundo nombre="mundo_0">
			<linea fila="13" compresionDeCeros="true">(1) 1 1 1 1 1 1 1 1 1 1 1 1 1 </linea>
			<linea fila="12" compresionDeCeros="true">(1) 1 7 7 7 7 7 7 7 7 7 7 7 1 </linea>
			<linea fila="11" compresionDeCeros="true">(1) 1 7 1 1 1 1 1 1 1 1 1 7 1 </linea>
			<linea fila="10" compresionDeCeros="true">(1) 1 7 1 12 12 12 12 12 12 12 1 7 1 </linea>
			<linea fila="9" compresionDeCeros="true">(1) 1 7 1 12 7 7 7 7 7 12 1 7 1 </linea>
			<linea fila="8" compresionDeCeros="true">(1) 1 7 1 12 7 56 56 56 7 12 1 7 1 </linea>
			<linea fila="7" compresionDeCeros="true">(1) 1 7 1 12 7 56 7 56 7 12 1 7 1 </linea>
			<linea fila="6" compresionDeCeros="true">(1) 1 7 1 12 7 56 56 56 7 12 1 7 1 </linea>
			<linea fila="5" compresionDeCeros="true">(1) 1 7 1 12 7 7 7 7 7 12 1 7 1 </linea>
			<linea fila="4" compresionDeCeros="true">(1) 1 7 1 12 12 12 12 12 12 12 1 7 1 </linea>
			<linea fila="3" compresionDeCeros="true">(1) 1 7 1 1 1 1 1 1 1 1 1 7 1 </linea>
			<linea fila="2" compresionDeCeros="true">(1) 1 7 7 7 7 7 7 7 7 7 7 7 1 </linea>
			<linea fila="1" compresionDeCeros="true">(1) 1 1 1 1 1 1 1 1 1 1 1 1 1 </linea>
		</mundo>
	</mundos>
	<programas>
		<programa nombre="p1" resultadoEjecucion="FIN PROGRAMA"/>
	</programas>
</resultados>

