<resultados>
	<mundos>
		<mundo nombre="mundo_0">
			<linea fila="41" compresionDeCeros="true">(1) 66 66 66 66 66 66 66 66 66 66 66 66 66 66 66 66 66 66 66 66 66 66 66 66 66 66 66 66 66 66 66 66 66 66 66 66 66 66 66 66 66 </linea>
			<linea fila="40" compresionDeCeros="true">(1) 66 54 54 54 54 54 54 54 54 54 54 54 54 54 54 54 54 54 54 54 54 54 54 54 54 54 54 54 54 54 54 54 54 54 54 54 54 54 54 54 66 </linea>
			<linea fila="39" compresionDeCeros="true">(1) 66 54 21 21 21 21 21 21 21 21 21 21 21 21 21 21 21 21 21 21 21 21 21 21 21 21 21 21 21 21 21 21 21 21 21 21 21 21 21 54 66 </linea>
			<linea fila="38" compresionDeCeros="true">(1) 66 54 21 30 30 30 30 30 30 30 30 30 30 30 30 30 30 30 30 30 30 30 30 30 30 30 30 30 30 30 30 30 30 30 30 30 30 30 21 54 66 </linea>
			<linea fila="37" compresionDeCeros="true">(1) 66 54 21 30 11 11 11 11 11 11 11 11 11 11 11 11 11 11 11 11 11 11 11 11 11 11 11 11 11 11 11 11 11 11 11 11 11 30 21 54 66 </linea>
			<linea fila="36" compresionDeCeros="true">(1) 66 54 21 30 11 10 10 10 10 10 10 10 10 10 10 10 10 10 10 10 10 10 10 10 10 10 10 10 10 10 10 10 10 10 10 10 11 30 21 54 66 </linea>
			<linea fila="35" compresionDeCeros="true">(1) 66 54 21 30 11 10 66 66 66 66 66 66 66 66 66 66 66 66 66 66 66 66 66 66 66 66 66 66 66 66 66 66 66 66 66 10 11 30 21 54 66 </linea>
			<linea fila="34" compresionDeCeros="true">(1) 66 54 21 30 11 10 66 19 19 19 19 19 19 19 19 19 19 19 19 19 19 19 19 19 19 19 19 19 19 19 19 19 19 19 66 10 11 30 21 54 66 </linea>
			<linea fila="33" compresionDeCeros="true">(1) 66 54 21 30 11 10 66 19 4 4 4 4 4 4 4 4 4 4 4 4 4 4 4 4 4 4 4 4 4 4 4 4 4 19 66 10 11 30 21 54 66 </linea>
			<linea fila="32" compresionDeCeros="true">(1) 66 54 21 30 11 10 66 19 4 23 23 23 23 23 23 23 23 23 23 23 23 23 23 23 23 23 23 23 23 23 23 23 4 19 66 10 11 30 21 54 66 </linea>
			<linea fila="31" compresionDeCeros="true">(1) 66 54 21 30 11 10 66 19 4 23 66 66 66 66 66 66 66 66 66 66 66 66 66 66 66 66 66 66 66 66 66 23 4 19 66 10 11 30 21 54 66 </linea>
			<linea fila="30" compresionDeCeros="true">(1) 66 54 21 30 11 10 66 19 4 23 66 69 69 69 69 69 69 69 69 69 69 69 69 69 69 69 69 69 69 69 66 23 4 19 66 10 11 30 21 54 66 </linea>
			<linea fila="29" compresionDeCeros="true">(1) 66 54 21 30 11 10 66 19 4 23 66 69 96 96 96 96 96 96 96 96 96 96 96 96 96 96 96 96 96 69 66 23 4 19 66 10 11 30 21 54 66 </linea>
			<linea fila="28" compresionDeCeros="true">(1) 66 54 21 30 11 10 66 19 4 23 66 69 96 4 4 4 4 4 4 4 4 4 4 4 4 4 4 4 96 69 66 23 4 19 66 10 11 30 21 54 66 </linea>
			<linea fila="27" compresionDeCeros="true">(1) 66 54 21 30 11 10 66 19 4 23 66 69 96 4 90 90 90 90 90 90 90 90 90 90 90 90 90 4 96 69 66 23 4 19 66 10 11 30 21 54 66 </linea>
			<linea fila="26" compresionDeCeros="true">(1) 66 54 21 30 11 10 66 19 4 23 66 69 96 4 90 53 53 53 53 53 53 53 53 53 53 53 90 4 96 69 66 23 4 19 66 10 11 30 21 54 66 </linea>
			<linea fila="25" compresionDeCeros="true">(1) 66 54 21 30 11 10 66 19 4 23 66 69 96 4 90 53 47 47 47 47 47 47 47 47 47 53 90 4 96 69 66 23 4 19 66 10 11 30 21 54 66 </linea>
			<linea fila="24" compresionDeCeros="true">(1) 66 54 21 30 11 10 66 19 4 23 66 69 96 4 90 53 47 27 27 27 27 27 27 27 47 53 90 4 96 69 66 23 4 19 66 10 11 30 21 54 66 </linea>
			<linea fila="23" compresionDeCeros="true">(1) 66 54 21 30 11 10 66 19 4 23 66 69 96 4 90 53 47 27 20 20 20 20 20 27 47 53 90 4 96 69 66 23 4 19 66 10 11 30 21 54 66 </linea>
			<linea fila="22" compresionDeCeros="true">(1) 66 54 21 30 11 10 66 19 4 23 66 69 96 4 90 53 47 27 20 34 34 34 20 27 47 53 90 4 96 69 66 23 4 19 66 10 11 30 21 54 66 </linea>
			<linea fila="21" compresionDeCeros="true">(1) 66 54 21 30 11 10 66 19 4 23 66 69 96 4 90 53 47 27 20 34 1 34 20 27 47 53 90 4 96 69 66 23 4 19 66 10 11 30 21 54 66 </linea>
			<linea fila="20" compresionDeCeros="true">(1) 66 54 21 30 11 10 66 19 4 23 66 69 96 4 90 53 47 27 20 34 34 34 20 27 47 53 90 4 96 69 66 23 4 19 66 10 11 30 21 54 66 </linea>
			<linea fila="19" compresionDeCeros="true">(1) 66 54 21 30 11 10 66 19 4 23 66 69 96 4 90 53 47 27 20 20 20 20 20 27 47 53 90 4 96 69 66 23 4 19 66 10 11 30 21 54 66 </linea>
			<linea fila="18" compresionDeCeros="true">(1) 66 54 21 30 11 10 66 19 4 23 66 69 96 4 90 53 47 27 27 27 27 27 27 27 47 53 90 4 96 69 66 23 4 19 66 10 11 30 21 54 66 </linea>
			<linea fila="17" compresionDeCeros="true">(1) 66 54 21 30 11 10 66 19 4 23 66 69 96 4 90 53 47 47 47 47 47 47 47 47 47 53 90 4 96 69 66 23 4 19 66 10 11 30 21 54 66 </linea>
			<linea fila="16" compresionDeCeros="true">(1) 66 54 21 30 11 10 66 19 4 23 66 69 96 4 90 53 53 53 53 53 53 53 53 53 53 53 90 4 96 69 66 23 4 19 66 10 11 30 21 54 66 </linea>
			<linea fila="15" compresionDeCeros="true">(1) 66 54 21 30 11 10 66 19 4 23 66 69 96 4 90 90 90 90 90 90 90 90 90 90 90 90 90 4 96 69 66 23 4 19 66 10 11 30 21 54 66 </linea>
			<linea fila="14" compresionDeCeros="true">(1) 66 54 21 30 11 10 66 19 4 23 66 69 96 4 4 4 4 4 4 4 4 4 4 4 4 4 4 4 96 69 66 23 4 19 66 10 11 30 21 54 66 </linea>
			<linea fila="13" compresionDeCeros="true">(1) 66 54 21 30 11 10 66 19 4 23 66 69 96 96 96 96 96 96 96 96 96 96 96 96 96 96 96 96 96 69 66 23 4 19 66 10 11 30 21 54 66 </linea>
			<linea fila="12" compresionDeCeros="true">(1) 66 54 21 30 11 10 66 19 4 23 66 69 69 69 69 69 69 69 69 69 69 69 69 69 69 69 69 69 69 69 66 23 4 19 66 10 11 30 21 54 66 </linea>
			<linea fila="11" compresionDeCeros="true">(1) 66 54 21 30 11 10 66 19 4 23 66 66 66 66 66 66 66 66 66 66 66 66 66 66 66 66 66 66 66 66 66 23 4 19 66 10 11 30 21 54 66 </linea>
			<linea fila="10" compresionDeCeros="true">(1) 66 54 21 30 11 10 66 19 4 23 23 23 23 23 23 23 23 23 23 23 23 23 23 23 23 23 23 23 23 23 23 23 4 19 66 10 11 30 21 54 66 </linea>
			<linea fila="9" compresionDeCeros="true">(1) 66 54 21 30 11 10 66 19 4 4 4 4 4 4 4 4 4 4 4 4 4 4 4 4 4 4 4 4 4 4 4 4 4 19 66 10 11 30 21 54 66 </linea>
			<linea fila="8" compresionDeCeros="true">(1) 66 54 21 30 11 10 66 19 19 19 19 19 19 19 19 19 19 19 19 19 19 19 19 19 19 19 19 19 19 19 19 19 19 19 66 10 11 30 21 54 66 </linea>
			<linea fila="7" compresionDeCeros="true">(1) 66 54 21 30 11 10 66 66 66 66 66 66 66 66 66 66 66 66 66 66 66 66 66 66 66 66 66 66 66 66 66 66 66 66 66 10 11 30 21 54 66 </linea>
			<linea fila="6" compresionDeCeros="true">(1) 66 54 21 30 11 10 10 10 10 10 10 10 10 10 10 10 10 10 10 10 10 10 10 10 10 10 10 10 10 10 10 10 10 10 10 10 11 30 21 54 66 </linea>
			<linea fila="5" compresionDeCeros="true">(1) 66 54 21 30 11 11 11 11 11 11 11 11 11 11 11 11 11 11 11 11 11 11 11 11 11 11 11 11 11 11 11 11 11 11 11 11 11 30 21 54 66 </linea>
			<linea fila="4" compresionDeCeros="true">(1) 66 54 21 30 30 30 30 30 30 30 30 30 30 30 30 30 30 30 30 30 30 30 30 30 30 30 30 30 30 30 30 30 30 30 30 30 30 30 21 54 66 </linea>
			<linea fila="3" compresionDeCeros="true">(1) 66 54 21 21 21 21 21 21 21 21 21 21 21 21 21 21 21 21 21 21 21 21 21 21 21 21 21 21 21 21 21 21 21 21 21 21 21 21 21 54 66 </linea>
			<linea fila="2" compresionDeCeros="true">(1) 66 54 54 54 54 54 54 54 54 54 54 54 54 54 54 54 54 54 54 54 54 54 54 54 54 54 54 54 54 54 54 54 54 54 54 54 54 54 54 54 66 </linea>
			<linea fila="1" compresionDeCeros="true">(1) 66 66 66 66 66 66 66 66 66 66 66 66 66 66 66 66 66 66 66 66 66 66 66 66 66 66 66 66 66 66 66 66 66 66 66 66 66 66 66 66 66 </linea>
		</mundo>
	</mundos>
	<programas>
		<programa nombre="p1" resultadoEjecucion="FIN PROGRAMA"/>
	</programas>
</resultados>

