<resultados>
	<mundos>
		<mundo nombre="mundo_0">
			<linea fila="49" compresionDeCeros="true">(1) 47 47 47 47 47 47 47 47 47 47 47 47 47 47 47 47 47 47 47 47 47 47 47 47 47 47 47 47 47 47 47 47 47 47 47 47 47 47 47 47 47 47 47 47 47 47 47 47 47 </linea>
			<linea fila="48" compresionDeCeros="true">(1) 47 17 17 17 17 17 17 17 17 17 17 17 17 17 17 17 17 17 17 17 17 17 17 17 17 17 17 17 17 17 17 17 17 17 17 17 17 17 17 17 17 17 17 17 17 17 17 17 47 </linea>
			<linea fila="47" compresionDeCeros="true">(1) 47 17 27 27 27 27 27 27 27 27 27 27 27 27 27 27 27 27 27 27 27 27 27 27 27 27 27 27 27 27 27 27 27 27 27 27 27 27 27 27 27 27 27 27 27 27 27 17 47 </linea>
			<linea fila="46" compresionDeCeros="true">(1) 47 17 27 93 93 93 93 93 93 93 93 93 93 93 93 93 93 93 93 93 93 93 93 93 93 93 93 93 93 93 93 93 93 93 93 93 93 93 93 93 93 93 93 93 93 93 27 17 47 </linea>
			<linea fila="45" compresionDeCeros="true">(1) 47 17 27 93 35 35 35 35 35 35 35 35 35 35 35 35 35 35 35 35 35 35 35 35 35 35 35 35 35 35 35 35 35 35 35 35 35 35 35 35 35 35 35 35 35 93 27 17 47 </linea>
			<linea fila="44" compresionDeCeros="true">(1) 47 17 27 93 35 63 63 63 63 63 63 63 63 63 63 63 63 63 63 63 63 63 63 63 63 63 63 63 63 63 63 63 63 63 63 63 63 63 63 63 63 63 63 63 35 93 27 17 47 </linea>
			<linea fila="43" compresionDeCeros="true">(1) 47 17 27 93 35 63 4 4 4 4 4 4 4 4 4 4 4 4 4 4 4 4 4 4 4 4 4 4 4 4 4 4 4 4 4 4 4 4 4 4 4 4 4 63 35 93 27 17 47 </linea>
			<linea fila="42" compresionDeCeros="true">(1) 47 17 27 93 35 63 4 35 35 35 35 35 35 35 35 35 35 35 35 35 35 35 35 35 35 35 35 35 35 35 35 35 35 35 35 35 35 35 35 35 35 35 4 63 35 93 27 17 47 </linea>
			<linea fila="41" compresionDeCeros="true">(1) 47 17 27 93 35 63 4 35 35 35 35 35 35 35 35 35 35 35 35 35 35 35 35 35 35 35 35 35 35 35 35 35 35 35 35 35 35 35 35 35 35 35 4 63 35 93 27 17 47 </linea>
			<linea fila="40" compresionDeCeros="true">(1) 47 17 27 93 35 63 4 35 35 89 89 89 89 89 89 89 89 89 89 89 89 89 89 89 89 89 89 89 89 89 89 89 89 89 89 89 89 89 89 89 35 35 4 63 35 93 27 17 47 </linea>
			<linea fila="39" compresionDeCeros="true">(1) 47 17 27 93 35 63 4 35 35 89 41 41 41 41 41 41 41 41 41 41 41 41 41 41 41 41 41 41 41 41 41 41 41 41 41 41 41 41 41 89 35 35 4 63 35 93 27 17 47 </linea>
			<linea fila="38" compresionDeCeros="true">(1) 47 17 27 93 35 63 4 35 35 89 41 63 63 63 63 63 63 63 63 63 63 63 63 63 63 63 63 63 63 63 63 63 63 63 63 63 63 63 41 89 35 35 4 63 35 93 27 17 47 </linea>
			<linea fila="37" compresionDeCeros="true">(1) 47 17 27 93 35 63 4 35 35 89 41 63 20 20 20 20 20 20 20 20 20 20 20 20 20 20 20 20 20 20 20 20 20 20 20 20 20 63 41 89 35 35 4 63 35 93 27 17 47 </linea>
			<linea fila="36" compresionDeCeros="true">(1) 47 17 27 93 35 63 4 35 35 89 41 63 20 2 2 2 2 2 2 2 2 2 2 2 2 2 2 2 2 2 2 2 2 2 2 2 20 63 41 89 35 35 4 63 35 93 27 17 47 </linea>
			<linea fila="35" compresionDeCeros="true">(1) 47 17 27 93 35 63 4 35 35 89 41 63 20 2 33 33 33 33 33 33 33 33 33 33 33 33 33 33 33 33 33 33 33 33 33 2 20 63 41 89 35 35 4 63 35 93 27 17 47 </linea>
			<linea fila="34" compresionDeCeros="true">(1) 47 17 27 93 35 63 4 35 35 89 41 63 20 2 33 48 48 48 48 48 48 48 48 48 48 48 48 48 48 48 48 48 48 48 33 2 20 63 41 89 35 35 4 63 35 93 27 17 47 </linea>
			<linea fila="33" compresionDeCeros="true">(1) 47 17 27 93 35 63 4 35 35 89 41 63 20 2 33 48 3 3 3 3 3 3 3 3 3 3 3 3 3 3 3 3 3 48 33 2 20 63 41 89 35 35 4 63 35 93 27 17 47 </linea>
			<linea fila="32" compresionDeCeros="true">(1) 47 17 27 93 35 63 4 35 35 89 41 63 20 2 33 48 3 73 73 73 73 73 73 73 73 73 73 73 73 73 73 73 3 48 33 2 20 63 41 89 35 35 4 63 35 93 27 17 47 </linea>
			<linea fila="31" compresionDeCeros="true">(1) 47 17 27 93 35 63 4 35 35 89 41 63 20 2 33 48 3 73 46 46 46 46 46 46 46 46 46 46 46 46 46 73 3 48 33 2 20 63 41 89 35 35 4 63 35 93 27 17 47 </linea>
			<linea fila="30" compresionDeCeros="true">(1) 47 17 27 93 35 63 4 35 35 89 41 63 20 2 33 48 3 73 46 67 67 67 67 67 67 67 67 67 67 67 46 73 3 48 33 2 20 63 41 89 35 35 4 63 35 93 27 17 47 </linea>
			<linea fila="29" compresionDeCeros="true">(1) 47 17 27 93 35 63 4 35 35 89 41 63 20 2 33 48 3 73 46 67 89 89 89 89 89 89 89 89 89 67 46 73 3 48 33 2 20 63 41 89 35 35 4 63 35 93 27 17 47 </linea>
			<linea fila="28" compresionDeCeros="true">(1) 47 17 27 93 35 63 4 35 35 89 41 63 20 2 33 48 3 73 46 67 89 67 67 67 67 67 67 67 89 67 46 73 3 48 33 2 20 63 41 89 35 35 4 63 35 93 27 17 47 </linea>
			<linea fila="27" compresionDeCeros="true">(1) 47 17 27 93 35 63 4 35 35 89 41 63 20 2 33 48 3 73 46 67 89 67 25 25 25 25 25 67 89 67 46 73 3 48 33 2 20 63 41 89 35 35 4 63 35 93 27 17 47 </linea>
			<linea fila="26" compresionDeCeros="true">(1) 47 17 27 93 35 63 4 35 35 89 41 63 20 2 33 48 3 73 46 67 89 67 25 70 70 70 25 67 89 67 46 73 3 48 33 2 20 63 41 89 35 35 4 63 35 93 27 17 47 </linea>
			<linea fila="25" compresionDeCeros="true">(1) 47 17 27 93 35 63 4 35 35 89 41 63 20 2 33 48 3 73 46 67 89 67 25 70 24 70 25 67 89 67 46 73 3 48 33 2 20 63 41 89 35 35 4 63 35 93 27 17 47 </linea>
			<linea fila="24" compresionDeCeros="true">(1) 47 17 27 93 35 63 4 35 35 89 41 63 20 2 33 48 3 73 46 67 89 67 25 70 70 70 25 67 89 67 46 73 3 48 33 2 20 63 41 89 35 35 4 63 35 93 27 17 47 </linea>
			<linea fila="23" compresionDeCeros="true">(1) 47 17 27 93 35 63 4 35 35 89 41 63 20 2 33 48 3 73 46 67 89 67 25 25 25 25 25 67 89 67 46 73 3 48 33 2 20 63 41 89 35 35 4 63 35 93 27 17 47 </linea>
			<linea fila="22" compresionDeCeros="true">(1) 47 17 27 93 35 63 4 35 35 89 41 63 20 2 33 48 3 73 46 67 89 67 67 67 67 67 67 67 89 67 46 73 3 48 33 2 20 63 41 89 35 35 4 63 35 93 27 17 47 </linea>
			<linea fila="21" compresionDeCeros="true">(1) 47 17 27 93 35 63 4 35 35 89 41 63 20 2 33 48 3 73 46 67 89 89 89 89 89 89 89 89 89 67 46 73 3 48 33 2 20 63 41 89 35 35 4 63 35 93 27 17 47 </linea>
			<linea fila="20" compresionDeCeros="true">(1) 47 17 27 93 35 63 4 35 35 89 41 63 20 2 33 48 3 73 46 67 67 67 67 67 67 67 67 67 67 67 46 73 3 48 33 2 20 63 41 89 35 35 4 63 35 93 27 17 47 </linea>
			<linea fila="19" compresionDeCeros="true">(1) 47 17 27 93 35 63 4 35 35 89 41 63 20 2 33 48 3 73 46 46 46 46 46 46 46 46 46 46 46 46 46 73 3 48 33 2 20 63 41 89 35 35 4 63 35 93 27 17 47 </linea>
			<linea fila="18" compresionDeCeros="true">(1) 47 17 27 93 35 63 4 35 35 89 41 63 20 2 33 48 3 73 73 73 73 73 73 73 73 73 73 73 73 73 73 73 3 48 33 2 20 63 41 89 35 35 4 63 35 93 27 17 47 </linea>
			<linea fila="17" compresionDeCeros="true">(1) 47 17 27 93 35 63 4 35 35 89 41 63 20 2 33 48 3 3 3 3 3 3 3 3 3 3 3 3 3 3 3 3 3 48 33 2 20 63 41 89 35 35 4 63 35 93 27 17 47 </linea>
			<linea fila="16" compresionDeCeros="true">(1) 47 17 27 93 35 63 4 35 35 89 41 63 20 2 33 48 48 48 48 48 48 48 48 48 48 48 48 48 48 48 48 48 48 48 33 2 20 63 41 89 35 35 4 63 35 93 27 17 47 </linea>
			<linea fila="15" compresionDeCeros="true">(1) 47 17 27 93 35 63 4 35 35 89 41 63 20 2 33 33 33 33 33 33 33 33 33 33 33 33 33 33 33 33 33 33 33 33 33 2 20 63 41 89 35 35 4 63 35 93 27 17 47 </linea>
			<linea fila="14" compresionDeCeros="true">(1) 47 17 27 93 35 63 4 35 35 89 41 63 20 2 2 2 2 2 2 2 2 2 2 2 2 2 2 2 2 2 2 2 2 2 2 2 20 63 41 89 35 35 4 63 35 93 27 17 47 </linea>
			<linea fila="13" compresionDeCeros="true">(1) 47 17 27 93 35 63 4 35 35 89 41 63 20 20 20 20 20 20 20 20 20 20 20 20 20 20 20 20 20 20 20 20 20 20 20 20 20 63 41 89 35 35 4 63 35 93 27 17 47 </linea>
			<linea fila="12" compresionDeCeros="true">(1) 47 17 27 93 35 63 4 35 35 89 41 63 63 63 63 63 63 63 63 63 63 63 63 63 63 63 63 63 63 63 63 63 63 63 63 63 63 63 41 89 35 35 4 63 35 93 27 17 47 </linea>
			<linea fila="11" compresionDeCeros="true">(1) 47 17 27 93 35 63 4 35 35 89 41 41 41 41 41 41 41 41 41 41 41 41 41 41 41 41 41 41 41 41 41 41 41 41 41 41 41 41 41 89 35 35 4 63 35 93 27 17 47 </linea>
			<linea fila="10" compresionDeCeros="true">(1) 47 17 27 93 35 63 4 35 35 89 89 89 89 89 89 89 89 89 89 89 89 89 89 89 89 89 89 89 89 89 89 89 89 89 89 89 89 89 89 89 35 35 4 63 35 93 27 17 47 </linea>
			<linea fila="9" compresionDeCeros="true">(1) 47 17 27 93 35 63 4 35 35 35 35 35 35 35 35 35 35 35 35 35 35 35 35 35 35 35 35 35 35 35 35 35 35 35 35 35 35 35 35 35 35 35 4 63 35 93 27 17 47 </linea>
			<linea fila="8" compresionDeCeros="true">(1) 47 17 27 93 35 63 4 35 35 35 35 35 35 35 35 35 35 35 35 35 35 35 35 35 35 35 35 35 35 35 35 35 35 35 35 35 35 35 35 35 35 35 4 63 35 93 27 17 47 </linea>
			<linea fila="7" compresionDeCeros="true">(1) 47 17 27 93 35 63 4 4 4 4 4 4 4 4 4 4 4 4 4 4 4 4 4 4 4 4 4 4 4 4 4 4 4 4 4 4 4 4 4 4 4 4 4 63 35 93 27 17 47 </linea>
			<linea fila="6" compresionDeCeros="true">(1) 47 17 27 93 35 63 63 63 63 63 63 63 63 63 63 63 63 63 63 63 63 63 63 63 63 63 63 63 63 63 63 63 63 63 63 63 63 63 63 63 63 63 63 63 35 93 27 17 47 </linea>
			<linea fila="5" compresionDeCeros="true">(1) 47 17 27 93 35 35 35 35 35 35 35 35 35 35 35 35 35 35 35 35 35 35 35 35 35 35 35 35 35 35 35 35 35 35 35 35 35 35 35 35 35 35 35 35 35 93 27 17 47 </linea>
			<linea fila="4" compresionDeCeros="true">(1) 47 17 27 93 93 93 93 93 93 93 93 93 93 93 93 93 93 93 93 93 93 93 93 93 93 93 93 93 93 93 93 93 93 93 93 93 93 93 93 93 93 93 93 93 93 93 27 17 47 </linea>
			<linea fila="3" compresionDeCeros="true">(1) 47 17 27 27 27 27 27 27 27 27 27 27 27 27 27 27 27 27 27 27 27 27 27 27 27 27 27 27 27 27 27 27 27 27 27 27 27 27 27 27 27 27 27 27 27 27 27 17 47 </linea>
			<linea fila="2" compresionDeCeros="true">(1) 47 17 17 17 17 17 17 17 17 17 17 17 17 17 17 17 17 17 17 17 17 17 17 17 17 17 17 17 17 17 17 17 17 17 17 17 17 17 17 17 17 17 17 17 17 17 17 17 47 </linea>
			<linea fila="1" compresionDeCeros="true">(1) 47 47 47 47 47 47 47 47 47 47 47 47 47 47 47 47 47 47 47 47 47 47 47 47 47 47 47 47 47 47 47 47 47 47 47 47 47 47 47 47 47 47 47 47 47 47 47 47 47 </linea>
		</mundo>
	</mundos>
	<programas>
		<programa nombre="p1" resultadoEjecucion="FIN PROGRAMA"/>
	</programas>
</resultados>

