<resultados>
	<mundos>
		<mundo nombre="mundo_0">
			<linea fila="49" compresionDeCeros="true">(1) 32 32 32 32 32 32 32 32 32 32 32 32 32 32 32 32 32 32 32 32 32 32 32 32 32 32 32 32 32 32 32 32 32 32 32 32 32 32 32 32 32 32 32 32 32 32 32 32 32 </linea>
			<linea fila="48" compresionDeCeros="true">(1) 32 23 23 23 23 23 23 23 23 23 23 23 23 23 23 23 23 23 23 23 23 23 23 23 23 23 23 23 23 23 23 23 23 23 23 23 23 23 23 23 23 23 23 23 23 23 23 23 32 </linea>
			<linea fila="47" compresionDeCeros="true">(1) 32 23 59 59 59 59 59 59 59 59 59 59 59 59 59 59 59 59 59 59 59 59 59 59 59 59 59 59 59 59 59 59 59 59 59 59 59 59 59 59 59 59 59 59 59 59 59 23 32 </linea>
			<linea fila="46" compresionDeCeros="true">(1) 32 23 59 69 69 69 69 69 69 69 69 69 69 69 69 69 69 69 69 69 69 69 69 69 69 69 69 69 69 69 69 69 69 69 69 69 69 69 69 69 69 69 69 69 69 69 59 23 32 </linea>
			<linea fila="45" compresionDeCeros="true">(1) 32 23 59 69 40 40 40 40 40 40 40 40 40 40 40 40 40 40 40 40 40 40 40 40 40 40 40 40 40 40 40 40 40 40 40 40 40 40 40 40 40 40 40 40 40 69 59 23 32 </linea>
			<linea fila="44" compresionDeCeros="true">(1) 32 23 59 69 40 45 45 45 45 45 45 45 45 45 45 45 45 45 45 45 45 45 45 45 45 45 45 45 45 45 45 45 45 45 45 45 45 45 45 45 45 45 45 45 40 69 59 23 32 </linea>
			<linea fila="43" compresionDeCeros="true">(1) 32 23 59 69 40 45 3 3 3 3 3 3 3 3 3 3 3 3 3 3 3 3 3 3 3 3 3 3 3 3 3 3 3 3 3 3 3 3 3 3 3 3 3 45 40 69 59 23 32 </linea>
			<linea fila="42" compresionDeCeros="true">(1) 32 23 59 69 40 45 3 20 20 20 20 20 20 20 20 20 20 20 20 20 20 20 20 20 20 20 20 20 20 20 20 20 20 20 20 20 20 20 20 20 20 20 3 45 40 69 59 23 32 </linea>
			<linea fila="41" compresionDeCeros="true">(1) 32 23 59 69 40 45 3 20 69 69 69 69 69 69 69 69 69 69 69 69 69 69 69 69 69 69 69 69 69 69 69 69 69 69 69 69 69 69 69 69 69 20 3 45 40 69 59 23 32 </linea>
			<linea fila="40" compresionDeCeros="true">(1) 32 23 59 69 40 45 3 20 69 66 66 66 66 66 66 66 66 66 66 66 66 66 66 66 66 66 66 66 66 66 66 66 66 66 66 66 66 66 66 66 69 20 3 45 40 69 59 23 32 </linea>
			<linea fila="39" compresionDeCeros="true">(1) 32 23 59 69 40 45 3 20 69 66 93 93 93 93 93 93 93 93 93 93 93 93 93 93 93 93 93 93 93 93 93 93 93 93 93 93 93 93 93 66 69 20 3 45 40 69 59 23 32 </linea>
			<linea fila="38" compresionDeCeros="true">(1) 32 23 59 69 40 45 3 20 69 66 93 44 44 44 44 44 44 44 44 44 44 44 44 44 44 44 44 44 44 44 44 44 44 44 44 44 44 44 93 66 69 20 3 45 40 69 59 23 32 </linea>
			<linea fila="37" compresionDeCeros="true">(1) 32 23 59 69 40 45 3 20 69 66 93 44 63 63 63 63 63 63 63 63 63 63 63 63 63 63 63 63 63 63 63 63 63 63 63 63 63 44 93 66 69 20 3 45 40 69 59 23 32 </linea>
			<linea fila="36" compresionDeCeros="true">(1) 32 23 59 69 40 45 3 20 69 66 93 44 63 83 83 83 83 83 83 83 83 83 83 83 83 83 83 83 83 83 83 83 83 83 83 83 63 44 93 66 69 20 3 45 40 69 59 23 32 </linea>
			<linea fila="35" compresionDeCeros="true">(1) 32 23 59 69 40 45 3 20 69 66 93 44 63 83 19 19 19 19 19 19 19 19 19 19 19 19 19 19 19 19 19 19 19 19 19 83 63 44 93 66 69 20 3 45 40 69 59 23 32 </linea>
			<linea fila="34" compresionDeCeros="true">(1) 32 23 59 69 40 45 3 20 69 66 93 44 63 83 19 38 38 38 38 38 38 38 38 38 38 38 38 38 38 38 38 38 38 38 19 83 63 44 93 66 69 20 3 45 40 69 59 23 32 </linea>
			<linea fila="33" compresionDeCeros="true">(1) 32 23 59 69 40 45 3 20 69 66 93 44 63 83 19 38 65 65 65 65 65 65 65 65 65 65 65 65 65 65 65 65 65 38 19 83 63 44 93 66 69 20 3 45 40 69 59 23 32 </linea>
			<linea fila="32" compresionDeCeros="true">(1) 32 23 59 69 40 45 3 20 69 66 93 44 63 83 19 38 65 71 71 71 71 71 71 71 71 71 71 71 71 71 71 71 65 38 19 83 63 44 93 66 69 20 3 45 40 69 59 23 32 </linea>
			<linea fila="31" compresionDeCeros="true">(1) 32 23 59 69 40 45 3 20 69 66 93 44 63 83 19 38 65 71 38 38 38 38 38 38 38 38 38 38 38 38 38 71 65 38 19 83 63 44 93 66 69 20 3 45 40 69 59 23 32 </linea>
			<linea fila="30" compresionDeCeros="true">(1) 32 23 59 69 40 45 3 20 69 66 93 44 63 83 19 38 65 71 38 68 68 68 68 68 68 68 68 68 68 68 38 71 65 38 19 83 63 44 93 66 69 20 3 45 40 69 59 23 32 </linea>
			<linea fila="29" compresionDeCeros="true">(1) 32 23 59 69 40 45 3 20 69 66 93 44 63 83 19 38 65 71 38 68 58 58 58 58 58 58 58 58 58 68 38 71 65 38 19 83 63 44 93 66 69 20 3 45 40 69 59 23 32 </linea>
			<linea fila="28" compresionDeCeros="true">(1) 32 23 59 69 40 45 3 20 69 66 93 44 63 83 19 38 65 71 38 68 58 15 15 15 15 15 15 15 58 68 38 71 65 38 19 83 63 44 93 66 69 20 3 45 40 69 59 23 32 </linea>
			<linea fila="27" compresionDeCeros="true">(1) 32 23 59 69 40 45 3 20 69 66 93 44 63 83 19 38 65 71 38 68 58 15 95 95 95 95 95 15 58 68 38 71 65 38 19 83 63 44 93 66 69 20 3 45 40 69 59 23 32 </linea>
			<linea fila="26" compresionDeCeros="true">(1) 32 23 59 69 40 45 3 20 69 66 93 44 63 83 19 38 65 71 38 68 58 15 95 93 93 93 95 15 58 68 38 71 65 38 19 83 63 44 93 66 69 20 3 45 40 69 59 23 32 </linea>
			<linea fila="25" compresionDeCeros="true">(1) 32 23 59 69 40 45 3 20 69 66 93 44 63 83 19 38 65 71 38 68 58 15 95 93 1 93 95 15 58 68 38 71 65 38 19 83 63 44 93 66 69 20 3 45 40 69 59 23 32 </linea>
			<linea fila="24" compresionDeCeros="true">(1) 32 23 59 69 40 45 3 20 69 66 93 44 63 83 19 38 65 71 38 68 58 15 95 93 93 93 95 15 58 68 38 71 65 38 19 83 63 44 93 66 69 20 3 45 40 69 59 23 32 </linea>
			<linea fila="23" compresionDeCeros="true">(1) 32 23 59 69 40 45 3 20 69 66 93 44 63 83 19 38 65 71 38 68 58 15 95 95 95 95 95 15 58 68 38 71 65 38 19 83 63 44 93 66 69 20 3 45 40 69 59 23 32 </linea>
			<linea fila="22" compresionDeCeros="true">(1) 32 23 59 69 40 45 3 20 69 66 93 44 63 83 19 38 65 71 38 68 58 15 15 15 15 15 15 15 58 68 38 71 65 38 19 83 63 44 93 66 69 20 3 45 40 69 59 23 32 </linea>
			<linea fila="21" compresionDeCeros="true">(1) 32 23 59 69 40 45 3 20 69 66 93 44 63 83 19 38 65 71 38 68 58 58 58 58 58 58 58 58 58 68 38 71 65 38 19 83 63 44 93 66 69 20 3 45 40 69 59 23 32 </linea>
			<linea fila="20" compresionDeCeros="true">(1) 32 23 59 69 40 45 3 20 69 66 93 44 63 83 19 38 65 71 38 68 68 68 68 68 68 68 68 68 68 68 38 71 65 38 19 83 63 44 93 66 69 20 3 45 40 69 59 23 32 </linea>
			<linea fila="19" compresionDeCeros="true">(1) 32 23 59 69 40 45 3 20 69 66 93 44 63 83 19 38 65 71 38 38 38 38 38 38 38 38 38 38 38 38 38 71 65 38 19 83 63 44 93 66 69 20 3 45 40 69 59 23 32 </linea>
			<linea fila="18" compresionDeCeros="true">(1) 32 23 59 69 40 45 3 20 69 66 93 44 63 83 19 38 65 71 71 71 71 71 71 71 71 71 71 71 71 71 71 71 65 38 19 83 63 44 93 66 69 20 3 45 40 69 59 23 32 </linea>
			<linea fila="17" compresionDeCeros="true">(1) 32 23 59 69 40 45 3 20 69 66 93 44 63 83 19 38 65 65 65 65 65 65 65 65 65 65 65 65 65 65 65 65 65 38 19 83 63 44 93 66 69 20 3 45 40 69 59 23 32 </linea>
			<linea fila="16" compresionDeCeros="true">(1) 32 23 59 69 40 45 3 20 69 66 93 44 63 83 19 38 38 38 38 38 38 38 38 38 38 38 38 38 38 38 38 38 38 38 19 83 63 44 93 66 69 20 3 45 40 69 59 23 32 </linea>
			<linea fila="15" compresionDeCeros="true">(1) 32 23 59 69 40 45 3 20 69 66 93 44 63 83 19 19 19 19 19 19 19 19 19 19 19 19 19 19 19 19 19 19 19 19 19 83 63 44 93 66 69 20 3 45 40 69 59 23 32 </linea>
			<linea fila="14" compresionDeCeros="true">(1) 32 23 59 69 40 45 3 20 69 66 93 44 63 83 83 83 83 83 83 83 83 83 83 83 83 83 83 83 83 83 83 83 83 83 83 83 63 44 93 66 69 20 3 45 40 69 59 23 32 </linea>
			<linea fila="13" compresionDeCeros="true">(1) 32 23 59 69 40 45 3 20 69 66 93 44 63 63 63 63 63 63 63 63 63 63 63 63 63 63 63 63 63 63 63 63 63 63 63 63 63 44 93 66 69 20 3 45 40 69 59 23 32 </linea>
			<linea fila="12" compresionDeCeros="true">(1) 32 23 59 69 40 45 3 20 69 66 93 44 44 44 44 44 44 44 44 44 44 44 44 44 44 44 44 44 44 44 44 44 44 44 44 44 44 44 93 66 69 20 3 45 40 69 59 23 32 </linea>
			<linea fila="11" compresionDeCeros="true">(1) 32 23 59 69 40 45 3 20 69 66 93 93 93 93 93 93 93 93 93 93 93 93 93 93 93 93 93 93 93 93 93 93 93 93 93 93 93 93 93 66 69 20 3 45 40 69 59 23 32 </linea>
			<linea fila="10" compresionDeCeros="true">(1) 32 23 59 69 40 45 3 20 69 66 66 66 66 66 66 66 66 66 66 66 66 66 66 66 66 66 66 66 66 66 66 66 66 66 66 66 66 66 66 66 69 20 3 45 40 69 59 23 32 </linea>
			<linea fila="9" compresionDeCeros="true">(1) 32 23 59 69 40 45 3 20 69 69 69 69 69 69 69 69 69 69 69 69 69 69 69 69 69 69 69 69 69 69 69 69 69 69 69 69 69 69 69 69 69 20 3 45 40 69 59 23 32 </linea>
			<linea fila="8" compresionDeCeros="true">(1) 32 23 59 69 40 45 3 20 20 20 20 20 20 20 20 20 20 20 20 20 20 20 20 20 20 20 20 20 20 20 20 20 20 20 20 20 20 20 20 20 20 20 3 45 40 69 59 23 32 </linea>
			<linea fila="7" compresionDeCeros="true">(1) 32 23 59 69 40 45 3 3 3 3 3 3 3 3 3 3 3 3 3 3 3 3 3 3 3 3 3 3 3 3 3 3 3 3 3 3 3 3 3 3 3 3 3 45 40 69 59 23 32 </linea>
			<linea fila="6" compresionDeCeros="true">(1) 32 23 59 69 40 45 45 45 45 45 45 45 45 45 45 45 45 45 45 45 45 45 45 45 45 45 45 45 45 45 45 45 45 45 45 45 45 45 45 45 45 45 45 45 40 69 59 23 32 </linea>
			<linea fila="5" compresionDeCeros="true">(1) 32 23 59 69 40 40 40 40 40 40 40 40 40 40 40 40 40 40 40 40 40 40 40 40 40 40 40 40 40 40 40 40 40 40 40 40 40 40 40 40 40 40 40 40 40 69 59 23 32 </linea>
			<linea fila="4" compresionDeCeros="true">(1) 32 23 59 69 69 69 69 69 69 69 69 69 69 69 69 69 69 69 69 69 69 69 69 69 69 69 69 69 69 69 69 69 69 69 69 69 69 69 69 69 69 69 69 69 69 69 59 23 32 </linea>
			<linea fila="3" compresionDeCeros="true">(1) 32 23 59 59 59 59 59 59 59 59 59 59 59 59 59 59 59 59 59 59 59 59 59 59 59 59 59 59 59 59 59 59 59 59 59 59 59 59 59 59 59 59 59 59 59 59 59 23 32 </linea>
			<linea fila="2" compresionDeCeros="true">(1) 32 23 23 23 23 23 23 23 23 23 23 23 23 23 23 23 23 23 23 23 23 23 23 23 23 23 23 23 23 23 23 23 23 23 23 23 23 23 23 23 23 23 23 23 23 23 23 23 32 </linea>
			<linea fila="1" compresionDeCeros="true">(1) 32 32 32 32 32 32 32 32 32 32 32 32 32 32 32 32 32 32 32 32 32 32 32 32 32 32 32 32 32 32 32 32 32 32 32 32 32 32 32 32 32 32 32 32 32 32 32 32 32 </linea>
		</mundo>
	</mundos>
	<programas>
		<programa nombre="p1" resultadoEjecucion="FIN PROGRAMA"/>
	</programas>
</resultados>

