<resultados>
	<mundos>
		<mundo nombre="mundo_0">
			<linea fila="19" compresionDeCeros="true">(1) 96 96 96 96 96 96 96 96 96 96 96 96 96 96 96 96 96 96 96 </linea>
			<linea fila="18" compresionDeCeros="true">(1) 96 31 31 31 31 31 31 31 31 31 31 31 31 31 31 31 31 31 96 </linea>
			<linea fila="17" compresionDeCeros="true">(1) 96 31 34 34 34 34 34 34 34 34 34 34 34 34 34 34 34 31 96 </linea>
			<linea fila="16" compresionDeCeros="true">(1) 96 31 34 44 44 44 44 44 44 44 44 44 44 44 44 44 34 31 96 </linea>
			<linea fila="15" compresionDeCeros="true">(1) 96 31 34 44 72 72 72 72 72 72 72 72 72 72 72 44 34 31 96 </linea>
			<linea fila="14" compresionDeCeros="true">(1) 96 31 34 44 72 47 47 47 47 47 47 47 47 47 72 44 34 31 96 </linea>
			<linea fila="13" compresionDeCeros="true">(1) 96 31 34 44 72 47 96 96 96 96 96 96 96 47 72 44 34 31 96 </linea>
			<linea fila="12" compresionDeCeros="true">(1) 96 31 34 44 72 47 96 38 38 38 38 38 96 47 72 44 34 31 96 </linea>
			<linea fila="11" compresionDeCeros="true">(1) 96 31 34 44 72 47 96 38 57 57 57 38 96 47 72 44 34 31 96 </linea>
			<linea fila="10" compresionDeCeros="true">(1) 96 31 34 44 72 47 96 38 57 1 57 38 96 47 72 44 34 31 96 </linea>
			<linea fila="9" compresionDeCeros="true">(1) 96 31 34 44 72 47 96 38 57 57 57 38 96 47 72 44 34 31 96 </linea>
			<linea fila="8" compresionDeCeros="true">(1) 96 31 34 44 72 47 96 38 38 38 38 38 96 47 72 44 34 31 96 </linea>
			<linea fila="7" compresionDeCeros="true">(1) 96 31 34 44 72 47 96 96 96 96 96 96 96 47 72 44 34 31 96 </linea>
			<linea fila="6" compresionDeCeros="true">(1) 96 31 34 44 72 47 47 47 47 47 47 47 47 47 72 44 34 31 96 </linea>
			<linea fila="5" compresionDeCeros="true">(1) 96 31 34 44 72 72 72 72 72 72 72 72 72 72 72 44 34 31 96 </linea>
			<linea fila="4" compresionDeCeros="true">(1) 96 31 34 44 44 44 44 44 44 44 44 44 44 44 44 44 34 31 96 </linea>
			<linea fila="3" compresionDeCeros="true">(1) 96 31 34 34 34 34 34 34 34 34 34 34 34 34 34 34 34 31 96 </linea>
			<linea fila="2" compresionDeCeros="true">(1) 96 31 31 31 31 31 31 31 31 31 31 31 31 31 31 31 31 31 96 </linea>
			<linea fila="1" compresionDeCeros="true">(1) 96 96 96 96 96 96 96 96 96 96 96 96 96 96 96 96 96 96 96 </linea>
		</mundo>
	</mundos>
	<programas>
		<programa nombre="p1" resultadoEjecucion="FIN PROGRAMA"/>
	</programas>
</resultados>

