<resultados>
	<mundos>
		<mundo nombre="mundo_0">
			<linea fila="37" compresionDeCeros="true">(1) 83 83 83 83 83 83 83 83 83 83 83 83 83 83 83 83 83 83 83 83 83 83 83 83 83 83 83 83 83 83 83 83 83 83 83 83 83 </linea>
			<linea fila="36" compresionDeCeros="true">(1) 83 84 84 84 84 84 84 84 84 84 84 84 84 84 84 84 84 84 84 84 84 84 84 84 84 84 84 84 84 84 84 84 84 84 84 84 83 </linea>
			<linea fila="35" compresionDeCeros="true">(1) 83 84 49 49 49 49 49 49 49 49 49 49 49 49 49 49 49 49 49 49 49 49 49 49 49 49 49 49 49 49 49 49 49 49 49 84 83 </linea>
			<linea fila="34" compresionDeCeros="true">(1) 83 84 49 69 69 69 69 69 69 69 69 69 69 69 69 69 69 69 69 69 69 69 69 69 69 69 69 69 69 69 69 69 69 69 49 84 83 </linea>
			<linea fila="33" compresionDeCeros="true">(1) 83 84 49 69 10 10 10 10 10 10 10 10 10 10 10 10 10 10 10 10 10 10 10 10 10 10 10 10 10 10 10 10 10 69 49 84 83 </linea>
			<linea fila="32" compresionDeCeros="true">(1) 83 84 49 69 10 16 16 16 16 16 16 16 16 16 16 16 16 16 16 16 16 16 16 16 16 16 16 16 16 16 16 16 10 69 49 84 83 </linea>
			<linea fila="31" compresionDeCeros="true">(1) 83 84 49 69 10 16 38 38 38 38 38 38 38 38 38 38 38 38 38 38 38 38 38 38 38 38 38 38 38 38 38 16 10 69 49 84 83 </linea>
			<linea fila="30" compresionDeCeros="true">(1) 83 84 49 69 10 16 38 98 98 98 98 98 98 98 98 98 98 98 98 98 98 98 98 98 98 98 98 98 98 98 38 16 10 69 49 84 83 </linea>
			<linea fila="29" compresionDeCeros="true">(1) 83 84 49 69 10 16 38 98 39 39 39 39 39 39 39 39 39 39 39 39 39 39 39 39 39 39 39 39 39 98 38 16 10 69 49 84 83 </linea>
			<linea fila="28" compresionDeCeros="true">(1) 83 84 49 69 10 16 38 98 39 50 50 50 50 50 50 50 50 50 50 50 50 50 50 50 50 50 50 50 39 98 38 16 10 69 49 84 83 </linea>
			<linea fila="27" compresionDeCeros="true">(1) 83 84 49 69 10 16 38 98 39 50 45 45 45 45 45 45 45 45 45 45 45 45 45 45 45 45 45 50 39 98 38 16 10 69 49 84 83 </linea>
			<linea fila="26" compresionDeCeros="true">(1) 83 84 49 69 10 16 38 98 39 50 45 97 97 97 97 97 97 97 97 97 97 97 97 97 97 97 45 50 39 98 38 16 10 69 49 84 83 </linea>
			<linea fila="25" compresionDeCeros="true">(1) 83 84 49 69 10 16 38 98 39 50 45 97 47 47 47 47 47 47 47 47 47 47 47 47 47 97 45 50 39 98 38 16 10 69 49 84 83 </linea>
			<linea fila="24" compresionDeCeros="true">(1) 83 84 49 69 10 16 38 98 39 50 45 97 47 84 84 84 84 84 84 84 84 84 84 84 47 97 45 50 39 98 38 16 10 69 49 84 83 </linea>
			<linea fila="23" compresionDeCeros="true">(1) 83 84 49 69 10 16 38 98 39 50 45 97 47 84 16 16 16 16 16 16 16 16 16 84 47 97 45 50 39 98 38 16 10 69 49 84 83 </linea>
			<linea fila="22" compresionDeCeros="true">(1) 83 84 49 69 10 16 38 98 39 50 45 97 47 84 16 36 36 36 36 36 36 36 16 84 47 97 45 50 39 98 38 16 10 69 49 84 83 </linea>
			<linea fila="21" compresionDeCeros="true">(1) 83 84 49 69 10 16 38 98 39 50 45 97 47 84 16 36 68 68 68 68 68 36 16 84 47 97 45 50 39 98 38 16 10 69 49 84 83 </linea>
			<linea fila="20" compresionDeCeros="true">(1) 83 84 49 69 10 16 38 98 39 50 45 97 47 84 16 36 68 45 45 45 68 36 16 84 47 97 45 50 39 98 38 16 10 69 49 84 83 </linea>
			<linea fila="19" compresionDeCeros="true">(1) 83 84 49 69 10 16 38 98 39 50 45 97 47 84 16 36 68 45 83 45 68 36 16 84 47 97 45 50 39 98 38 16 10 69 49 84 83 </linea>
			<linea fila="18" compresionDeCeros="true">(1) 83 84 49 69 10 16 38 98 39 50 45 97 47 84 16 36 68 45 45 45 68 36 16 84 47 97 45 50 39 98 38 16 10 69 49 84 83 </linea>
			<linea fila="17" compresionDeCeros="true">(1) 83 84 49 69 10 16 38 98 39 50 45 97 47 84 16 36 68 68 68 68 68 36 16 84 47 97 45 50 39 98 38 16 10 69 49 84 83 </linea>
			<linea fila="16" compresionDeCeros="true">(1) 83 84 49 69 10 16 38 98 39 50 45 97 47 84 16 36 36 36 36 36 36 36 16 84 47 97 45 50 39 98 38 16 10 69 49 84 83 </linea>
			<linea fila="15" compresionDeCeros="true">(1) 83 84 49 69 10 16 38 98 39 50 45 97 47 84 16 16 16 16 16 16 16 16 16 84 47 97 45 50 39 98 38 16 10 69 49 84 83 </linea>
			<linea fila="14" compresionDeCeros="true">(1) 83 84 49 69 10 16 38 98 39 50 45 97 47 84 84 84 84 84 84 84 84 84 84 84 47 97 45 50 39 98 38 16 10 69 49 84 83 </linea>
			<linea fila="13" compresionDeCeros="true">(1) 83 84 49 69 10 16 38 98 39 50 45 97 47 47 47 47 47 47 47 47 47 47 47 47 47 97 45 50 39 98 38 16 10 69 49 84 83 </linea>
			<linea fila="12" compresionDeCeros="true">(1) 83 84 49 69 10 16 38 98 39 50 45 97 97 97 97 97 97 97 97 97 97 97 97 97 97 97 45 50 39 98 38 16 10 69 49 84 83 </linea>
			<linea fila="11" compresionDeCeros="true">(1) 83 84 49 69 10 16 38 98 39 50 45 45 45 45 45 45 45 45 45 45 45 45 45 45 45 45 45 50 39 98 38 16 10 69 49 84 83 </linea>
			<linea fila="10" compresionDeCeros="true">(1) 83 84 49 69 10 16 38 98 39 50 50 50 50 50 50 50 50 50 50 50 50 50 50 50 50 50 50 50 39 98 38 16 10 69 49 84 83 </linea>
			<linea fila="9" compresionDeCeros="true">(1) 83 84 49 69 10 16 38 98 39 39 39 39 39 39 39 39 39 39 39 39 39 39 39 39 39 39 39 39 39 98 38 16 10 69 49 84 83 </linea>
			<linea fila="8" compresionDeCeros="true">(1) 83 84 49 69 10 16 38 98 98 98 98 98 98 98 98 98 98 98 98 98 98 98 98 98 98 98 98 98 98 98 38 16 10 69 49 84 83 </linea>
			<linea fila="7" compresionDeCeros="true">(1) 83 84 49 69 10 16 38 38 38 38 38 38 38 38 38 38 38 38 38 38 38 38 38 38 38 38 38 38 38 38 38 16 10 69 49 84 83 </linea>
			<linea fila="6" compresionDeCeros="true">(1) 83 84 49 69 10 16 16 16 16 16 16 16 16 16 16 16 16 16 16 16 16 16 16 16 16 16 16 16 16 16 16 16 10 69 49 84 83 </linea>
			<linea fila="5" compresionDeCeros="true">(1) 83 84 49 69 10 10 10 10 10 10 10 10 10 10 10 10 10 10 10 10 10 10 10 10 10 10 10 10 10 10 10 10 10 69 49 84 83 </linea>
			<linea fila="4" compresionDeCeros="true">(1) 83 84 49 69 69 69 69 69 69 69 69 69 69 69 69 69 69 69 69 69 69 69 69 69 69 69 69 69 69 69 69 69 69 69 49 84 83 </linea>
			<linea fila="3" compresionDeCeros="true">(1) 83 84 49 49 49 49 49 49 49 49 49 49 49 49 49 49 49 49 49 49 49 49 49 49 49 49 49 49 49 49 49 49 49 49 49 84 83 </linea>
			<linea fila="2" compresionDeCeros="true">(1) 83 84 84 84 84 84 84 84 84 84 84 84 84 84 84 84 84 84 84 84 84 84 84 84 84 84 84 84 84 84 84 84 84 84 84 84 83 </linea>
			<linea fila="1" compresionDeCeros="true">(1) 83 83 83 83 83 83 83 83 83 83 83 83 83 83 83 83 83 83 83 83 83 83 83 83 83 83 83 83 83 83 83 83 83 83 83 83 83 </linea>
		</mundo>
	</mundos>
	<programas>
		<programa nombre="p1" resultadoEjecucion="FIN PROGRAMA"/>
	</programas>
</resultados>

