<resultados>
	<mundos>
		<mundo nombre="mundo_0">
			<linea fila="49" compresionDeCeros="true">(1) 43 43 43 43 43 43 43 43 43 43 43 43 43 43 43 43 43 43 43 43 43 43 43 43 43 43 43 43 43 43 43 43 43 43 43 43 43 43 43 43 43 43 43 43 43 43 43 43 43 </linea>
			<linea fila="48" compresionDeCeros="true">(1) 43 49 49 49 49 49 49 49 49 49 49 49 49 49 49 49 49 49 49 49 49 49 49 49 49 49 49 49 49 49 49 49 49 49 49 49 49 49 49 49 49 49 49 49 49 49 49 49 43 </linea>
			<linea fila="47" compresionDeCeros="true">(1) 43 49 83 83 83 83 83 83 83 83 83 83 83 83 83 83 83 83 83 83 83 83 83 83 83 83 83 83 83 83 83 83 83 83 83 83 83 83 83 83 83 83 83 83 83 83 83 49 43 </linea>
			<linea fila="46" compresionDeCeros="true">(1) 43 49 83 36 36 36 36 36 36 36 36 36 36 36 36 36 36 36 36 36 36 36 36 36 36 36 36 36 36 36 36 36 36 36 36 36 36 36 36 36 36 36 36 36 36 36 83 49 43 </linea>
			<linea fila="45" compresionDeCeros="true">(1) 43 49 83 36 97 97 97 97 97 97 97 97 97 97 97 97 97 97 97 97 97 97 97 97 97 97 97 97 97 97 97 97 97 97 97 97 97 97 97 97 97 97 97 97 97 36 83 49 43 </linea>
			<linea fila="44" compresionDeCeros="true">(1) 43 49 83 36 97 72 72 72 72 72 72 72 72 72 72 72 72 72 72 72 72 72 72 72 72 72 72 72 72 72 72 72 72 72 72 72 72 72 72 72 72 72 72 72 97 36 83 49 43 </linea>
			<linea fila="43" compresionDeCeros="true">(1) 43 49 83 36 97 72 73 73 73 73 73 73 73 73 73 73 73 73 73 73 73 73 73 73 73 73 73 73 73 73 73 73 73 73 73 73 73 73 73 73 73 73 73 72 97 36 83 49 43 </linea>
			<linea fila="42" compresionDeCeros="true">(1) 43 49 83 36 97 72 73 31 31 31 31 31 31 31 31 31 31 31 31 31 31 31 31 31 31 31 31 31 31 31 31 31 31 31 31 31 31 31 31 31 31 31 73 72 97 36 83 49 43 </linea>
			<linea fila="41" compresionDeCeros="true">(1) 43 49 83 36 97 72 73 31 72 72 72 72 72 72 72 72 72 72 72 72 72 72 72 72 72 72 72 72 72 72 72 72 72 72 72 72 72 72 72 72 72 31 73 72 97 36 83 49 43 </linea>
			<linea fila="40" compresionDeCeros="true">(1) 43 49 83 36 97 72 73 31 72 41 41 41 41 41 41 41 41 41 41 41 41 41 41 41 41 41 41 41 41 41 41 41 41 41 41 41 41 41 41 41 72 31 73 72 97 36 83 49 43 </linea>
			<linea fila="39" compresionDeCeros="true">(1) 43 49 83 36 97 72 73 31 72 41 27 27 27 27 27 27 27 27 27 27 27 27 27 27 27 27 27 27 27 27 27 27 27 27 27 27 27 27 27 41 72 31 73 72 97 36 83 49 43 </linea>
			<linea fila="38" compresionDeCeros="true">(1) 43 49 83 36 97 72 73 31 72 41 27 21 21 21 21 21 21 21 21 21 21 21 21 21 21 21 21 21 21 21 21 21 21 21 21 21 21 21 27 41 72 31 73 72 97 36 83 49 43 </linea>
			<linea fila="37" compresionDeCeros="true">(1) 43 49 83 36 97 72 73 31 72 41 27 21 25 25 25 25 25 25 25 25 25 25 25 25 25 25 25 25 25 25 25 25 25 25 25 25 25 21 27 41 72 31 73 72 97 36 83 49 43 </linea>
			<linea fila="36" compresionDeCeros="true">(1) 43 49 83 36 97 72 73 31 72 41 27 21 25 64 64 64 64 64 64 64 64 64 64 64 64 64 64 64 64 64 64 64 64 64 64 64 25 21 27 41 72 31 73 72 97 36 83 49 43 </linea>
			<linea fila="35" compresionDeCeros="true">(1) 43 49 83 36 97 72 73 31 72 41 27 21 25 64 26 26 26 26 26 26 26 26 26 26 26 26 26 26 26 26 26 26 26 26 26 64 25 21 27 41 72 31 73 72 97 36 83 49 43 </linea>
			<linea fila="34" compresionDeCeros="true">(1) 43 49 83 36 97 72 73 31 72 41 27 21 25 64 26 50 50 50 50 50 50 50 50 50 50 50 50 50 50 50 50 50 50 50 26 64 25 21 27 41 72 31 73 72 97 36 83 49 43 </linea>
			<linea fila="33" compresionDeCeros="true">(1) 43 49 83 36 97 72 73 31 72 41 27 21 25 64 26 50 4 4 4 4 4 4 4 4 4 4 4 4 4 4 4 4 4 50 26 64 25 21 27 41 72 31 73 72 97 36 83 49 43 </linea>
			<linea fila="32" compresionDeCeros="true">(1) 43 49 83 36 97 72 73 31 72 41 27 21 25 64 26 50 4 93 93 93 93 93 93 93 93 93 93 93 93 93 93 93 4 50 26 64 25 21 27 41 72 31 73 72 97 36 83 49 43 </linea>
			<linea fila="31" compresionDeCeros="true">(1) 43 49 83 36 97 72 73 31 72 41 27 21 25 64 26 50 4 93 84 84 84 84 84 84 84 84 84 84 84 84 84 93 4 50 26 64 25 21 27 41 72 31 73 72 97 36 83 49 43 </linea>
			<linea fila="30" compresionDeCeros="true">(1) 43 49 83 36 97 72 73 31 72 41 27 21 25 64 26 50 4 93 84 98 98 98 98 98 98 98 98 98 98 98 84 93 4 50 26 64 25 21 27 41 72 31 73 72 97 36 83 49 43 </linea>
			<linea fila="29" compresionDeCeros="true">(1) 43 49 83 36 97 72 73 31 72 41 27 21 25 64 26 50 4 93 84 98 88 88 88 88 88 88 88 88 88 98 84 93 4 50 26 64 25 21 27 41 72 31 73 72 97 36 83 49 43 </linea>
			<linea fila="28" compresionDeCeros="true">(1) 43 49 83 36 97 72 73 31 72 41 27 21 25 64 26 50 4 93 84 98 88 87 87 87 87 87 87 87 88 98 84 93 4 50 26 64 25 21 27 41 72 31 73 72 97 36 83 49 43 </linea>
			<linea fila="27" compresionDeCeros="true">(1) 43 49 83 36 97 72 73 31 72 41 27 21 25 64 26 50 4 93 84 98 88 87 76 76 76 76 76 87 88 98 84 93 4 50 26 64 25 21 27 41 72 31 73 72 97 36 83 49 43 </linea>
			<linea fila="26" compresionDeCeros="true">(1) 43 49 83 36 97 72 73 31 72 41 27 21 25 64 26 50 4 93 84 98 88 87 76 27 27 27 76 87 88 98 84 93 4 50 26 64 25 21 27 41 72 31 73 72 97 36 83 49 43 </linea>
			<linea fila="25" compresionDeCeros="true">(1) 43 49 83 36 97 72 73 31 72 41 27 21 25 64 26 50 4 93 84 98 88 87 76 27 11 27 76 87 88 98 84 93 4 50 26 64 25 21 27 41 72 31 73 72 97 36 83 49 43 </linea>
			<linea fila="24" compresionDeCeros="true">(1) 43 49 83 36 97 72 73 31 72 41 27 21 25 64 26 50 4 93 84 98 88 87 76 27 27 27 76 87 88 98 84 93 4 50 26 64 25 21 27 41 72 31 73 72 97 36 83 49 43 </linea>
			<linea fila="23" compresionDeCeros="true">(1) 43 49 83 36 97 72 73 31 72 41 27 21 25 64 26 50 4 93 84 98 88 87 76 76 76 76 76 87 88 98 84 93 4 50 26 64 25 21 27 41 72 31 73 72 97 36 83 49 43 </linea>
			<linea fila="22" compresionDeCeros="true">(1) 43 49 83 36 97 72 73 31 72 41 27 21 25 64 26 50 4 93 84 98 88 87 87 87 87 87 87 87 88 98 84 93 4 50 26 64 25 21 27 41 72 31 73 72 97 36 83 49 43 </linea>
			<linea fila="21" compresionDeCeros="true">(1) 43 49 83 36 97 72 73 31 72 41 27 21 25 64 26 50 4 93 84 98 88 88 88 88 88 88 88 88 88 98 84 93 4 50 26 64 25 21 27 41 72 31 73 72 97 36 83 49 43 </linea>
			<linea fila="20" compresionDeCeros="true">(1) 43 49 83 36 97 72 73 31 72 41 27 21 25 64 26 50 4 93 84 98 98 98 98 98 98 98 98 98 98 98 84 93 4 50 26 64 25 21 27 41 72 31 73 72 97 36 83 49 43 </linea>
			<linea fila="19" compresionDeCeros="true">(1) 43 49 83 36 97 72 73 31 72 41 27 21 25 64 26 50 4 93 84 84 84 84 84 84 84 84 84 84 84 84 84 93 4 50 26 64 25 21 27 41 72 31 73 72 97 36 83 49 43 </linea>
			<linea fila="18" compresionDeCeros="true">(1) 43 49 83 36 97 72 73 31 72 41 27 21 25 64 26 50 4 93 93 93 93 93 93 93 93 93 93 93 93 93 93 93 4 50 26 64 25 21 27 41 72 31 73 72 97 36 83 49 43 </linea>
			<linea fila="17" compresionDeCeros="true">(1) 43 49 83 36 97 72 73 31 72 41 27 21 25 64 26 50 4 4 4 4 4 4 4 4 4 4 4 4 4 4 4 4 4 50 26 64 25 21 27 41 72 31 73 72 97 36 83 49 43 </linea>
			<linea fila="16" compresionDeCeros="true">(1) 43 49 83 36 97 72 73 31 72 41 27 21 25 64 26 50 50 50 50 50 50 50 50 50 50 50 50 50 50 50 50 50 50 50 26 64 25 21 27 41 72 31 73 72 97 36 83 49 43 </linea>
			<linea fila="15" compresionDeCeros="true">(1) 43 49 83 36 97 72 73 31 72 41 27 21 25 64 26 26 26 26 26 26 26 26 26 26 26 26 26 26 26 26 26 26 26 26 26 64 25 21 27 41 72 31 73 72 97 36 83 49 43 </linea>
			<linea fila="14" compresionDeCeros="true">(1) 43 49 83 36 97 72 73 31 72 41 27 21 25 64 64 64 64 64 64 64 64 64 64 64 64 64 64 64 64 64 64 64 64 64 64 64 25 21 27 41 72 31 73 72 97 36 83 49 43 </linea>
			<linea fila="13" compresionDeCeros="true">(1) 43 49 83 36 97 72 73 31 72 41 27 21 25 25 25 25 25 25 25 25 25 25 25 25 25 25 25 25 25 25 25 25 25 25 25 25 25 21 27 41 72 31 73 72 97 36 83 49 43 </linea>
			<linea fila="12" compresionDeCeros="true">(1) 43 49 83 36 97 72 73 31 72 41 27 21 21 21 21 21 21 21 21 21 21 21 21 21 21 21 21 21 21 21 21 21 21 21 21 21 21 21 27 41 72 31 73 72 97 36 83 49 43 </linea>
			<linea fila="11" compresionDeCeros="true">(1) 43 49 83 36 97 72 73 31 72 41 27 27 27 27 27 27 27 27 27 27 27 27 27 27 27 27 27 27 27 27 27 27 27 27 27 27 27 27 27 41 72 31 73 72 97 36 83 49 43 </linea>
			<linea fila="10" compresionDeCeros="true">(1) 43 49 83 36 97 72 73 31 72 41 41 41 41 41 41 41 41 41 41 41 41 41 41 41 41 41 41 41 41 41 41 41 41 41 41 41 41 41 41 41 72 31 73 72 97 36 83 49 43 </linea>
			<linea fila="9" compresionDeCeros="true">(1) 43 49 83 36 97 72 73 31 72 72 72 72 72 72 72 72 72 72 72 72 72 72 72 72 72 72 72 72 72 72 72 72 72 72 72 72 72 72 72 72 72 31 73 72 97 36 83 49 43 </linea>
			<linea fila="8" compresionDeCeros="true">(1) 43 49 83 36 97 72 73 31 31 31 31 31 31 31 31 31 31 31 31 31 31 31 31 31 31 31 31 31 31 31 31 31 31 31 31 31 31 31 31 31 31 31 73 72 97 36 83 49 43 </linea>
			<linea fila="7" compresionDeCeros="true">(1) 43 49 83 36 97 72 73 73 73 73 73 73 73 73 73 73 73 73 73 73 73 73 73 73 73 73 73 73 73 73 73 73 73 73 73 73 73 73 73 73 73 73 73 72 97 36 83 49 43 </linea>
			<linea fila="6" compresionDeCeros="true">(1) 43 49 83 36 97 72 72 72 72 72 72 72 72 72 72 72 72 72 72 72 72 72 72 72 72 72 72 72 72 72 72 72 72 72 72 72 72 72 72 72 72 72 72 72 97 36 83 49 43 </linea>
			<linea fila="5" compresionDeCeros="true">(1) 43 49 83 36 97 97 97 97 97 97 97 97 97 97 97 97 97 97 97 97 97 97 97 97 97 97 97 97 97 97 97 97 97 97 97 97 97 97 97 97 97 97 97 97 97 36 83 49 43 </linea>
			<linea fila="4" compresionDeCeros="true">(1) 43 49 83 36 36 36 36 36 36 36 36 36 36 36 36 36 36 36 36 36 36 36 36 36 36 36 36 36 36 36 36 36 36 36 36 36 36 36 36 36 36 36 36 36 36 36 83 49 43 </linea>
			<linea fila="3" compresionDeCeros="true">(1) 43 49 83 83 83 83 83 83 83 83 83 83 83 83 83 83 83 83 83 83 83 83 83 83 83 83 83 83 83 83 83 83 83 83 83 83 83 83 83 83 83 83 83 83 83 83 83 49 43 </linea>
			<linea fila="2" compresionDeCeros="true">(1) 43 49 49 49 49 49 49 49 49 49 49 49 49 49 49 49 49 49 49 49 49 49 49 49 49 49 49 49 49 49 49 49 49 49 49 49 49 49 49 49 49 49 49 49 49 49 49 49 43 </linea>
			<linea fila="1" compresionDeCeros="true">(1) 43 43 43 43 43 43 43 43 43 43 43 43 43 43 43 43 43 43 43 43 43 43 43 43 43 43 43 43 43 43 43 43 43 43 43 43 43 43 43 43 43 43 43 43 43 43 43 43 43 </linea>
		</mundo>
	</mundos>
	<programas>
		<programa nombre="p1" resultadoEjecucion="FIN PROGRAMA"/>
	</programas>
</resultados>

