<resultados>
	<mundos>
		<mundo nombre="mundo_0">
			<linea fila="25" compresionDeCeros="true">(1) 31 31 31 31 31 31 31 31 31 31 31 31 31 31 31 31 31 31 31 31 31 31 31 31 31 </linea>
			<linea fila="24" compresionDeCeros="true">(1) 31 90 90 90 90 90 90 90 90 90 90 90 90 90 90 90 90 90 90 90 90 90 90 90 31 </linea>
			<linea fila="23" compresionDeCeros="true">(1) 31 90 55 55 55 55 55 55 55 55 55 55 55 55 55 55 55 55 55 55 55 55 55 90 31 </linea>
			<linea fila="22" compresionDeCeros="true">(1) 31 90 55 21 21 21 21 21 21 21 21 21 21 21 21 21 21 21 21 21 21 21 55 90 31 </linea>
			<linea fila="21" compresionDeCeros="true">(1) 31 90 55 21 58 58 58 58 58 58 58 58 58 58 58 58 58 58 58 58 58 21 55 90 31 </linea>
			<linea fila="20" compresionDeCeros="true">(1) 31 90 55 21 58 27 27 27 27 27 27 27 27 27 27 27 27 27 27 27 58 21 55 90 31 </linea>
			<linea fila="19" compresionDeCeros="true">(1) 31 90 55 21 58 27 80 80 80 80 80 80 80 80 80 80 80 80 80 27 58 21 55 90 31 </linea>
			<linea fila="18" compresionDeCeros="true">(1) 31 90 55 21 58 27 80 60 60 60 60 60 60 60 60 60 60 60 80 27 58 21 55 90 31 </linea>
			<linea fila="17" compresionDeCeros="true">(1) 31 90 55 21 58 27 80 60 82 82 82 82 82 82 82 82 82 60 80 27 58 21 55 90 31 </linea>
			<linea fila="16" compresionDeCeros="true">(1) 31 90 55 21 58 27 80 60 82 80 80 80 80 80 80 80 82 60 80 27 58 21 55 90 31 </linea>
			<linea fila="15" compresionDeCeros="true">(1) 31 90 55 21 58 27 80 60 82 80 11 11 11 11 11 80 82 60 80 27 58 21 55 90 31 </linea>
			<linea fila="14" compresionDeCeros="true">(1) 31 90 55 21 58 27 80 60 82 80 11 79 79 79 11 80 82 60 80 27 58 21 55 90 31 </linea>
			<linea fila="13" compresionDeCeros="true">(1) 31 90 55 21 58 27 80 60 82 80 11 79 1 79 11 80 82 60 80 27 58 21 55 90 31 </linea>
			<linea fila="12" compresionDeCeros="true">(1) 31 90 55 21 58 27 80 60 82 80 11 79 79 79 11 80 82 60 80 27 58 21 55 90 31 </linea>
			<linea fila="11" compresionDeCeros="true">(1) 31 90 55 21 58 27 80 60 82 80 11 11 11 11 11 80 82 60 80 27 58 21 55 90 31 </linea>
			<linea fila="10" compresionDeCeros="true">(1) 31 90 55 21 58 27 80 60 82 80 80 80 80 80 80 80 82 60 80 27 58 21 55 90 31 </linea>
			<linea fila="9" compresionDeCeros="true">(1) 31 90 55 21 58 27 80 60 82 82 82 82 82 82 82 82 82 60 80 27 58 21 55 90 31 </linea>
			<linea fila="8" compresionDeCeros="true">(1) 31 90 55 21 58 27 80 60 60 60 60 60 60 60 60 60 60 60 80 27 58 21 55 90 31 </linea>
			<linea fila="7" compresionDeCeros="true">(1) 31 90 55 21 58 27 80 80 80 80 80 80 80 80 80 80 80 80 80 27 58 21 55 90 31 </linea>
			<linea fila="6" compresionDeCeros="true">(1) 31 90 55 21 58 27 27 27 27 27 27 27 27 27 27 27 27 27 27 27 58 21 55 90 31 </linea>
			<linea fila="5" compresionDeCeros="true">(1) 31 90 55 21 58 58 58 58 58 58 58 58 58 58 58 58 58 58 58 58 58 21 55 90 31 </linea>
			<linea fila="4" compresionDeCeros="true">(1) 31 90 55 21 21 21 21 21 21 21 21 21 21 21 21 21 21 21 21 21 21 21 55 90 31 </linea>
			<linea fila="3" compresionDeCeros="true">(1) 31 90 55 55 55 55 55 55 55 55 55 55 55 55 55 55 55 55 55 55 55 55 55 90 31 </linea>
			<linea fila="2" compresionDeCeros="true">(1) 31 90 90 90 90 90 90 90 90 90 90 90 90 90 90 90 90 90 90 90 90 90 90 90 31 </linea>
			<linea fila="1" compresionDeCeros="true">(1) 31 31 31 31 31 31 31 31 31 31 31 31 31 31 31 31 31 31 31 31 31 31 31 31 31 </linea>
		</mundo>
	</mundos>
	<programas>
		<programa nombre="p1" resultadoEjecucion="FIN PROGRAMA"/>
	</programas>
</resultados>

