<resultados>
	<mundos>
		<mundo nombre="mundo_0">
			<linea fila="33" compresionDeCeros="true">(1) 50 50 50 50 50 50 50 50 50 50 50 50 50 50 50 50 50 50 50 50 50 50 50 50 50 50 50 50 50 50 50 50 50 </linea>
			<linea fila="32" compresionDeCeros="true">(1) 50 62 62 62 62 62 62 62 62 62 62 62 62 62 62 62 62 62 62 62 62 62 62 62 62 62 62 62 62 62 62 62 50 </linea>
			<linea fila="31" compresionDeCeros="true">(1) 50 62 42 42 42 42 42 42 42 42 42 42 42 42 42 42 42 42 42 42 42 42 42 42 42 42 42 42 42 42 42 62 50 </linea>
			<linea fila="30" compresionDeCeros="true">(1) 50 62 42 55 55 55 55 55 55 55 55 55 55 55 55 55 55 55 55 55 55 55 55 55 55 55 55 55 55 55 42 62 50 </linea>
			<linea fila="29" compresionDeCeros="true">(1) 50 62 42 55 20 20 20 20 20 20 20 20 20 20 20 20 20 20 20 20 20 20 20 20 20 20 20 20 20 55 42 62 50 </linea>
			<linea fila="28" compresionDeCeros="true">(1) 50 62 42 55 20 98 98 98 98 98 98 98 98 98 98 98 98 98 98 98 98 98 98 98 98 98 98 98 20 55 42 62 50 </linea>
			<linea fila="27" compresionDeCeros="true">(1) 50 62 42 55 20 98 22 22 22 22 22 22 22 22 22 22 22 22 22 22 22 22 22 22 22 22 22 98 20 55 42 62 50 </linea>
			<linea fila="26" compresionDeCeros="true">(1) 50 62 42 55 20 98 22 76 76 76 76 76 76 76 76 76 76 76 76 76 76 76 76 76 76 76 22 98 20 55 42 62 50 </linea>
			<linea fila="25" compresionDeCeros="true">(1) 50 62 42 55 20 98 22 76 74 74 74 74 74 74 74 74 74 74 74 74 74 74 74 74 74 76 22 98 20 55 42 62 50 </linea>
			<linea fila="24" compresionDeCeros="true">(1) 50 62 42 55 20 98 22 76 74 76 76 76 76 76 76 76 76 76 76 76 76 76 76 76 74 76 22 98 20 55 42 62 50 </linea>
			<linea fila="23" compresionDeCeros="true">(1) 50 62 42 55 20 98 22 76 74 76 68 68 68 68 68 68 68 68 68 68 68 68 68 76 74 76 22 98 20 55 42 62 50 </linea>
			<linea fila="22" compresionDeCeros="true">(1) 50 62 42 55 20 98 22 76 74 76 68 55 55 55 55 55 55 55 55 55 55 55 68 76 74 76 22 98 20 55 42 62 50 </linea>
			<linea fila="21" compresionDeCeros="true">(1) 50 62 42 55 20 98 22 76 74 76 68 55 2 2 2 2 2 2 2 2 2 55 68 76 74 76 22 98 20 55 42 62 50 </linea>
			<linea fila="20" compresionDeCeros="true">(1) 50 62 42 55 20 98 22 76 74 76 68 55 2 59 59 59 59 59 59 59 2 55 68 76 74 76 22 98 20 55 42 62 50 </linea>
			<linea fila="19" compresionDeCeros="true">(1) 50 62 42 55 20 98 22 76 74 76 68 55 2 59 76 76 76 76 76 59 2 55 68 76 74 76 22 98 20 55 42 62 50 </linea>
			<linea fila="18" compresionDeCeros="true">(1) 50 62 42 55 20 98 22 76 74 76 68 55 2 59 76 14 14 14 76 59 2 55 68 76 74 76 22 98 20 55 42 62 50 </linea>
			<linea fila="17" compresionDeCeros="true">(1) 50 62 42 55 20 98 22 76 74 76 68 55 2 59 76 14 48 14 76 59 2 55 68 76 74 76 22 98 20 55 42 62 50 </linea>
			<linea fila="16" compresionDeCeros="true">(1) 50 62 42 55 20 98 22 76 74 76 68 55 2 59 76 14 14 14 76 59 2 55 68 76 74 76 22 98 20 55 42 62 50 </linea>
			<linea fila="15" compresionDeCeros="true">(1) 50 62 42 55 20 98 22 76 74 76 68 55 2 59 76 76 76 76 76 59 2 55 68 76 74 76 22 98 20 55 42 62 50 </linea>
			<linea fila="14" compresionDeCeros="true">(1) 50 62 42 55 20 98 22 76 74 76 68 55 2 59 59 59 59 59 59 59 2 55 68 76 74 76 22 98 20 55 42 62 50 </linea>
			<linea fila="13" compresionDeCeros="true">(1) 50 62 42 55 20 98 22 76 74 76 68 55 2 2 2 2 2 2 2 2 2 55 68 76 74 76 22 98 20 55 42 62 50 </linea>
			<linea fila="12" compresionDeCeros="true">(1) 50 62 42 55 20 98 22 76 74 76 68 55 55 55 55 55 55 55 55 55 55 55 68 76 74 76 22 98 20 55 42 62 50 </linea>
			<linea fila="11" compresionDeCeros="true">(1) 50 62 42 55 20 98 22 76 74 76 68 68 68 68 68 68 68 68 68 68 68 68 68 76 74 76 22 98 20 55 42 62 50 </linea>
			<linea fila="10" compresionDeCeros="true">(1) 50 62 42 55 20 98 22 76 74 76 76 76 76 76 76 76 76 76 76 76 76 76 76 76 74 76 22 98 20 55 42 62 50 </linea>
			<linea fila="9" compresionDeCeros="true">(1) 50 62 42 55 20 98 22 76 74 74 74 74 74 74 74 74 74 74 74 74 74 74 74 74 74 76 22 98 20 55 42 62 50 </linea>
			<linea fila="8" compresionDeCeros="true">(1) 50 62 42 55 20 98 22 76 76 76 76 76 76 76 76 76 76 76 76 76 76 76 76 76 76 76 22 98 20 55 42 62 50 </linea>
			<linea fila="7" compresionDeCeros="true">(1) 50 62 42 55 20 98 22 22 22 22 22 22 22 22 22 22 22 22 22 22 22 22 22 22 22 22 22 98 20 55 42 62 50 </linea>
			<linea fila="6" compresionDeCeros="true">(1) 50 62 42 55 20 98 98 98 98 98 98 98 98 98 98 98 98 98 98 98 98 98 98 98 98 98 98 98 20 55 42 62 50 </linea>
			<linea fila="5" compresionDeCeros="true">(1) 50 62 42 55 20 20 20 20 20 20 20 20 20 20 20 20 20 20 20 20 20 20 20 20 20 20 20 20 20 55 42 62 50 </linea>
			<linea fila="4" compresionDeCeros="true">(1) 50 62 42 55 55 55 55 55 55 55 55 55 55 55 55 55 55 55 55 55 55 55 55 55 55 55 55 55 55 55 42 62 50 </linea>
			<linea fila="3" compresionDeCeros="true">(1) 50 62 42 42 42 42 42 42 42 42 42 42 42 42 42 42 42 42 42 42 42 42 42 42 42 42 42 42 42 42 42 62 50 </linea>
			<linea fila="2" compresionDeCeros="true">(1) 50 62 62 62 62 62 62 62 62 62 62 62 62 62 62 62 62 62 62 62 62 62 62 62 62 62 62 62 62 62 62 62 50 </linea>
			<linea fila="1" compresionDeCeros="true">(1) 50 50 50 50 50 50 50 50 50 50 50 50 50 50 50 50 50 50 50 50 50 50 50 50 50 50 50 50 50 50 50 50 50 </linea>
		</mundo>
	</mundos>
	<programas>
		<programa nombre="p1" resultadoEjecucion="FIN PROGRAMA"/>
	</programas>
</resultados>

