<resultados>
	<mundos>
		<mundo nombre="mundo_0">
			<linea fila="49" compresionDeCeros="true">(1) 12 12 12 12 12 12 12 12 12 12 12 12 12 12 12 12 12 12 12 12 12 12 12 12 12 12 12 12 12 12 12 12 12 12 12 12 12 12 12 12 12 12 12 12 12 12 12 12 12 </linea>
			<linea fila="48" compresionDeCeros="true">(1) 12 27 27 27 27 27 27 27 27 27 27 27 27 27 27 27 27 27 27 27 27 27 27 27 27 27 27 27 27 27 27 27 27 27 27 27 27 27 27 27 27 27 27 27 27 27 27 27 12 </linea>
			<linea fila="47" compresionDeCeros="true">(1) 12 27 28 28 28 28 28 28 28 28 28 28 28 28 28 28 28 28 28 28 28 28 28 28 28 28 28 28 28 28 28 28 28 28 28 28 28 28 28 28 28 28 28 28 28 28 28 27 12 </linea>
			<linea fila="46" compresionDeCeros="true">(1) 12 27 28 79 79 79 79 79 79 79 79 79 79 79 79 79 79 79 79 79 79 79 79 79 79 79 79 79 79 79 79 79 79 79 79 79 79 79 79 79 79 79 79 79 79 79 28 27 12 </linea>
			<linea fila="45" compresionDeCeros="true">(1) 12 27 28 79 30 30 30 30 30 30 30 30 30 30 30 30 30 30 30 30 30 30 30 30 30 30 30 30 30 30 30 30 30 30 30 30 30 30 30 30 30 30 30 30 30 79 28 27 12 </linea>
			<linea fila="44" compresionDeCeros="true">(1) 12 27 28 79 30 6 6 6 6 6 6 6 6 6 6 6 6 6 6 6 6 6 6 6 6 6 6 6 6 6 6 6 6 6 6 6 6 6 6 6 6 6 6 6 30 79 28 27 12 </linea>
			<linea fila="43" compresionDeCeros="true">(1) 12 27 28 79 30 6 75 75 75 75 75 75 75 75 75 75 75 75 75 75 75 75 75 75 75 75 75 75 75 75 75 75 75 75 75 75 75 75 75 75 75 75 75 6 30 79 28 27 12 </linea>
			<linea fila="42" compresionDeCeros="true">(1) 12 27 28 79 30 6 75 73 73 73 73 73 73 73 73 73 73 73 73 73 73 73 73 73 73 73 73 73 73 73 73 73 73 73 73 73 73 73 73 73 73 73 75 6 30 79 28 27 12 </linea>
			<linea fila="41" compresionDeCeros="true">(1) 12 27 28 79 30 6 75 73 3 3 3 3 3 3 3 3 3 3 3 3 3 3 3 3 3 3 3 3 3 3 3 3 3 3 3 3 3 3 3 3 3 73 75 6 30 79 28 27 12 </linea>
			<linea fila="40" compresionDeCeros="true">(1) 12 27 28 79 30 6 75 73 3 42 42 42 42 42 42 42 42 42 42 42 42 42 42 42 42 42 42 42 42 42 42 42 42 42 42 42 42 42 42 42 3 73 75 6 30 79 28 27 12 </linea>
			<linea fila="39" compresionDeCeros="true">(1) 12 27 28 79 30 6 75 73 3 42 16 16 16 16 16 16 16 16 16 16 16 16 16 16 16 16 16 16 16 16 16 16 16 16 16 16 16 16 16 42 3 73 75 6 30 79 28 27 12 </linea>
			<linea fila="38" compresionDeCeros="true">(1) 12 27 28 79 30 6 75 73 3 42 16 30 30 30 30 30 30 30 30 30 30 30 30 30 30 30 30 30 30 30 30 30 30 30 30 30 30 30 16 42 3 73 75 6 30 79 28 27 12 </linea>
			<linea fila="37" compresionDeCeros="true">(1) 12 27 28 79 30 6 75 73 3 42 16 30 69 69 69 69 69 69 69 69 69 69 69 69 69 69 69 69 69 69 69 69 69 69 69 69 69 30 16 42 3 73 75 6 30 79 28 27 12 </linea>
			<linea fila="36" compresionDeCeros="true">(1) 12 27 28 79 30 6 75 73 3 42 16 30 69 73 73 73 73 73 73 73 73 73 73 73 73 73 73 73 73 73 73 73 73 73 73 73 69 30 16 42 3 73 75 6 30 79 28 27 12 </linea>
			<linea fila="35" compresionDeCeros="true">(1) 12 27 28 79 30 6 75 73 3 42 16 30 69 73 74 74 74 74 74 74 74 74 74 74 74 74 74 74 74 74 74 74 74 74 74 73 69 30 16 42 3 73 75 6 30 79 28 27 12 </linea>
			<linea fila="34" compresionDeCeros="true">(1) 12 27 28 79 30 6 75 73 3 42 16 30 69 73 74 18 18 18 18 18 18 18 18 18 18 18 18 18 18 18 18 18 18 18 74 73 69 30 16 42 3 73 75 6 30 79 28 27 12 </linea>
			<linea fila="33" compresionDeCeros="true">(1) 12 27 28 79 30 6 75 73 3 42 16 30 69 73 74 18 93 93 93 93 93 93 93 93 93 93 93 93 93 93 93 93 93 18 74 73 69 30 16 42 3 73 75 6 30 79 28 27 12 </linea>
			<linea fila="32" compresionDeCeros="true">(1) 12 27 28 79 30 6 75 73 3 42 16 30 69 73 74 18 93 80 80 80 80 80 80 80 80 80 80 80 80 80 80 80 93 18 74 73 69 30 16 42 3 73 75 6 30 79 28 27 12 </linea>
			<linea fila="31" compresionDeCeros="true">(1) 12 27 28 79 30 6 75 73 3 42 16 30 69 73 74 18 93 80 31 31 31 31 31 31 31 31 31 31 31 31 31 80 93 18 74 73 69 30 16 42 3 73 75 6 30 79 28 27 12 </linea>
			<linea fila="30" compresionDeCeros="true">(1) 12 27 28 79 30 6 75 73 3 42 16 30 69 73 74 18 93 80 31 5 5 5 5 5 5 5 5 5 5 5 31 80 93 18 74 73 69 30 16 42 3 73 75 6 30 79 28 27 12 </linea>
			<linea fila="29" compresionDeCeros="true">(1) 12 27 28 79 30 6 75 73 3 42 16 30 69 73 74 18 93 80 31 5 39 39 39 39 39 39 39 39 39 5 31 80 93 18 74 73 69 30 16 42 3 73 75 6 30 79 28 27 12 </linea>
			<linea fila="28" compresionDeCeros="true">(1) 12 27 28 79 30 6 75 73 3 42 16 30 69 73 74 18 93 80 31 5 39 23 23 23 23 23 23 23 39 5 31 80 93 18 74 73 69 30 16 42 3 73 75 6 30 79 28 27 12 </linea>
			<linea fila="27" compresionDeCeros="true">(1) 12 27 28 79 30 6 75 73 3 42 16 30 69 73 74 18 93 80 31 5 39 23 94 94 94 94 94 23 39 5 31 80 93 18 74 73 69 30 16 42 3 73 75 6 30 79 28 27 12 </linea>
			<linea fila="26" compresionDeCeros="true">(1) 12 27 28 79 30 6 75 73 3 42 16 30 69 73 74 18 93 80 31 5 39 23 94 11 11 11 94 23 39 5 31 80 93 18 74 73 69 30 16 42 3 73 75 6 30 79 28 27 12 </linea>
			<linea fila="25" compresionDeCeros="true">(1) 12 27 28 79 30 6 75 73 3 42 16 30 69 73 74 18 93 80 31 5 39 23 94 11 41 11 94 23 39 5 31 80 93 18 74 73 69 30 16 42 3 73 75 6 30 79 28 27 12 </linea>
			<linea fila="24" compresionDeCeros="true">(1) 12 27 28 79 30 6 75 73 3 42 16 30 69 73 74 18 93 80 31 5 39 23 94 11 11 11 94 23 39 5 31 80 93 18 74 73 69 30 16 42 3 73 75 6 30 79 28 27 12 </linea>
			<linea fila="23" compresionDeCeros="true">(1) 12 27 28 79 30 6 75 73 3 42 16 30 69 73 74 18 93 80 31 5 39 23 94 94 94 94 94 23 39 5 31 80 93 18 74 73 69 30 16 42 3 73 75 6 30 79 28 27 12 </linea>
			<linea fila="22" compresionDeCeros="true">(1) 12 27 28 79 30 6 75 73 3 42 16 30 69 73 74 18 93 80 31 5 39 23 23 23 23 23 23 23 39 5 31 80 93 18 74 73 69 30 16 42 3 73 75 6 30 79 28 27 12 </linea>
			<linea fila="21" compresionDeCeros="true">(1) 12 27 28 79 30 6 75 73 3 42 16 30 69 73 74 18 93 80 31 5 39 39 39 39 39 39 39 39 39 5 31 80 93 18 74 73 69 30 16 42 3 73 75 6 30 79 28 27 12 </linea>
			<linea fila="20" compresionDeCeros="true">(1) 12 27 28 79 30 6 75 73 3 42 16 30 69 73 74 18 93 80 31 5 5 5 5 5 5 5 5 5 5 5 31 80 93 18 74 73 69 30 16 42 3 73 75 6 30 79 28 27 12 </linea>
			<linea fila="19" compresionDeCeros="true">(1) 12 27 28 79 30 6 75 73 3 42 16 30 69 73 74 18 93 80 31 31 31 31 31 31 31 31 31 31 31 31 31 80 93 18 74 73 69 30 16 42 3 73 75 6 30 79 28 27 12 </linea>
			<linea fila="18" compresionDeCeros="true">(1) 12 27 28 79 30 6 75 73 3 42 16 30 69 73 74 18 93 80 80 80 80 80 80 80 80 80 80 80 80 80 80 80 93 18 74 73 69 30 16 42 3 73 75 6 30 79 28 27 12 </linea>
			<linea fila="17" compresionDeCeros="true">(1) 12 27 28 79 30 6 75 73 3 42 16 30 69 73 74 18 93 93 93 93 93 93 93 93 93 93 93 93 93 93 93 93 93 18 74 73 69 30 16 42 3 73 75 6 30 79 28 27 12 </linea>
			<linea fila="16" compresionDeCeros="true">(1) 12 27 28 79 30 6 75 73 3 42 16 30 69 73 74 18 18 18 18 18 18 18 18 18 18 18 18 18 18 18 18 18 18 18 74 73 69 30 16 42 3 73 75 6 30 79 28 27 12 </linea>
			<linea fila="15" compresionDeCeros="true">(1) 12 27 28 79 30 6 75 73 3 42 16 30 69 73 74 74 74 74 74 74 74 74 74 74 74 74 74 74 74 74 74 74 74 74 74 73 69 30 16 42 3 73 75 6 30 79 28 27 12 </linea>
			<linea fila="14" compresionDeCeros="true">(1) 12 27 28 79 30 6 75 73 3 42 16 30 69 73 73 73 73 73 73 73 73 73 73 73 73 73 73 73 73 73 73 73 73 73 73 73 69 30 16 42 3 73 75 6 30 79 28 27 12 </linea>
			<linea fila="13" compresionDeCeros="true">(1) 12 27 28 79 30 6 75 73 3 42 16 30 69 69 69 69 69 69 69 69 69 69 69 69 69 69 69 69 69 69 69 69 69 69 69 69 69 30 16 42 3 73 75 6 30 79 28 27 12 </linea>
			<linea fila="12" compresionDeCeros="true">(1) 12 27 28 79 30 6 75 73 3 42 16 30 30 30 30 30 30 30 30 30 30 30 30 30 30 30 30 30 30 30 30 30 30 30 30 30 30 30 16 42 3 73 75 6 30 79 28 27 12 </linea>
			<linea fila="11" compresionDeCeros="true">(1) 12 27 28 79 30 6 75 73 3 42 16 16 16 16 16 16 16 16 16 16 16 16 16 16 16 16 16 16 16 16 16 16 16 16 16 16 16 16 16 42 3 73 75 6 30 79 28 27 12 </linea>
			<linea fila="10" compresionDeCeros="true">(1) 12 27 28 79 30 6 75 73 3 42 42 42 42 42 42 42 42 42 42 42 42 42 42 42 42 42 42 42 42 42 42 42 42 42 42 42 42 42 42 42 3 73 75 6 30 79 28 27 12 </linea>
			<linea fila="9" compresionDeCeros="true">(1) 12 27 28 79 30 6 75 73 3 3 3 3 3 3 3 3 3 3 3 3 3 3 3 3 3 3 3 3 3 3 3 3 3 3 3 3 3 3 3 3 3 73 75 6 30 79 28 27 12 </linea>
			<linea fila="8" compresionDeCeros="true">(1) 12 27 28 79 30 6 75 73 73 73 73 73 73 73 73 73 73 73 73 73 73 73 73 73 73 73 73 73 73 73 73 73 73 73 73 73 73 73 73 73 73 73 75 6 30 79 28 27 12 </linea>
			<linea fila="7" compresionDeCeros="true">(1) 12 27 28 79 30 6 75 75 75 75 75 75 75 75 75 75 75 75 75 75 75 75 75 75 75 75 75 75 75 75 75 75 75 75 75 75 75 75 75 75 75 75 75 6 30 79 28 27 12 </linea>
			<linea fila="6" compresionDeCeros="true">(1) 12 27 28 79 30 6 6 6 6 6 6 6 6 6 6 6 6 6 6 6 6 6 6 6 6 6 6 6 6 6 6 6 6 6 6 6 6 6 6 6 6 6 6 6 30 79 28 27 12 </linea>
			<linea fila="5" compresionDeCeros="true">(1) 12 27 28 79 30 30 30 30 30 30 30 30 30 30 30 30 30 30 30 30 30 30 30 30 30 30 30 30 30 30 30 30 30 30 30 30 30 30 30 30 30 30 30 30 30 79 28 27 12 </linea>
			<linea fila="4" compresionDeCeros="true">(1) 12 27 28 79 79 79 79 79 79 79 79 79 79 79 79 79 79 79 79 79 79 79 79 79 79 79 79 79 79 79 79 79 79 79 79 79 79 79 79 79 79 79 79 79 79 79 28 27 12 </linea>
			<linea fila="3" compresionDeCeros="true">(1) 12 27 28 28 28 28 28 28 28 28 28 28 28 28 28 28 28 28 28 28 28 28 28 28 28 28 28 28 28 28 28 28 28 28 28 28 28 28 28 28 28 28 28 28 28 28 28 27 12 </linea>
			<linea fila="2" compresionDeCeros="true">(1) 12 27 27 27 27 27 27 27 27 27 27 27 27 27 27 27 27 27 27 27 27 27 27 27 27 27 27 27 27 27 27 27 27 27 27 27 27 27 27 27 27 27 27 27 27 27 27 27 12 </linea>
			<linea fila="1" compresionDeCeros="true">(1) 12 12 12 12 12 12 12 12 12 12 12 12 12 12 12 12 12 12 12 12 12 12 12 12 12 12 12 12 12 12 12 12 12 12 12 12 12 12 12 12 12 12 12 12 12 12 12 12 12 </linea>
		</mundo>
	</mundos>
	<programas>
		<programa nombre="p1" resultadoEjecucion="FIN PROGRAMA"/>
	</programas>
</resultados>

