<resultados>
	<mundos>
		<mundo nombre="mundo_0">
			<linea fila="49" compresionDeCeros="true">(1) 63 63 63 63 63 63 63 63 63 63 63 63 63 63 63 63 63 63 63 63 63 63 63 63 63 63 63 63 63 63 63 63 63 63 63 63 63 63 63 63 63 63 63 63 63 63 63 63 63 </linea>
			<linea fila="48" compresionDeCeros="true">(1) 63 40 40 40 40 40 40 40 40 40 40 40 40 40 40 40 40 40 40 40 40 40 40 40 40 40 40 40 40 40 40 40 40 40 40 40 40 40 40 40 40 40 40 40 40 40 40 40 63 </linea>
			<linea fila="47" compresionDeCeros="true">(1) 63 40 70 70 70 70 70 70 70 70 70 70 70 70 70 70 70 70 70 70 70 70 70 70 70 70 70 70 70 70 70 70 70 70 70 70 70 70 70 70 70 70 70 70 70 70 70 40 63 </linea>
			<linea fila="46" compresionDeCeros="true">(1) 63 40 70 60 60 60 60 60 60 60 60 60 60 60 60 60 60 60 60 60 60 60 60 60 60 60 60 60 60 60 60 60 60 60 60 60 60 60 60 60 60 60 60 60 60 60 70 40 63 </linea>
			<linea fila="45" compresionDeCeros="true">(1) 63 40 70 60 58 58 58 58 58 58 58 58 58 58 58 58 58 58 58 58 58 58 58 58 58 58 58 58 58 58 58 58 58 58 58 58 58 58 58 58 58 58 58 58 58 60 70 40 63 </linea>
			<linea fila="44" compresionDeCeros="true">(1) 63 40 70 60 58 1 1 1 1 1 1 1 1 1 1 1 1 1 1 1 1 1 1 1 1 1 1 1 1 1 1 1 1 1 1 1 1 1 1 1 1 1 1 1 58 60 70 40 63 </linea>
			<linea fila="43" compresionDeCeros="true">(1) 63 40 70 60 58 1 22 22 22 22 22 22 22 22 22 22 22 22 22 22 22 22 22 22 22 22 22 22 22 22 22 22 22 22 22 22 22 22 22 22 22 22 22 1 58 60 70 40 63 </linea>
			<linea fila="42" compresionDeCeros="true">(1) 63 40 70 60 58 1 22 19 19 19 19 19 19 19 19 19 19 19 19 19 19 19 19 19 19 19 19 19 19 19 19 19 19 19 19 19 19 19 19 19 19 19 22 1 58 60 70 40 63 </linea>
			<linea fila="41" compresionDeCeros="true">(1) 63 40 70 60 58 1 22 19 30 30 30 30 30 30 30 30 30 30 30 30 30 30 30 30 30 30 30 30 30 30 30 30 30 30 30 30 30 30 30 30 30 19 22 1 58 60 70 40 63 </linea>
			<linea fila="40" compresionDeCeros="true">(1) 63 40 70 60 58 1 22 19 30 1 1 1 1 1 1 1 1 1 1 1 1 1 1 1 1 1 1 1 1 1 1 1 1 1 1 1 1 1 1 1 30 19 22 1 58 60 70 40 63 </linea>
			<linea fila="39" compresionDeCeros="true">(1) 63 40 70 60 58 1 22 19 30 1 95 95 95 95 95 95 95 95 95 95 95 95 95 95 95 95 95 95 95 95 95 95 95 95 95 95 95 95 95 1 30 19 22 1 58 60 70 40 63 </linea>
			<linea fila="38" compresionDeCeros="true">(1) 63 40 70 60 58 1 22 19 30 1 95 96 96 96 96 96 96 96 96 96 96 96 96 96 96 96 96 96 96 96 96 96 96 96 96 96 96 96 95 1 30 19 22 1 58 60 70 40 63 </linea>
			<linea fila="37" compresionDeCeros="true">(1) 63 40 70 60 58 1 22 19 30 1 95 96 79 79 79 79 79 79 79 79 79 79 79 79 79 79 79 79 79 79 79 79 79 79 79 79 79 96 95 1 30 19 22 1 58 60 70 40 63 </linea>
			<linea fila="36" compresionDeCeros="true">(1) 63 40 70 60 58 1 22 19 30 1 95 96 79 12 12 12 12 12 12 12 12 12 12 12 12 12 12 12 12 12 12 12 12 12 12 12 79 96 95 1 30 19 22 1 58 60 70 40 63 </linea>
			<linea fila="35" compresionDeCeros="true">(1) 63 40 70 60 58 1 22 19 30 1 95 96 79 12 77 77 77 77 77 77 77 77 77 77 77 77 77 77 77 77 77 77 77 77 77 12 79 96 95 1 30 19 22 1 58 60 70 40 63 </linea>
			<linea fila="34" compresionDeCeros="true">(1) 63 40 70 60 58 1 22 19 30 1 95 96 79 12 77 52 52 52 52 52 52 52 52 52 52 52 52 52 52 52 52 52 52 52 77 12 79 96 95 1 30 19 22 1 58 60 70 40 63 </linea>
			<linea fila="33" compresionDeCeros="true">(1) 63 40 70 60 58 1 22 19 30 1 95 96 79 12 77 52 63 63 63 63 63 63 63 63 63 63 63 63 63 63 63 63 63 52 77 12 79 96 95 1 30 19 22 1 58 60 70 40 63 </linea>
			<linea fila="32" compresionDeCeros="true">(1) 63 40 70 60 58 1 22 19 30 1 95 96 79 12 77 52 63 1 1 1 1 1 1 1 1 1 1 1 1 1 1 1 63 52 77 12 79 96 95 1 30 19 22 1 58 60 70 40 63 </linea>
			<linea fila="31" compresionDeCeros="true">(1) 63 40 70 60 58 1 22 19 30 1 95 96 79 12 77 52 63 1 42 42 42 42 42 42 42 42 42 42 42 42 42 1 63 52 77 12 79 96 95 1 30 19 22 1 58 60 70 40 63 </linea>
			<linea fila="30" compresionDeCeros="true">(1) 63 40 70 60 58 1 22 19 30 1 95 96 79 12 77 52 63 1 42 81 81 81 81 81 81 81 81 81 81 81 42 1 63 52 77 12 79 96 95 1 30 19 22 1 58 60 70 40 63 </linea>
			<linea fila="29" compresionDeCeros="true">(1) 63 40 70 60 58 1 22 19 30 1 95 96 79 12 77 52 63 1 42 81 17 17 17 17 17 17 17 17 17 81 42 1 63 52 77 12 79 96 95 1 30 19 22 1 58 60 70 40 63 </linea>
			<linea fila="28" compresionDeCeros="true">(1) 63 40 70 60 58 1 22 19 30 1 95 96 79 12 77 52 63 1 42 81 17 21 21 21 21 21 21 21 17 81 42 1 63 52 77 12 79 96 95 1 30 19 22 1 58 60 70 40 63 </linea>
			<linea fila="27" compresionDeCeros="true">(1) 63 40 70 60 58 1 22 19 30 1 95 96 79 12 77 52 63 1 42 81 17 21 36 36 36 36 36 21 17 81 42 1 63 52 77 12 79 96 95 1 30 19 22 1 58 60 70 40 63 </linea>
			<linea fila="26" compresionDeCeros="true">(1) 63 40 70 60 58 1 22 19 30 1 95 96 79 12 77 52 63 1 42 81 17 21 36 1 1 1 36 21 17 81 42 1 63 52 77 12 79 96 95 1 30 19 22 1 58 60 70 40 63 </linea>
			<linea fila="25" compresionDeCeros="true">(1) 63 40 70 60 58 1 22 19 30 1 95 96 79 12 77 52 63 1 42 81 17 21 36 1 1 1 36 21 17 81 42 1 63 52 77 12 79 96 95 1 30 19 22 1 58 60 70 40 63 </linea>
			<linea fila="24" compresionDeCeros="true">(1) 63 40 70 60 58 1 22 19 30 1 95 96 79 12 77 52 63 1 42 81 17 21 36 1 1 1 36 21 17 81 42 1 63 52 77 12 79 96 95 1 30 19 22 1 58 60 70 40 63 </linea>
			<linea fila="23" compresionDeCeros="true">(1) 63 40 70 60 58 1 22 19 30 1 95 96 79 12 77 52 63 1 42 81 17 21 36 36 36 36 36 21 17 81 42 1 63 52 77 12 79 96 95 1 30 19 22 1 58 60 70 40 63 </linea>
			<linea fila="22" compresionDeCeros="true">(1) 63 40 70 60 58 1 22 19 30 1 95 96 79 12 77 52 63 1 42 81 17 21 21 21 21 21 21 21 17 81 42 1 63 52 77 12 79 96 95 1 30 19 22 1 58 60 70 40 63 </linea>
			<linea fila="21" compresionDeCeros="true">(1) 63 40 70 60 58 1 22 19 30 1 95 96 79 12 77 52 63 1 42 81 17 17 17 17 17 17 17 17 17 81 42 1 63 52 77 12 79 96 95 1 30 19 22 1 58 60 70 40 63 </linea>
			<linea fila="20" compresionDeCeros="true">(1) 63 40 70 60 58 1 22 19 30 1 95 96 79 12 77 52 63 1 42 81 81 81 81 81 81 81 81 81 81 81 42 1 63 52 77 12 79 96 95 1 30 19 22 1 58 60 70 40 63 </linea>
			<linea fila="19" compresionDeCeros="true">(1) 63 40 70 60 58 1 22 19 30 1 95 96 79 12 77 52 63 1 42 42 42 42 42 42 42 42 42 42 42 42 42 1 63 52 77 12 79 96 95 1 30 19 22 1 58 60 70 40 63 </linea>
			<linea fila="18" compresionDeCeros="true">(1) 63 40 70 60 58 1 22 19 30 1 95 96 79 12 77 52 63 1 1 1 1 1 1 1 1 1 1 1 1 1 1 1 63 52 77 12 79 96 95 1 30 19 22 1 58 60 70 40 63 </linea>
			<linea fila="17" compresionDeCeros="true">(1) 63 40 70 60 58 1 22 19 30 1 95 96 79 12 77 52 63 63 63 63 63 63 63 63 63 63 63 63 63 63 63 63 63 52 77 12 79 96 95 1 30 19 22 1 58 60 70 40 63 </linea>
			<linea fila="16" compresionDeCeros="true">(1) 63 40 70 60 58 1 22 19 30 1 95 96 79 12 77 52 52 52 52 52 52 52 52 52 52 52 52 52 52 52 52 52 52 52 77 12 79 96 95 1 30 19 22 1 58 60 70 40 63 </linea>
			<linea fila="15" compresionDeCeros="true">(1) 63 40 70 60 58 1 22 19 30 1 95 96 79 12 77 77 77 77 77 77 77 77 77 77 77 77 77 77 77 77 77 77 77 77 77 12 79 96 95 1 30 19 22 1 58 60 70 40 63 </linea>
			<linea fila="14" compresionDeCeros="true">(1) 63 40 70 60 58 1 22 19 30 1 95 96 79 12 12 12 12 12 12 12 12 12 12 12 12 12 12 12 12 12 12 12 12 12 12 12 79 96 95 1 30 19 22 1 58 60 70 40 63 </linea>
			<linea fila="13" compresionDeCeros="true">(1) 63 40 70 60 58 1 22 19 30 1 95 96 79 79 79 79 79 79 79 79 79 79 79 79 79 79 79 79 79 79 79 79 79 79 79 79 79 96 95 1 30 19 22 1 58 60 70 40 63 </linea>
			<linea fila="12" compresionDeCeros="true">(1) 63 40 70 60 58 1 22 19 30 1 95 96 96 96 96 96 96 96 96 96 96 96 96 96 96 96 96 96 96 96 96 96 96 96 96 96 96 96 95 1 30 19 22 1 58 60 70 40 63 </linea>
			<linea fila="11" compresionDeCeros="true">(1) 63 40 70 60 58 1 22 19 30 1 95 95 95 95 95 95 95 95 95 95 95 95 95 95 95 95 95 95 95 95 95 95 95 95 95 95 95 95 95 1 30 19 22 1 58 60 70 40 63 </linea>
			<linea fila="10" compresionDeCeros="true">(1) 63 40 70 60 58 1 22 19 30 1 1 1 1 1 1 1 1 1 1 1 1 1 1 1 1 1 1 1 1 1 1 1 1 1 1 1 1 1 1 1 30 19 22 1 58 60 70 40 63 </linea>
			<linea fila="9" compresionDeCeros="true">(1) 63 40 70 60 58 1 22 19 30 30 30 30 30 30 30 30 30 30 30 30 30 30 30 30 30 30 30 30 30 30 30 30 30 30 30 30 30 30 30 30 30 19 22 1 58 60 70 40 63 </linea>
			<linea fila="8" compresionDeCeros="true">(1) 63 40 70 60 58 1 22 19 19 19 19 19 19 19 19 19 19 19 19 19 19 19 19 19 19 19 19 19 19 19 19 19 19 19 19 19 19 19 19 19 19 19 22 1 58 60 70 40 63 </linea>
			<linea fila="7" compresionDeCeros="true">(1) 63 40 70 60 58 1 22 22 22 22 22 22 22 22 22 22 22 22 22 22 22 22 22 22 22 22 22 22 22 22 22 22 22 22 22 22 22 22 22 22 22 22 22 1 58 60 70 40 63 </linea>
			<linea fila="6" compresionDeCeros="true">(1) 63 40 70 60 58 1 1 1 1 1 1 1 1 1 1 1 1 1 1 1 1 1 1 1 1 1 1 1 1 1 1 1 1 1 1 1 1 1 1 1 1 1 1 1 58 60 70 40 63 </linea>
			<linea fila="5" compresionDeCeros="true">(1) 63 40 70 60 58 58 58 58 58 58 58 58 58 58 58 58 58 58 58 58 58 58 58 58 58 58 58 58 58 58 58 58 58 58 58 58 58 58 58 58 58 58 58 58 58 60 70 40 63 </linea>
			<linea fila="4" compresionDeCeros="true">(1) 63 40 70 60 60 60 60 60 60 60 60 60 60 60 60 60 60 60 60 60 60 60 60 60 60 60 60 60 60 60 60 60 60 60 60 60 60 60 60 60 60 60 60 60 60 60 70 40 63 </linea>
			<linea fila="3" compresionDeCeros="true">(1) 63 40 70 70 70 70 70 70 70 70 70 70 70 70 70 70 70 70 70 70 70 70 70 70 70 70 70 70 70 70 70 70 70 70 70 70 70 70 70 70 70 70 70 70 70 70 70 40 63 </linea>
			<linea fila="2" compresionDeCeros="true">(1) 63 40 40 40 40 40 40 40 40 40 40 40 40 40 40 40 40 40 40 40 40 40 40 40 40 40 40 40 40 40 40 40 40 40 40 40 40 40 40 40 40 40 40 40 40 40 40 40 63 </linea>
			<linea fila="1" compresionDeCeros="true">(1) 63 63 63 63 63 63 63 63 63 63 63 63 63 63 63 63 63 63 63 63 63 63 63 63 63 63 63 63 63 63 63 63 63 63 63 63 63 63 63 63 63 63 63 63 63 63 63 63 63 </linea>
		</mundo>
	</mundos>
	<programas>
		<programa nombre="p1" resultadoEjecucion="FIN PROGRAMA"/>
	</programas>
</resultados>

