<resultados>
	<mundos>
		<mundo nombre="mundo_0">
			<linea fila="23" compresionDeCeros="true">(1) 23 23 23 23 23 23 23 23 23 23 23 23 23 23 23 23 23 23 23 23 23 23 23 </linea>
			<linea fila="22" compresionDeCeros="true">(1) 23 48 48 48 48 48 48 48 48 48 48 48 48 48 48 48 48 48 48 48 48 48 23 </linea>
			<linea fila="21" compresionDeCeros="true">(1) 23 48 63 63 63 63 63 63 63 63 63 63 63 63 63 63 63 63 63 63 63 48 23 </linea>
			<linea fila="20" compresionDeCeros="true">(1) 23 48 63 57 57 57 57 57 57 57 57 57 57 57 57 57 57 57 57 57 63 48 23 </linea>
			<linea fila="19" compresionDeCeros="true">(1) 23 48 63 57 87 87 87 87 87 87 87 87 87 87 87 87 87 87 87 57 63 48 23 </linea>
			<linea fila="18" compresionDeCeros="true">(1) 23 48 63 57 87 61 61 61 61 61 61 61 61 61 61 61 61 61 87 57 63 48 23 </linea>
			<linea fila="17" compresionDeCeros="true">(1) 23 48 63 57 87 61 29 29 29 29 29 29 29 29 29 29 29 61 87 57 63 48 23 </linea>
			<linea fila="16" compresionDeCeros="true">(1) 23 48 63 57 87 61 29 45 45 45 45 45 45 45 45 45 29 61 87 57 63 48 23 </linea>
			<linea fila="15" compresionDeCeros="true">(1) 23 48 63 57 87 61 29 45 49 49 49 49 49 49 49 45 29 61 87 57 63 48 23 </linea>
			<linea fila="14" compresionDeCeros="true">(1) 23 48 63 57 87 61 29 45 49 15 15 15 15 15 49 45 29 61 87 57 63 48 23 </linea>
			<linea fila="13" compresionDeCeros="true">(1) 23 48 63 57 87 61 29 45 49 15 49 49 49 15 49 45 29 61 87 57 63 48 23 </linea>
			<linea fila="12" compresionDeCeros="true">(1) 23 48 63 57 87 61 29 45 49 15 49 89 49 15 49 45 29 61 87 57 63 48 23 </linea>
			<linea fila="11" compresionDeCeros="true">(1) 23 48 63 57 87 61 29 45 49 15 49 49 49 15 49 45 29 61 87 57 63 48 23 </linea>
			<linea fila="10" compresionDeCeros="true">(1) 23 48 63 57 87 61 29 45 49 15 15 15 15 15 49 45 29 61 87 57 63 48 23 </linea>
			<linea fila="9" compresionDeCeros="true">(1) 23 48 63 57 87 61 29 45 49 49 49 49 49 49 49 45 29 61 87 57 63 48 23 </linea>
			<linea fila="8" compresionDeCeros="true">(1) 23 48 63 57 87 61 29 45 45 45 45 45 45 45 45 45 29 61 87 57 63 48 23 </linea>
			<linea fila="7" compresionDeCeros="true">(1) 23 48 63 57 87 61 29 29 29 29 29 29 29 29 29 29 29 61 87 57 63 48 23 </linea>
			<linea fila="6" compresionDeCeros="true">(1) 23 48 63 57 87 61 61 61 61 61 61 61 61 61 61 61 61 61 87 57 63 48 23 </linea>
			<linea fila="5" compresionDeCeros="true">(1) 23 48 63 57 87 87 87 87 87 87 87 87 87 87 87 87 87 87 87 57 63 48 23 </linea>
			<linea fila="4" compresionDeCeros="true">(1) 23 48 63 57 57 57 57 57 57 57 57 57 57 57 57 57 57 57 57 57 63 48 23 </linea>
			<linea fila="3" compresionDeCeros="true">(1) 23 48 63 63 63 63 63 63 63 63 63 63 63 63 63 63 63 63 63 63 63 48 23 </linea>
			<linea fila="2" compresionDeCeros="true">(1) 23 48 48 48 48 48 48 48 48 48 48 48 48 48 48 48 48 48 48 48 48 48 23 </linea>
			<linea fila="1" compresionDeCeros="true">(1) 23 23 23 23 23 23 23 23 23 23 23 23 23 23 23 23 23 23 23 23 23 23 23 </linea>
		</mundo>
	</mundos>
	<programas>
		<programa nombre="p1" resultadoEjecucion="FIN PROGRAMA"/>
	</programas>
</resultados>

