<resultados>
	<mundos>
		<mundo nombre="mundo_0">
			<linea fila="49" compresionDeCeros="true">(1) 54 54 54 54 54 54 54 54 54 54 54 54 54 54 54 54 54 54 54 54 54 54 54 54 54 54 54 54 54 54 54 54 54 54 54 54 54 54 54 54 54 54 54 54 54 54 54 54 54 </linea>
			<linea fila="48" compresionDeCeros="true">(1) 54 75 75 75 75 75 75 75 75 75 75 75 75 75 75 75 75 75 75 75 75 75 75 75 75 75 75 75 75 75 75 75 75 75 75 75 75 75 75 75 75 75 75 75 75 75 75 75 54 </linea>
			<linea fila="47" compresionDeCeros="true">(1) 54 75 69 69 69 69 69 69 69 69 69 69 69 69 69 69 69 69 69 69 69 69 69 69 69 69 69 69 69 69 69 69 69 69 69 69 69 69 69 69 69 69 69 69 69 69 69 75 54 </linea>
			<linea fila="46" compresionDeCeros="true">(1) 54 75 69 94 94 94 94 94 94 94 94 94 94 94 94 94 94 94 94 94 94 94 94 94 94 94 94 94 94 94 94 94 94 94 94 94 94 94 94 94 94 94 94 94 94 94 69 75 54 </linea>
			<linea fila="45" compresionDeCeros="true">(1) 54 75 69 94 35 35 35 35 35 35 35 35 35 35 35 35 35 35 35 35 35 35 35 35 35 35 35 35 35 35 35 35 35 35 35 35 35 35 35 35 35 35 35 35 35 94 69 75 54 </linea>
			<linea fila="44" compresionDeCeros="true">(1) 54 75 69 94 35 9 9 9 9 9 9 9 9 9 9 9 9 9 9 9 9 9 9 9 9 9 9 9 9 9 9 9 9 9 9 9 9 9 9 9 9 9 9 9 35 94 69 75 54 </linea>
			<linea fila="43" compresionDeCeros="true">(1) 54 75 69 94 35 9 69 69 69 69 69 69 69 69 69 69 69 69 69 69 69 69 69 69 69 69 69 69 69 69 69 69 69 69 69 69 69 69 69 69 69 69 69 9 35 94 69 75 54 </linea>
			<linea fila="42" compresionDeCeros="true">(1) 54 75 69 94 35 9 69 66 66 66 66 66 66 66 66 66 66 66 66 66 66 66 66 66 66 66 66 66 66 66 66 66 66 66 66 66 66 66 66 66 66 66 69 9 35 94 69 75 54 </linea>
			<linea fila="41" compresionDeCeros="true">(1) 54 75 69 94 35 9 69 66 84 84 84 84 84 84 84 84 84 84 84 84 84 84 84 84 84 84 84 84 84 84 84 84 84 84 84 84 84 84 84 84 84 66 69 9 35 94 69 75 54 </linea>
			<linea fila="40" compresionDeCeros="true">(1) 54 75 69 94 35 9 69 66 84 33 33 33 33 33 33 33 33 33 33 33 33 33 33 33 33 33 33 33 33 33 33 33 33 33 33 33 33 33 33 33 84 66 69 9 35 94 69 75 54 </linea>
			<linea fila="39" compresionDeCeros="true">(1) 54 75 69 94 35 9 69 66 84 33 81 81 81 81 81 81 81 81 81 81 81 81 81 81 81 81 81 81 81 81 81 81 81 81 81 81 81 81 81 33 84 66 69 9 35 94 69 75 54 </linea>
			<linea fila="38" compresionDeCeros="true">(1) 54 75 69 94 35 9 69 66 84 33 81 37 37 37 37 37 37 37 37 37 37 37 37 37 37 37 37 37 37 37 37 37 37 37 37 37 37 37 81 33 84 66 69 9 35 94 69 75 54 </linea>
			<linea fila="37" compresionDeCeros="true">(1) 54 75 69 94 35 9 69 66 84 33 81 37 65 65 65 65 65 65 65 65 65 65 65 65 65 65 65 65 65 65 65 65 65 65 65 65 65 37 81 33 84 66 69 9 35 94 69 75 54 </linea>
			<linea fila="36" compresionDeCeros="true">(1) 54 75 69 94 35 9 69 66 84 33 81 37 65 29 29 29 29 29 29 29 29 29 29 29 29 29 29 29 29 29 29 29 29 29 29 29 65 37 81 33 84 66 69 9 35 94 69 75 54 </linea>
			<linea fila="35" compresionDeCeros="true">(1) 54 75 69 94 35 9 69 66 84 33 81 37 65 29 8 8 8 8 8 8 8 8 8 8 8 8 8 8 8 8 8 8 8 8 8 29 65 37 81 33 84 66 69 9 35 94 69 75 54 </linea>
			<linea fila="34" compresionDeCeros="true">(1) 54 75 69 94 35 9 69 66 84 33 81 37 65 29 8 56 56 56 56 56 56 56 56 56 56 56 56 56 56 56 56 56 56 56 8 29 65 37 81 33 84 66 69 9 35 94 69 75 54 </linea>
			<linea fila="33" compresionDeCeros="true">(1) 54 75 69 94 35 9 69 66 84 33 81 37 65 29 8 56 28 28 28 28 28 28 28 28 28 28 28 28 28 28 28 28 28 56 8 29 65 37 81 33 84 66 69 9 35 94 69 75 54 </linea>
			<linea fila="32" compresionDeCeros="true">(1) 54 75 69 94 35 9 69 66 84 33 81 37 65 29 8 56 28 28 28 28 28 28 28 28 28 28 28 28 28 28 28 28 28 56 8 29 65 37 81 33 84 66 69 9 35 94 69 75 54 </linea>
			<linea fila="31" compresionDeCeros="true">(1) 54 75 69 94 35 9 69 66 84 33 81 37 65 29 8 56 28 28 33 33 33 33 33 33 33 33 33 33 33 33 33 28 28 56 8 29 65 37 81 33 84 66 69 9 35 94 69 75 54 </linea>
			<linea fila="30" compresionDeCeros="true">(1) 54 75 69 94 35 9 69 66 84 33 81 37 65 29 8 56 28 28 33 70 70 70 70 70 70 70 70 70 70 70 33 28 28 56 8 29 65 37 81 33 84 66 69 9 35 94 69 75 54 </linea>
			<linea fila="29" compresionDeCeros="true">(1) 54 75 69 94 35 9 69 66 84 33 81 37 65 29 8 56 28 28 33 70 89 89 89 89 89 89 89 89 89 70 33 28 28 56 8 29 65 37 81 33 84 66 69 9 35 94 69 75 54 </linea>
			<linea fila="28" compresionDeCeros="true">(1) 54 75 69 94 35 9 69 66 84 33 81 37 65 29 8 56 28 28 33 70 89 58 58 58 58 58 58 58 89 70 33 28 28 56 8 29 65 37 81 33 84 66 69 9 35 94 69 75 54 </linea>
			<linea fila="27" compresionDeCeros="true">(1) 54 75 69 94 35 9 69 66 84 33 81 37 65 29 8 56 28 28 33 70 89 58 25 25 25 25 25 58 89 70 33 28 28 56 8 29 65 37 81 33 84 66 69 9 35 94 69 75 54 </linea>
			<linea fila="26" compresionDeCeros="true">(1) 54 75 69 94 35 9 69 66 84 33 81 37 65 29 8 56 28 28 33 70 89 58 25 1 1 1 25 58 89 70 33 28 28 56 8 29 65 37 81 33 84 66 69 9 35 94 69 75 54 </linea>
			<linea fila="25" compresionDeCeros="true">(1) 54 75 69 94 35 9 69 66 84 33 81 37 65 29 8 56 28 28 33 70 89 58 25 1 99 1 25 58 89 70 33 28 28 56 8 29 65 37 81 33 84 66 69 9 35 94 69 75 54 </linea>
			<linea fila="24" compresionDeCeros="true">(1) 54 75 69 94 35 9 69 66 84 33 81 37 65 29 8 56 28 28 33 70 89 58 25 1 1 1 25 58 89 70 33 28 28 56 8 29 65 37 81 33 84 66 69 9 35 94 69 75 54 </linea>
			<linea fila="23" compresionDeCeros="true">(1) 54 75 69 94 35 9 69 66 84 33 81 37 65 29 8 56 28 28 33 70 89 58 25 25 25 25 25 58 89 70 33 28 28 56 8 29 65 37 81 33 84 66 69 9 35 94 69 75 54 </linea>
			<linea fila="22" compresionDeCeros="true">(1) 54 75 69 94 35 9 69 66 84 33 81 37 65 29 8 56 28 28 33 70 89 58 58 58 58 58 58 58 89 70 33 28 28 56 8 29 65 37 81 33 84 66 69 9 35 94 69 75 54 </linea>
			<linea fila="21" compresionDeCeros="true">(1) 54 75 69 94 35 9 69 66 84 33 81 37 65 29 8 56 28 28 33 70 89 89 89 89 89 89 89 89 89 70 33 28 28 56 8 29 65 37 81 33 84 66 69 9 35 94 69 75 54 </linea>
			<linea fila="20" compresionDeCeros="true">(1) 54 75 69 94 35 9 69 66 84 33 81 37 65 29 8 56 28 28 33 70 70 70 70 70 70 70 70 70 70 70 33 28 28 56 8 29 65 37 81 33 84 66 69 9 35 94 69 75 54 </linea>
			<linea fila="19" compresionDeCeros="true">(1) 54 75 69 94 35 9 69 66 84 33 81 37 65 29 8 56 28 28 33 33 33 33 33 33 33 33 33 33 33 33 33 28 28 56 8 29 65 37 81 33 84 66 69 9 35 94 69 75 54 </linea>
			<linea fila="18" compresionDeCeros="true">(1) 54 75 69 94 35 9 69 66 84 33 81 37 65 29 8 56 28 28 28 28 28 28 28 28 28 28 28 28 28 28 28 28 28 56 8 29 65 37 81 33 84 66 69 9 35 94 69 75 54 </linea>
			<linea fila="17" compresionDeCeros="true">(1) 54 75 69 94 35 9 69 66 84 33 81 37 65 29 8 56 28 28 28 28 28 28 28 28 28 28 28 28 28 28 28 28 28 56 8 29 65 37 81 33 84 66 69 9 35 94 69 75 54 </linea>
			<linea fila="16" compresionDeCeros="true">(1) 54 75 69 94 35 9 69 66 84 33 81 37 65 29 8 56 56 56 56 56 56 56 56 56 56 56 56 56 56 56 56 56 56 56 8 29 65 37 81 33 84 66 69 9 35 94 69 75 54 </linea>
			<linea fila="15" compresionDeCeros="true">(1) 54 75 69 94 35 9 69 66 84 33 81 37 65 29 8 8 8 8 8 8 8 8 8 8 8 8 8 8 8 8 8 8 8 8 8 29 65 37 81 33 84 66 69 9 35 94 69 75 54 </linea>
			<linea fila="14" compresionDeCeros="true">(1) 54 75 69 94 35 9 69 66 84 33 81 37 65 29 29 29 29 29 29 29 29 29 29 29 29 29 29 29 29 29 29 29 29 29 29 29 65 37 81 33 84 66 69 9 35 94 69 75 54 </linea>
			<linea fila="13" compresionDeCeros="true">(1) 54 75 69 94 35 9 69 66 84 33 81 37 65 65 65 65 65 65 65 65 65 65 65 65 65 65 65 65 65 65 65 65 65 65 65 65 65 37 81 33 84 66 69 9 35 94 69 75 54 </linea>
			<linea fila="12" compresionDeCeros="true">(1) 54 75 69 94 35 9 69 66 84 33 81 37 37 37 37 37 37 37 37 37 37 37 37 37 37 37 37 37 37 37 37 37 37 37 37 37 37 37 81 33 84 66 69 9 35 94 69 75 54 </linea>
			<linea fila="11" compresionDeCeros="true">(1) 54 75 69 94 35 9 69 66 84 33 81 81 81 81 81 81 81 81 81 81 81 81 81 81 81 81 81 81 81 81 81 81 81 81 81 81 81 81 81 33 84 66 69 9 35 94 69 75 54 </linea>
			<linea fila="10" compresionDeCeros="true">(1) 54 75 69 94 35 9 69 66 84 33 33 33 33 33 33 33 33 33 33 33 33 33 33 33 33 33 33 33 33 33 33 33 33 33 33 33 33 33 33 33 84 66 69 9 35 94 69 75 54 </linea>
			<linea fila="9" compresionDeCeros="true">(1) 54 75 69 94 35 9 69 66 84 84 84 84 84 84 84 84 84 84 84 84 84 84 84 84 84 84 84 84 84 84 84 84 84 84 84 84 84 84 84 84 84 66 69 9 35 94 69 75 54 </linea>
			<linea fila="8" compresionDeCeros="true">(1) 54 75 69 94 35 9 69 66 66 66 66 66 66 66 66 66 66 66 66 66 66 66 66 66 66 66 66 66 66 66 66 66 66 66 66 66 66 66 66 66 66 66 69 9 35 94 69 75 54 </linea>
			<linea fila="7" compresionDeCeros="true">(1) 54 75 69 94 35 9 69 69 69 69 69 69 69 69 69 69 69 69 69 69 69 69 69 69 69 69 69 69 69 69 69 69 69 69 69 69 69 69 69 69 69 69 69 9 35 94 69 75 54 </linea>
			<linea fila="6" compresionDeCeros="true">(1) 54 75 69 94 35 9 9 9 9 9 9 9 9 9 9 9 9 9 9 9 9 9 9 9 9 9 9 9 9 9 9 9 9 9 9 9 9 9 9 9 9 9 9 9 35 94 69 75 54 </linea>
			<linea fila="5" compresionDeCeros="true">(1) 54 75 69 94 35 35 35 35 35 35 35 35 35 35 35 35 35 35 35 35 35 35 35 35 35 35 35 35 35 35 35 35 35 35 35 35 35 35 35 35 35 35 35 35 35 94 69 75 54 </linea>
			<linea fila="4" compresionDeCeros="true">(1) 54 75 69 94 94 94 94 94 94 94 94 94 94 94 94 94 94 94 94 94 94 94 94 94 94 94 94 94 94 94 94 94 94 94 94 94 94 94 94 94 94 94 94 94 94 94 69 75 54 </linea>
			<linea fila="3" compresionDeCeros="true">(1) 54 75 69 69 69 69 69 69 69 69 69 69 69 69 69 69 69 69 69 69 69 69 69 69 69 69 69 69 69 69 69 69 69 69 69 69 69 69 69 69 69 69 69 69 69 69 69 75 54 </linea>
			<linea fila="2" compresionDeCeros="true">(1) 54 75 75 75 75 75 75 75 75 75 75 75 75 75 75 75 75 75 75 75 75 75 75 75 75 75 75 75 75 75 75 75 75 75 75 75 75 75 75 75 75 75 75 75 75 75 75 75 54 </linea>
			<linea fila="1" compresionDeCeros="true">(1) 54 54 54 54 54 54 54 54 54 54 54 54 54 54 54 54 54 54 54 54 54 54 54 54 54 54 54 54 54 54 54 54 54 54 54 54 54 54 54 54 54 54 54 54 54 54 54 54 54 </linea>
		</mundo>
	</mundos>
	<programas>
		<programa nombre="p1" resultadoEjecucion="FIN PROGRAMA"/>
	</programas>
</resultados>

