<resultados>
	<mundos>
		<mundo nombre="mundo_0">
			<linea fila="27" compresionDeCeros="true">(6) 1 1 1 1 1 1 1 1 1 1 1 </linea>
			<linea fila="26" compresionDeCeros="true">(6) 1 (8) 1 1 1 1 1 1 1 1 1 </linea>
			<linea fila="25" compresionDeCeros="true">(6) 1 (8) 1 (16) 1 </linea>
			<linea fila="24" compresionDeCeros="true">(6) 1 (8) 1 (10) 1 1 1 1 1 (16) 1 </linea>
			<linea fila="23" compresionDeCeros="true">(6) 1 (8) 1 (10) 1 (14) 1 (16) 1 </linea>
			<linea fila="22" compresionDeCeros="true">(6) 1 (8) 1 (10) 1 (12) 1 (14) 1 (16) 1 </linea>
			<linea fila="21" compresionDeCeros="true">(6) 1 (8) 1 (10) 1 1 1 (14) 1 (16) 1 </linea>
			<linea fila="20" compresionDeCeros="true">(6) 1 (8) 1 (14) 1 (16) 1 </linea>
			<linea fila="19" compresionDeCeros="true">(6) 1 (8) 1 1 1 1 1 1 1 (16) 1 </linea>
			<linea fila="18" compresionDeCeros="true">(6) 1 (16) 1 </linea>
			<linea fila="17" compresionDeCeros="true">(6) 1 1 1 1 1 1 1 1 1 1 1 </linea>
		</mundo>
	</mundos>
	<programas>
		<programa nombre="p1" resultadoEjecucion="FIN PROGRAMA"/>
	</programas>
</resultados>

