<resultados>
	<mundos>
		<mundo nombre="mundo_0">
			<linea fila="24" compresionDeCeros="true">(1) 1 </linea>
			<linea fila="23" compresionDeCeros="true">(1) 1 (3) 1 1 1 1 1 1 1 1 1 1 </linea>
			<linea fila="22" compresionDeCeros="true">(1) 1 (3) 1 (10) 1 1 1 </linea>
			<linea fila="21" compresionDeCeros="true">(1) 1 (3) 1 (7) 1 1 1 1 </linea>
			<linea fila="20" compresionDeCeros="true">(1) 1 (3) 1 (7) 1 (9) 1 1 </linea>
			<linea fila="19" compresionDeCeros="true">(1) 1 (3) 1 (7) 1 (9) 1 1 </linea>
			<linea fila="18" compresionDeCeros="true">(1) 1 (3) 1 (7) 1 (9) 1 1 </linea>
			<linea fila="17" compresionDeCeros="true">(1) 1 (3) 1 1 1 1 1 (9) 1 1 </linea>
			<linea fila="16" compresionDeCeros="true">(1) 1 (9) 1 1 </linea>
			<linea fila="15" compresionDeCeros="true">(1) 1 1 1 1 1 1 1 1 1 1 </linea>
			<linea fila="14" compresionDeCeros="true">(10) 1 </linea>
			<linea fila="13" compresionDeCeros="true">(10) 1 </linea>
		</mundo>
	</mundos>
	<programas>
		<programa nombre="p1" resultadoEjecucion="FIN PROGRAMA"/>
	</programas>
</resultados>

